{"type":"operationStart","subtype":"profile","data":{"_id":"dB4l71uvEDsISdSm","timestamp":"2023-04-10T05:16:26.810Z","state":"queued","mode":"standard","creationDate":"2023-04-10T05:16:26.815Z","modificationDate":"2023-04-10T05:16:26.815Z","shortid":"7vGX7NI","$entitySet":"profiles"},"doDiffs":false,"timestamp":1681103786812,"id":"k4erqiafhj38vf9","previousOperationId":null,"operationId":"q02ffvhifjujxgb"}
{"type":"log","level":"info","message":"Render request 1 queued for execution and waiting for available worker","previousOperationId":"q02ffvhifjujxgb","timestamp":1681103786813,"id":"3ftnot9ttfubqyg"}
{"type":"operationStart","subtype":"render","name":"orders-header","previousOperationId":"q02ffvhifjujxgb","timestamp":1681103786849,"id":"vk9vt2hrhieylbx","previousEventId":"k4erqiafhj38vf9","operationId":"dgpyhdcbb4xbnng"}
{"type":"log","timestamp":1681103786851,"level":"info","message":"Starting rendering request 1","meta":{"rootId":"ycreryklgmh45gx","id":"ycreryklgmh45gx"},"id":"zjfn5biv1j1paox","previousOperationId":"dgpyhdcbb4xbnng"}
{"type":"log","timestamp":1681103786854,"level":"info","message":"Rendering template { name: orders-header, recipe: chrome-pdf, engine: handlebars, preview: true }","meta":{"rootId":"ycreryklgmh45gx","id":"ycreryklgmh45gx"},"id":"ecnw6u731knubx6","previousOperationId":"dgpyhdcbb4xbnng"}
{"type":"log","timestamp":1681103786859,"level":"debug","message":"Data item not defined for this template.","meta":{"rootId":"ycreryklgmh45gx","id":"ycreryklgmh45gx"},"id":"qwyerixbj324rxi","previousOperationId":"dgpyhdcbb4xbnng"}
{"type":"log","timestamp":1681103786865,"level":"debug","message":"Base url not specified, skipping its injection.","meta":{"rootId":"ycreryklgmh45gx","id":"ycreryklgmh45gx"},"id":"outzsjxeupw74qb","previousOperationId":"dgpyhdcbb4xbnng"}
{"type":"operationStart","subtype":"engine","name":"handlebars","timestamp":1681103786867,"id":"cptvfn0u3pqawsh","previousEventId":"vk9vt2hrhieylbx","operationId":"zompjaarilvqeff","previousOperationId":"dgpyhdcbb4xbnng"}
{"type":"log","timestamp":1681103786867,"level":"debug","message":"Rendering engine handlebars","meta":{"rootId":"ycreryklgmh45gx","id":"ycreryklgmh45gx"},"id":"ugor5ozf5sli9mv","previousOperationId":"zompjaarilvqeff"}
{"type":"operationEnd","operationId":"zompjaarilvqeff","timestamp":1681103788924,"id":"ruyrhsox2749sqf","previousEventId":"cptvfn0u3pqawsh","previousOperationId":"zompjaarilvqeff"}
{"type":"operationStart","subtype":"recipe","name":"chrome-pdf","timestamp":1681103788925,"id":"18jmgu928ilqczy","previousEventId":"ruyrhsox2749sqf","operationId":"jeprzu14to1axcz","previousOperationId":"zompjaarilvqeff"}
{"type":"log","timestamp":1681103788925,"level":"debug","message":"Executing recipe chrome-pdf","meta":{"rootId":"ycreryklgmh45gx","id":"ycreryklgmh45gx"},"id":"61hqu30bmf4wn09","previousOperationId":"jeprzu14to1axcz"}
{"type":"log","timestamp":1681103791517,"level":"debug","message":"Converting with chrome HeadlessChrome/105.0.5173.0 using chrome-pool strategy","meta":{"rootId":"ycreryklgmh45gx","id":"ycreryklgmh45gx"},"id":"feshr2268ro2zps","previousOperationId":"jeprzu14to1axcz"}
{"type":"log","timestamp":1681103792683,"level":"debug","message":"Page request: GET (document) file:///C:/Users/puran/AppData/Local/Temp/jsreport/autocleanup/246fd244-2f59-446c-a917-8a62b0cef5e8-chrome-pdf.html","meta":{"rootId":"ycreryklgmh45gx","id":"ycreryklgmh45gx"},"id":"3p8qhp6w3lxekii","previousOperationId":"jeprzu14to1axcz"}
{"type":"log","timestamp":1681103792764,"level":"debug","message":"Page request finished: GET (document) 200 file:///C:/Users/puran/AppData/Local/Temp/jsreport/autocleanup/246fd244-2f59-446c-a917-8a62b0cef5e8-chrome-pdf.html","meta":{"rootId":"ycreryklgmh45gx","id":"ycreryklgmh45gx"},"id":"96kzi80clit4on2","previousOperationId":"jeprzu14to1axcz"}
{"type":"log","timestamp":1681103792765,"level":"debug","message":"Page request: GET (stylesheet) https://cdnjs.cloudflare.com/ajax/libs/metro/4.1.5/css/metro.min.css","meta":{"rootId":"ycreryklgmh45gx","id":"ycreryklgmh45gx"},"id":"nqrrrx5tpoj6r1s","previousOperationId":"jeprzu14to1axcz"}
{"type":"log","timestamp":1681103795999,"level":"debug","message":"Page request finished: GET (stylesheet) 200 https://cdnjs.cloudflare.com/ajax/libs/metro/4.1.5/css/metro.min.css","meta":{"rootId":"ycreryklgmh45gx","id":"ycreryklgmh45gx"},"id":"k08quala3m53821","previousOperationId":"jeprzu14to1axcz"}
{"type":"log","timestamp":1681103796012,"level":"debug","message":"Running chrome with params {\"printBackground\":true,\"marginTop\":\"1.5cm\",\"marginRight\":\"1.5cm\",\"marginLeft\":\"1.cm\",\"timeout\":57626,\"margin\":{\"top\":\"1.5cm\",\"right\":\"1.5cm\",\"left\":\"1.cm\"}}","meta":{"rootId":"ycreryklgmh45gx","id":"ycreryklgmh45gx"},"id":"8qu0d6020ao449j","previousOperationId":"jeprzu14to1axcz"}
{"type":"operationEnd","operationId":"jeprzu14to1axcz","timestamp":1681103796063,"id":"3qe4bpqgng8uswu","previousEventId":"18jmgu928ilqczy","previousOperationId":"jeprzu14to1axcz"}
{"type":"log","timestamp":1681103796064,"level":"debug","message":"Skipping storing report.","meta":{"rootId":"ycreryklgmh45gx","id":"ycreryklgmh45gx"},"id":"iktnnqscq95gvgd","previousOperationId":"jeprzu14to1axcz"}
{"type":"log","timestamp":1681103796065,"level":"info","message":"Rendering request 1 finished in 9255 ms","meta":{"rootId":"ycreryklgmh45gx","id":"ycreryklgmh45gx"},"id":"3kscb7s6p2nihdi","previousOperationId":"jeprzu14to1axcz"}
{"type":"operationEnd","subtype":"render","operationId":"dgpyhdcbb4xbnng","timestamp":1681103796065,"id":"lwo8cjy9um64e4x","previousEventId":"3qe4bpqgng8uswu","previousOperationId":"jeprzu14to1axcz"}
{"type":"operationEnd","doDiffs":false,"previousEventId":"k4erqiafhj38vf9","previousOperationId":"q02ffvhifjujxgb","operationId":"q02ffvhifjujxgb","timestamp":1681103796080,"id":"9uhhj19mnv6ejfc"}
