{"type":"operationStart","subtype":"profile","data":{"_id":"EU9IHPQMy6gvrekQ","timestamp":"2023-04-12T08:44:15.721Z","state":"queued","mode":"standard","timeout":60000,"creationDate":"2023-04-12T08:44:15.723Z","modificationDate":"2023-04-12T08:44:15.723Z","shortid":"wBtjt8Q","$entitySet":"profiles"},"doDiffs":false,"timestamp":1681289055722,"id":"aqusr0e0iuyc2kx","previousOperationId":null,"operationId":"hn895iker3u73np"}
{"type":"log","level":"info","message":"Render request 77 queued for execution and waiting for available worker","previousOperationId":"hn895iker3u73np","timestamp":1681289055722,"id":"f3ltvk16ezaxr1d"}
{"type":"operationStart","subtype":"render","name":"BOSCH","previousOperationId":"hn895iker3u73np","timestamp":1681289055731,"id":"f08w3s4ascyqczw","previousEventId":"aqusr0e0iuyc2kx","operationId":"6s6o4tsdsj6jll4"}
{"type":"log","timestamp":1681289055731,"level":"info","message":"Starting rendering request 77","meta":{"rootId":"2ey13vxjhr56kmo","id":"2ey13vxjhr56kmo"},"id":"yr4y4qkcwqdw92h","previousOperationId":"6s6o4tsdsj6jll4"}
{"type":"log","timestamp":1681289055731,"level":"info","message":"Rendering template { name: BOSCH, recipe: chrome-pdf, engine: handlebars, preview: false }","meta":{"rootId":"2ey13vxjhr56kmo","id":"2ey13vxjhr56kmo"},"id":"pgjbwwtsvrst32p","previousOperationId":"6s6o4tsdsj6jll4"}
{"type":"log","timestamp":1681289055732,"level":"debug","message":"Inline data specified.","meta":{"rootId":"2ey13vxjhr56kmo","id":"2ey13vxjhr56kmo"},"id":"wtntmyc0gljjyb8","previousOperationId":"6s6o4tsdsj6jll4"}
{"type":"log","timestamp":1681289055734,"level":"debug","message":"Base url not specified, skipping its injection.","meta":{"rootId":"2ey13vxjhr56kmo","id":"2ey13vxjhr56kmo"},"id":"p6txtpl52p3gal1","previousOperationId":"6s6o4tsdsj6jll4"}
{"type":"operationStart","subtype":"engine","name":"handlebars","timestamp":1681289055734,"id":"bgojmdw48fskgt8","previousEventId":"f08w3s4ascyqczw","operationId":"zocfikcopnpjvld","previousOperationId":"6s6o4tsdsj6jll4"}
{"type":"log","timestamp":1681289055734,"level":"debug","message":"Rendering engine handlebars","meta":{"rootId":"2ey13vxjhr56kmo","id":"2ey13vxjhr56kmo"},"id":"kq38u0lfnsy0r4h","previousOperationId":"zocfikcopnpjvld"}
{"type":"operationEnd","operationId":"zocfikcopnpjvld","timestamp":1681289055748,"id":"a9hs777qpqclfzi","previousEventId":"bgojmdw48fskgt8","previousOperationId":"zocfikcopnpjvld"}
{"type":"operationStart","subtype":"recipe","name":"chrome-pdf","timestamp":1681289055748,"id":"cf99rvit5c3ps3l","previousEventId":"a9hs777qpqclfzi","operationId":"r29gowp3n1ekp7h","previousOperationId":"zocfikcopnpjvld"}
{"type":"log","timestamp":1681289055748,"level":"debug","message":"Executing recipe chrome-pdf","meta":{"rootId":"2ey13vxjhr56kmo","id":"2ey13vxjhr56kmo"},"id":"megrnzth9314qgq","previousOperationId":"r29gowp3n1ekp7h"}
{"type":"log","timestamp":1681289055752,"level":"debug","message":"Converting with chrome HeadlessChrome/105.0.5173.0 using chrome-pool strategy","meta":{"rootId":"2ey13vxjhr56kmo","id":"2ey13vxjhr56kmo"},"id":"ucn64zi8iwkrvzk","previousOperationId":"r29gowp3n1ekp7h"}
{"type":"log","timestamp":1681289056869,"level":"debug","message":"Page request: GET (document) file:///C:/Users/puran/AppData/Local/Temp/jsreport/autocleanup/960184d2-329c-4bbd-9f62-bb1035705268-chrome-pdf.html","meta":{"rootId":"2ey13vxjhr56kmo","id":"2ey13vxjhr56kmo"},"id":"t0ocqqlu7y4hdhp","previousOperationId":"r29gowp3n1ekp7h"}
{"type":"log","timestamp":1681289056882,"level":"debug","message":"Page request finished: GET (document) 200 file:///C:/Users/puran/AppData/Local/Temp/jsreport/autocleanup/960184d2-329c-4bbd-9f62-bb1035705268-chrome-pdf.html","meta":{"rootId":"2ey13vxjhr56kmo","id":"2ey13vxjhr56kmo"},"id":"n4jlbty4gi8hvn5","previousOperationId":"r29gowp3n1ekp7h"}
{"type":"log","timestamp":1681289056893,"level":"debug","message":"Running chrome with params {\"printBackground\":true,\"timeout\":59969,\"margin\":{}}","meta":{"rootId":"2ey13vxjhr56kmo","id":"2ey13vxjhr56kmo"},"id":"4u40bdnsighwwoz","previousOperationId":"r29gowp3n1ekp7h"}
{"type":"operationEnd","operationId":"r29gowp3n1ekp7h","timestamp":1681289056911,"id":"o4q79afe1tghw6b","previousEventId":"cf99rvit5c3ps3l","previousOperationId":"r29gowp3n1ekp7h"}
{"type":"log","timestamp":1681289056911,"level":"debug","message":"Skipping storing report.","meta":{"rootId":"2ey13vxjhr56kmo","id":"2ey13vxjhr56kmo"},"id":"2aucplu131f4wtu","previousOperationId":"r29gowp3n1ekp7h"}
{"type":"log","timestamp":1681289056911,"level":"info","message":"Rendering request 77 finished in 1191 ms","meta":{"rootId":"2ey13vxjhr56kmo","id":"2ey13vxjhr56kmo"},"id":"7telkgsp1a28nxf","previousOperationId":"r29gowp3n1ekp7h"}
{"type":"operationEnd","subtype":"render","operationId":"6s6o4tsdsj6jll4","timestamp":1681289056911,"id":"qwiwy0tswr3txxj","previousEventId":"o4q79afe1tghw6b","previousOperationId":"r29gowp3n1ekp7h"}
{"type":"operationEnd","doDiffs":false,"previousEventId":"aqusr0e0iuyc2kx","previousOperationId":"hn895iker3u73np","operationId":"hn895iker3u73np","timestamp":1681289056913,"id":"434eu117sh0ac6e"}
