{"type":"operationStart","subtype":"profile","data":{"_id":"q7JGnwfNjhp0lz8B","timestamp":"2023-04-12T08:44:34.479Z","state":"queued","mode":"standard","timeout":60000,"creationDate":"2023-04-12T08:44:34.480Z","modificationDate":"2023-04-12T08:44:34.480Z","shortid":"gUw9-jg","$entitySet":"profiles"},"doDiffs":false,"timestamp":1681289074480,"id":"eev3h0sp7hqdqtn","previousOperationId":null,"operationId":"zqyoqkt1mxwoncd"}
{"type":"log","level":"info","message":"Render request 79 queued for execution and waiting for available worker","previousOperationId":"zqyoqkt1mxwoncd","timestamp":1681289074480,"id":"1hqqm3jvahc613l"}
{"type":"operationStart","subtype":"render","name":"BOSCH","previousOperationId":"zqyoqkt1mxwoncd","timestamp":1681289074489,"id":"85i0fgdnfzrgj9t","previousEventId":"eev3h0sp7hqdqtn","operationId":"ouugqguqliaaogc"}
{"type":"log","timestamp":1681289074490,"level":"info","message":"Starting rendering request 79","meta":{"rootId":"7ixkaatcc2b0kv0","id":"7ixkaatcc2b0kv0"},"id":"todudwawwdogj59","previousOperationId":"ouugqguqliaaogc"}
{"type":"log","timestamp":1681289074491,"level":"info","message":"Rendering template { name: BOSCH, recipe: chrome-pdf, engine: none, preview: false }","meta":{"rootId":"7ixkaatcc2b0kv0","id":"7ixkaatcc2b0kv0"},"id":"9we8fp78evld4so","previousOperationId":"ouugqguqliaaogc"}
{"type":"log","timestamp":1681289074492,"level":"debug","message":"Inline data specified.","meta":{"rootId":"7ixkaatcc2b0kv0","id":"7ixkaatcc2b0kv0"},"id":"i0484yv75itui23","previousOperationId":"ouugqguqliaaogc"}
{"type":"log","timestamp":1681289074499,"level":"debug","message":"Base url not specified, skipping its injection.","meta":{"rootId":"7ixkaatcc2b0kv0","id":"7ixkaatcc2b0kv0"},"id":"9oavzu574jmzymw","previousOperationId":"ouugqguqliaaogc"}
{"type":"operationStart","subtype":"engine","name":"none","timestamp":1681289074499,"id":"v7g5mtkyjor2f5j","previousEventId":"85i0fgdnfzrgj9t","operationId":"gprvwespqtsldq3","previousOperationId":"ouugqguqliaaogc"}
{"type":"log","timestamp":1681289074499,"level":"debug","message":"Rendering engine none","meta":{"rootId":"7ixkaatcc2b0kv0","id":"7ixkaatcc2b0kv0"},"id":"rekc8mvt2rwnx6e","previousOperationId":"gprvwespqtsldq3"}
{"type":"operationEnd","operationId":"gprvwespqtsldq3","timestamp":1681289074511,"id":"a76mxvx9huzys4o","previousEventId":"v7g5mtkyjor2f5j","previousOperationId":"gprvwespqtsldq3"}
{"type":"operationStart","subtype":"recipe","name":"chrome-pdf","timestamp":1681289074511,"id":"ahhnhfabf09kgpg","previousEventId":"a76mxvx9huzys4o","operationId":"rr7dro5wijddoq6","previousOperationId":"gprvwespqtsldq3"}
{"type":"log","timestamp":1681289074511,"level":"debug","message":"Executing recipe chrome-pdf","meta":{"rootId":"7ixkaatcc2b0kv0","id":"7ixkaatcc2b0kv0"},"id":"f7hkuc85die55lg","previousOperationId":"rr7dro5wijddoq6"}
{"type":"log","timestamp":1681289074515,"level":"debug","message":"Converting with chrome HeadlessChrome/105.0.5173.0 using chrome-pool strategy","meta":{"rootId":"7ixkaatcc2b0kv0","id":"7ixkaatcc2b0kv0"},"id":"5p2kb3u3po3plwd","previousOperationId":"rr7dro5wijddoq6"}
{"type":"log","timestamp":1681289075232,"level":"debug","message":"Page request: GET (document) file:///C:/Users/puran/AppData/Local/Temp/jsreport/autocleanup/2856232c-8069-40d5-8bd6-997947c2c616-chrome-pdf.html","meta":{"rootId":"7ixkaatcc2b0kv0","id":"7ixkaatcc2b0kv0"},"id":"5qb0av4vavm7o11","previousOperationId":"rr7dro5wijddoq6"}
{"type":"log","timestamp":1681289075249,"level":"debug","message":"Page request finished: GET (document) 200 file:///C:/Users/puran/AppData/Local/Temp/jsreport/autocleanup/2856232c-8069-40d5-8bd6-997947c2c616-chrome-pdf.html","meta":{"rootId":"7ixkaatcc2b0kv0","id":"7ixkaatcc2b0kv0"},"id":"6jfc8y5pprdu5ne","previousOperationId":"rr7dro5wijddoq6"}
{"type":"log","timestamp":1681289075266,"level":"debug","message":"Running chrome with params {\"printBackground\":true,\"timeout\":59965,\"margin\":{}}","meta":{"rootId":"7ixkaatcc2b0kv0","id":"7ixkaatcc2b0kv0"},"id":"eqeld1bokotvgyf","previousOperationId":"rr7dro5wijddoq6"}
{"type":"operationEnd","operationId":"rr7dro5wijddoq6","timestamp":1681289075299,"id":"oqr57wjrl08bv2t","previousEventId":"ahhnhfabf09kgpg","previousOperationId":"rr7dro5wijddoq6"}
{"type":"log","timestamp":1681289075299,"level":"debug","message":"Skipping storing report.","meta":{"rootId":"7ixkaatcc2b0kv0","id":"7ixkaatcc2b0kv0"},"id":"0qer2f894wmwvv4","previousOperationId":"rr7dro5wijddoq6"}
{"type":"log","timestamp":1681289075299,"level":"info","message":"Rendering request 79 finished in 820 ms","meta":{"rootId":"7ixkaatcc2b0kv0","id":"7ixkaatcc2b0kv0"},"id":"azof1kp6ake0o8e","previousOperationId":"rr7dro5wijddoq6"}
{"type":"operationEnd","subtype":"render","operationId":"ouugqguqliaaogc","timestamp":1681289075299,"id":"gmtapv1yp6qvu23","previousEventId":"oqr57wjrl08bv2t","previousOperationId":"rr7dro5wijddoq6"}
{"type":"operationEnd","doDiffs":false,"previousEventId":"eev3h0sp7hqdqtn","previousOperationId":"zqyoqkt1mxwoncd","operationId":"zqyoqkt1mxwoncd","timestamp":1681289075301,"id":"ljs61snaf5yt4vd"}
