{"type":"operationStart","subtype":"profile","data":{"_id":"YjSViCkul3cVrC3D","timestamp":"2023-04-12T08:44:07.014Z","state":"queued","mode":"standard","timeout":60000,"creationDate":"2023-04-12T08:44:07.016Z","modificationDate":"2023-04-12T08:44:07.016Z","shortid":"cRFnEcd","$entitySet":"profiles"},"doDiffs":false,"timestamp":1681289047015,"id":"wcg0k4yb6kp24xl","previousOperationId":null,"operationId":"yh8oopjzti2hvco"}
{"type":"log","level":"info","message":"Render request 76 queued for execution and waiting for available worker","previousOperationId":"yh8oopjzti2hvco","timestamp":1681289047015,"id":"4ytcemam7v4eglm"}
{"type":"operationStart","subtype":"render","name":"BOSCH","previousOperationId":"yh8oopjzti2hvco","timestamp":1681289047026,"id":"ydfzkuv3hk5asqn","previousEventId":"wcg0k4yb6kp24xl","operationId":"bkvt7vp73qkpshr"}
{"type":"log","timestamp":1681289047026,"level":"info","message":"Starting rendering request 76","meta":{"rootId":"fq3jgn5tyko6twl","id":"fq3jgn5tyko6twl"},"id":"rtnowoederyoaod","previousOperationId":"bkvt7vp73qkpshr"}
{"type":"log","timestamp":1681289047026,"level":"info","message":"Rendering template { name: BOSCH, recipe: chrome-pdf, engine: handlebars, preview: false }","meta":{"rootId":"fq3jgn5tyko6twl","id":"fq3jgn5tyko6twl"},"id":"ztyibsechzuw0nc","previousOperationId":"bkvt7vp73qkpshr"}
{"type":"log","timestamp":1681289047028,"level":"debug","message":"Inline data specified.","meta":{"rootId":"fq3jgn5tyko6twl","id":"fq3jgn5tyko6twl"},"id":"u0louh9ugb579kd","previousOperationId":"bkvt7vp73qkpshr"}
{"type":"log","timestamp":1681289047034,"level":"debug","message":"Base url not specified, skipping its injection.","meta":{"rootId":"fq3jgn5tyko6twl","id":"fq3jgn5tyko6twl"},"id":"7v05da5m4c6odi4","previousOperationId":"bkvt7vp73qkpshr"}
{"type":"operationStart","subtype":"engine","name":"handlebars","timestamp":1681289047034,"id":"dthff7oqbu8fi4l","previousEventId":"ydfzkuv3hk5asqn","operationId":"gy44mbm2nwqoe2c","previousOperationId":"bkvt7vp73qkpshr"}
{"type":"log","timestamp":1681289047034,"level":"debug","message":"Rendering engine handlebars","meta":{"rootId":"fq3jgn5tyko6twl","id":"fq3jgn5tyko6twl"},"id":"1k654c64zpb67gd","previousOperationId":"gy44mbm2nwqoe2c"}
{"type":"operationEnd","operationId":"gy44mbm2nwqoe2c","timestamp":1681289047047,"id":"uo7cyfgg64d88et","previousEventId":"dthff7oqbu8fi4l","previousOperationId":"gy44mbm2nwqoe2c"}
{"type":"operationStart","subtype":"recipe","name":"chrome-pdf","timestamp":1681289047048,"id":"t35p3nt0xx4wz7j","previousEventId":"uo7cyfgg64d88et","operationId":"nrqt8oqtm8egw0y","previousOperationId":"gy44mbm2nwqoe2c"}
{"type":"log","timestamp":1681289047048,"level":"debug","message":"Executing recipe chrome-pdf","meta":{"rootId":"fq3jgn5tyko6twl","id":"fq3jgn5tyko6twl"},"id":"03qj1l63v2qtd9x","previousOperationId":"nrqt8oqtm8egw0y"}
{"type":"log","timestamp":1681289047235,"level":"debug","message":"Converting with chrome HeadlessChrome/105.0.5173.0 using chrome-pool strategy","meta":{"rootId":"fq3jgn5tyko6twl","id":"fq3jgn5tyko6twl"},"id":"wjr9vb4sn2fvqek","previousOperationId":"nrqt8oqtm8egw0y"}
{"type":"log","timestamp":1681289051630,"level":"debug","message":"Page request: GET (document) file:///C:/Users/puran/AppData/Local/Temp/jsreport/autocleanup/91b01d17-df2d-4db9-900c-3012a98ed8ce-chrome-pdf.html","meta":{"rootId":"fq3jgn5tyko6twl","id":"fq3jgn5tyko6twl"},"id":"2rtxe59tz7t62sv","previousOperationId":"nrqt8oqtm8egw0y"}
{"type":"log","timestamp":1681289051657,"level":"debug","message":"Page request finished: GET (document) 200 file:///C:/Users/puran/AppData/Local/Temp/jsreport/autocleanup/91b01d17-df2d-4db9-900c-3012a98ed8ce-chrome-pdf.html","meta":{"rootId":"fq3jgn5tyko6twl","id":"fq3jgn5tyko6twl"},"id":"g59y7djy6vgdxj5","previousOperationId":"nrqt8oqtm8egw0y"}
{"type":"log","timestamp":1681289051670,"level":"debug","message":"Running chrome with params {\"printBackground\":true,\"timeout\":59963,\"margin\":{}}","meta":{"rootId":"fq3jgn5tyko6twl","id":"fq3jgn5tyko6twl"},"id":"7lwvu3ye40aj3bw","previousOperationId":"nrqt8oqtm8egw0y"}
{"type":"operationEnd","operationId":"nrqt8oqtm8egw0y","timestamp":1681289051736,"id":"ge2njreiayobdtq","previousEventId":"t35p3nt0xx4wz7j","previousOperationId":"nrqt8oqtm8egw0y"}
{"type":"log","timestamp":1681289051736,"level":"debug","message":"Skipping storing report.","meta":{"rootId":"fq3jgn5tyko6twl","id":"fq3jgn5tyko6twl"},"id":"2z3wtsqx1pwnyyk","previousOperationId":"nrqt8oqtm8egw0y"}
{"type":"log","timestamp":1681289051736,"level":"info","message":"Rendering request 76 finished in 4722 ms","meta":{"rootId":"fq3jgn5tyko6twl","id":"fq3jgn5tyko6twl"},"id":"kzw3auj72755uud","previousOperationId":"nrqt8oqtm8egw0y"}
{"type":"operationEnd","subtype":"render","operationId":"bkvt7vp73qkpshr","timestamp":1681289051736,"id":"ms33sn0m1gsk2zo","previousEventId":"ge2njreiayobdtq","previousOperationId":"nrqt8oqtm8egw0y"}
{"type":"operationEnd","doDiffs":false,"previousEventId":"wcg0k4yb6kp24xl","previousOperationId":"yh8oopjzti2hvco","operationId":"yh8oopjzti2hvco","timestamp":1681289051740,"id":"k9yamnislfxhh9f"}
