{"type":"operationStart","subtype":"profile","data":{"_id":"bSb2Iy3vlU4y7uDq","timestamp":"2023-04-12T08:44:31.832Z","state":"queued","mode":"standard","timeout":60000,"creationDate":"2023-04-12T08:44:31.833Z","modificationDate":"2023-04-12T08:44:31.833Z","shortid":"vQM0kZb","$entitySet":"profiles"},"doDiffs":false,"timestamp":1681289071833,"id":"3mdosyidp4x21vx","previousOperationId":null,"operationId":"4bfv8qnkjlgu6xo"}
{"type":"log","level":"info","message":"Render request 78 queued for execution and waiting for available worker","previousOperationId":"4bfv8qnkjlgu6xo","timestamp":1681289071833,"id":"rwdztt84gnlyijz"}
{"type":"operationStart","subtype":"render","name":"BOSCH","previousOperationId":"4bfv8qnkjlgu6xo","timestamp":1681289071843,"id":"83ssrbp9iveio32","previousEventId":"3mdosyidp4x21vx","operationId":"m04ebqa2685xw3v"}
{"type":"log","timestamp":1681289071843,"level":"info","message":"Starting rendering request 78","meta":{"rootId":"vl8n0b4i5hz3ky1","id":"vl8n0b4i5hz3ky1"},"id":"quaazgvqezedc7o","previousOperationId":"m04ebqa2685xw3v"}
{"type":"log","timestamp":1681289071843,"level":"info","message":"Rendering template { name: BOSCH, recipe: chrome-pdf, engine: none, preview: false }","meta":{"rootId":"vl8n0b4i5hz3ky1","id":"vl8n0b4i5hz3ky1"},"id":"e70yyhs8f21dzgi","previousOperationId":"m04ebqa2685xw3v"}
{"type":"log","timestamp":1681289071844,"level":"debug","message":"Inline data specified.","meta":{"rootId":"vl8n0b4i5hz3ky1","id":"vl8n0b4i5hz3ky1"},"id":"aos7hek7b0mxsbc","previousOperationId":"m04ebqa2685xw3v"}
{"type":"log","timestamp":1681289071846,"level":"debug","message":"Base url not specified, skipping its injection.","meta":{"rootId":"vl8n0b4i5hz3ky1","id":"vl8n0b4i5hz3ky1"},"id":"4vb9idalvmyoxkh","previousOperationId":"m04ebqa2685xw3v"}
{"type":"operationStart","subtype":"engine","name":"none","timestamp":1681289071846,"id":"rsed9bfiwyj0p9v","previousEventId":"83ssrbp9iveio32","operationId":"4s4tt4dn5b609vj","previousOperationId":"m04ebqa2685xw3v"}
{"type":"log","timestamp":1681289071846,"level":"debug","message":"Rendering engine none","meta":{"rootId":"vl8n0b4i5hz3ky1","id":"vl8n0b4i5hz3ky1"},"id":"j5n26iremv3afln","previousOperationId":"4s4tt4dn5b609vj"}
{"type":"operationEnd","operationId":"4s4tt4dn5b609vj","timestamp":1681289071858,"id":"wir0fypd250qo04","previousEventId":"rsed9bfiwyj0p9v","previousOperationId":"4s4tt4dn5b609vj"}
{"type":"operationStart","subtype":"recipe","name":"chrome-pdf","timestamp":1681289071858,"id":"958s9q51cjrnizx","previousEventId":"wir0fypd250qo04","operationId":"7zzzq7wxgs0mh9x","previousOperationId":"4s4tt4dn5b609vj"}
{"type":"log","timestamp":1681289071858,"level":"debug","message":"Executing recipe chrome-pdf","meta":{"rootId":"vl8n0b4i5hz3ky1","id":"vl8n0b4i5hz3ky1"},"id":"7hz4z9e8ra2w0k4","previousOperationId":"7zzzq7wxgs0mh9x"}
{"type":"log","timestamp":1681289071860,"level":"debug","message":"Converting with chrome HeadlessChrome/105.0.5173.0 using chrome-pool strategy","meta":{"rootId":"vl8n0b4i5hz3ky1","id":"vl8n0b4i5hz3ky1"},"id":"b3uk0w5ejkdeiqh","previousOperationId":"7zzzq7wxgs0mh9x"}
{"type":"log","timestamp":1681289072542,"level":"debug","message":"Page request: GET (document) file:///C:/Users/puran/AppData/Local/Temp/jsreport/autocleanup/4271a7ea-2bd4-451f-bec1-4bcba0ea21dc-chrome-pdf.html","meta":{"rootId":"vl8n0b4i5hz3ky1","id":"vl8n0b4i5hz3ky1"},"id":"xxqzhldwf97lk8j","previousOperationId":"7zzzq7wxgs0mh9x"}
{"type":"log","timestamp":1681289072556,"level":"debug","message":"Page request finished: GET (document) 200 file:///C:/Users/puran/AppData/Local/Temp/jsreport/autocleanup/4271a7ea-2bd4-451f-bec1-4bcba0ea21dc-chrome-pdf.html","meta":{"rootId":"vl8n0b4i5hz3ky1","id":"vl8n0b4i5hz3ky1"},"id":"lvmf8yxyzu51grj","previousOperationId":"7zzzq7wxgs0mh9x"}
{"type":"log","timestamp":1681289072568,"level":"debug","message":"Running chrome with params {\"printBackground\":true,\"timeout\":59972,\"margin\":{}}","meta":{"rootId":"vl8n0b4i5hz3ky1","id":"vl8n0b4i5hz3ky1"},"id":"lmdpzu2y0pmppkk","previousOperationId":"7zzzq7wxgs0mh9x"}
{"type":"operationEnd","operationId":"7zzzq7wxgs0mh9x","timestamp":1681289072590,"id":"mce4lxkz09k5mcb","previousEventId":"958s9q51cjrnizx","previousOperationId":"7zzzq7wxgs0mh9x"}
{"type":"log","timestamp":1681289072590,"level":"debug","message":"Skipping storing report.","meta":{"rootId":"vl8n0b4i5hz3ky1","id":"vl8n0b4i5hz3ky1"},"id":"unc5pv07k1osgdm","previousOperationId":"7zzzq7wxgs0mh9x"}
{"type":"log","timestamp":1681289072591,"level":"info","message":"Rendering request 78 finished in 760 ms","meta":{"rootId":"vl8n0b4i5hz3ky1","id":"vl8n0b4i5hz3ky1"},"id":"sjnjhmxooxrkdny","previousOperationId":"7zzzq7wxgs0mh9x"}
{"type":"operationEnd","subtype":"render","operationId":"m04ebqa2685xw3v","timestamp":1681289072591,"id":"wbo087spmu6vmmr","previousEventId":"mce4lxkz09k5mcb","previousOperationId":"7zzzq7wxgs0mh9x"}
{"type":"operationEnd","doDiffs":false,"previousEventId":"3mdosyidp4x21vx","previousOperationId":"4bfv8qnkjlgu6xo","operationId":"4bfv8qnkjlgu6xo","timestamp":1681289072594,"id":"38gud4spjv4nma4"}
