{"type":"operationStart","subtype":"profile","data":{"_id":"wLcTEg7cCEe67VN3","timestamp":"2023-04-10T05:18:43.026Z","state":"queued","mode":"standard","creationDate":"2023-04-10T05:18:43.031Z","modificationDate":"2023-04-10T05:18:43.031Z","shortid":"Djiq0kf","$entitySet":"profiles"},"doDiffs":false,"timestamp":1681103923028,"id":"mdfraabevkdvotv","previousOperationId":null,"operationId":"u1xv84e59x4itj4"}
{"type":"log","level":"info","message":"Render request 3 queued for execution and waiting for available worker","previousOperationId":"u1xv84e59x4itj4","timestamp":1681103923029,"id":"qbxvpolues6i7sh"}
{"type":"operationStart","subtype":"render","name":"anonymous","previousOperationId":"u1xv84e59x4itj4","timestamp":1681103923041,"id":"6kmtk1y872v2qei","previousEventId":"mdfraabevkdvotv","operationId":"9i0r0li7yekuwjs"}
{"type":"log","timestamp":1681103923041,"level":"info","message":"Starting rendering request 3","meta":{"rootId":"1evlhkwdvu76ica","id":"1evlhkwdvu76ica"},"id":"46e1jpt3h4f02zi","previousOperationId":"9i0r0li7yekuwjs"}
{"type":"log","timestamp":1681103923041,"level":"info","message":"Rendering template { name: BOSCH, recipe: chrome-pdf, engine: handlebars, preview: true }","meta":{"rootId":"1evlhkwdvu76ica","id":"1evlhkwdvu76ica"},"id":"kdwpvwvqueh1l47","previousOperationId":"9i0r0li7yekuwjs"}
{"type":"log","timestamp":1681103923041,"level":"debug","message":"Inline data specified.","meta":{"rootId":"1evlhkwdvu76ica","id":"1evlhkwdvu76ica"},"id":"8150ne3axp3r5fa","previousOperationId":"9i0r0li7yekuwjs"}
{"type":"log","timestamp":1681103923045,"level":"debug","message":"Base url not specified, skipping its injection.","meta":{"rootId":"1evlhkwdvu76ica","id":"1evlhkwdvu76ica"},"id":"g63j2ju0ylw2iol","previousOperationId":"9i0r0li7yekuwjs"}
{"type":"operationStart","subtype":"engine","name":"handlebars","timestamp":1681103923046,"id":"ehrmjlsholq35xb","previousEventId":"6kmtk1y872v2qei","operationId":"egx16lq4p5l0kwq","previousOperationId":"9i0r0li7yekuwjs"}
{"type":"log","timestamp":1681103923046,"level":"debug","message":"Rendering engine handlebars","meta":{"rootId":"1evlhkwdvu76ica","id":"1evlhkwdvu76ica"},"id":"yxxop6cz1xfhfcp","previousOperationId":"egx16lq4p5l0kwq"}
{"type":"operationEnd","operationId":"egx16lq4p5l0kwq","timestamp":1681103923065,"id":"2u2katxvms3wm4n","previousEventId":"ehrmjlsholq35xb","previousOperationId":"egx16lq4p5l0kwq"}
{"type":"operationStart","subtype":"recipe","name":"chrome-pdf","timestamp":1681103923066,"id":"luoofn1qtqynilk","previousEventId":"2u2katxvms3wm4n","operationId":"cww7ia28qdvnl0e","previousOperationId":"egx16lq4p5l0kwq"}
{"type":"log","timestamp":1681103923066,"level":"debug","message":"Executing recipe chrome-pdf","meta":{"rootId":"1evlhkwdvu76ica","id":"1evlhkwdvu76ica"},"id":"laacuabchzju6e2","previousOperationId":"cww7ia28qdvnl0e"}
{"type":"log","timestamp":1681103923072,"level":"debug","message":"Converting with chrome HeadlessChrome/105.0.5173.0 using chrome-pool strategy","meta":{"rootId":"1evlhkwdvu76ica","id":"1evlhkwdvu76ica"},"id":"u1wm5ck6pkf4yla","previousOperationId":"cww7ia28qdvnl0e"}
{"type":"log","timestamp":1681103924716,"level":"debug","message":"Page request: GET (document) file:///C:/Users/puran/AppData/Local/Temp/jsreport/autocleanup/375bc458-5602-45d8-87a5-72aa2a01ac3a-chrome-pdf.html","meta":{"rootId":"1evlhkwdvu76ica","id":"1evlhkwdvu76ica"},"id":"jhi2xuod3u1o07x","previousOperationId":"cww7ia28qdvnl0e"}
{"type":"log","timestamp":1681103924789,"level":"debug","message":"Page request finished: GET (document) 200 file:///C:/Users/puran/AppData/Local/Temp/jsreport/autocleanup/375bc458-5602-45d8-87a5-72aa2a01ac3a-chrome-pdf.html","meta":{"rootId":"1evlhkwdvu76ica","id":"1evlhkwdvu76ica"},"id":"qrm6x06v9nfgolu","previousOperationId":"cww7ia28qdvnl0e"}
{"type":"log","timestamp":1681103924792,"level":"debug","message":"Running chrome with params {\"printBackground\":true,\"timeout\":59955,\"margin\":{}}","meta":{"rootId":"1evlhkwdvu76ica","id":"1evlhkwdvu76ica"},"id":"zro2djl8y2sc2pk","previousOperationId":"cww7ia28qdvnl0e"}
{"type":"operationEnd","operationId":"cww7ia28qdvnl0e","timestamp":1681103924820,"id":"zpubf9gam9olpxj","previousEventId":"luoofn1qtqynilk","previousOperationId":"cww7ia28qdvnl0e"}
{"type":"log","timestamp":1681103924820,"level":"debug","message":"Skipping storing report.","meta":{"rootId":"1evlhkwdvu76ica","id":"1evlhkwdvu76ica"},"id":"nnhdql36kvk6u7t","previousOperationId":"cww7ia28qdvnl0e"}
{"type":"log","timestamp":1681103924821,"level":"info","message":"Rendering request 3 finished in 1795 ms","meta":{"rootId":"1evlhkwdvu76ica","id":"1evlhkwdvu76ica"},"id":"r0n5d7v71abwyrv","previousOperationId":"cww7ia28qdvnl0e"}
{"type":"operationEnd","subtype":"render","operationId":"9i0r0li7yekuwjs","timestamp":1681103924821,"id":"jbiiv636lavy1ey","previousEventId":"zpubf9gam9olpxj","previousOperationId":"cww7ia28qdvnl0e"}
{"type":"operationEnd","doDiffs":false,"previousEventId":"mdfraabevkdvotv","previousOperationId":"u1xv84e59x4itj4","operationId":"u1xv84e59x4itj4","timestamp":1681103924825,"id":"8yu3baynf96dy57"}
