{"type":"operationStart","subtype":"profile","data":{"_id":"l9KUxzt1GJYSOeha","timestamp":"2023-04-12T09:05:58.384Z","state":"queued","mode":"standard","timeout":60000,"creationDate":"2023-04-12T09:05:58.386Z","modificationDate":"2023-04-12T09:05:58.386Z","shortid":"NJkDIHf","$entitySet":"profiles"},"doDiffs":false,"timestamp":1681290358385,"id":"nbp8jjeoruogwhc","previousOperationId":null,"operationId":"v0uhxs369o8vfnb"}
{"type":"log","level":"info","message":"Render request 87 queued for execution and waiting for available worker","previousOperationId":"v0uhxs369o8vfnb","timestamp":1681290358385,"id":"b2myozjm02twphw"}
{"type":"operationStart","subtype":"render","name":"anonymous","previousOperationId":"v0uhxs369o8vfnb","timestamp":1681290358402,"id":"ff6nte2d4etyv2i","previousEventId":"nbp8jjeoruogwhc","operationId":"nvec0edl3rai7h3"}
{"type":"log","timestamp":1681290358402,"level":"info","message":"Starting rendering request 87","meta":{"rootId":"5im2pjku2qyj36z","id":"5im2pjku2qyj36z"},"id":"yhz0q8xs5tntlpo","previousOperationId":"nvec0edl3rai7h3"}
{"type":"log","timestamp":1681290358403,"level":"info","message":"Rendering anonymous template { recipe: chrome-pdf, engine: handlebars }","meta":{"rootId":"5im2pjku2qyj36z","id":"5im2pjku2qyj36z"},"id":"nerkm0h6eylfbpz","previousOperationId":"nvec0edl3rai7h3"}
{"type":"log","timestamp":1681290358403,"level":"debug","message":"Inline data specified.","meta":{"rootId":"5im2pjku2qyj36z","id":"5im2pjku2qyj36z"},"id":"kfnlnktv6ty3vlj","previousOperationId":"nvec0edl3rai7h3"}
{"type":"log","timestamp":1681290358405,"level":"debug","message":"Base url not specified, skipping its injection.","meta":{"rootId":"5im2pjku2qyj36z","id":"5im2pjku2qyj36z"},"id":"fp6djtisu05h7la","previousOperationId":"nvec0edl3rai7h3"}
{"type":"operationStart","subtype":"engine","name":"handlebars","timestamp":1681290358406,"id":"woz5pukxvqq530a","previousEventId":"ff6nte2d4etyv2i","operationId":"yr153z6tvjumeia","previousOperationId":"nvec0edl3rai7h3"}
{"type":"log","timestamp":1681290358406,"level":"debug","message":"Rendering engine handlebars","meta":{"rootId":"5im2pjku2qyj36z","id":"5im2pjku2qyj36z"},"id":"9wtjumg2bu4i0e1","previousOperationId":"yr153z6tvjumeia"}
{"type":"operationEnd","operationId":"yr153z6tvjumeia","timestamp":1681290358421,"id":"6eef5bdgrswfxhl","previousEventId":"woz5pukxvqq530a","previousOperationId":"yr153z6tvjumeia"}
{"type":"operationStart","subtype":"recipe","name":"chrome-pdf","timestamp":1681290358422,"id":"1h8acve63m9isqs","previousEventId":"6eef5bdgrswfxhl","operationId":"qtoepn18uu9uf63","previousOperationId":"yr153z6tvjumeia"}
{"type":"log","timestamp":1681290358422,"level":"debug","message":"Executing recipe chrome-pdf","meta":{"rootId":"5im2pjku2qyj36z","id":"5im2pjku2qyj36z"},"id":"3ep0zlfuixwcnzw","previousOperationId":"qtoepn18uu9uf63"}
{"type":"log","timestamp":1681290358424,"level":"debug","message":"Converting with chrome HeadlessChrome/105.0.5173.0 using chrome-pool strategy","meta":{"rootId":"5im2pjku2qyj36z","id":"5im2pjku2qyj36z"},"id":"ihcf1j2tqku76v5","previousOperationId":"qtoepn18uu9uf63"}
{"type":"log","timestamp":1681290366890,"level":"debug","message":"Page request: GET (document) file:///C:/Users/puran/AppData/Local/Temp/jsreport/autocleanup/d914824c-2659-4037-817e-c8b1889fccff-chrome-pdf.html","meta":{"rootId":"5im2pjku2qyj36z","id":"5im2pjku2qyj36z"},"id":"9bkex8s0jkc5yti","previousOperationId":"qtoepn18uu9uf63"}
{"type":"log","timestamp":1681290368084,"level":"debug","message":"Page request finished: GET (document) 200 file:///C:/Users/puran/AppData/Local/Temp/jsreport/autocleanup/d914824c-2659-4037-817e-c8b1889fccff-chrome-pdf.html","meta":{"rootId":"5im2pjku2qyj36z","id":"5im2pjku2qyj36z"},"id":"uxd08kb14jmqpo1","previousOperationId":"qtoepn18uu9uf63"}
{"type":"log","timestamp":1681290369297,"level":"debug","message":"Running chrome with params {\"timeout\":59961,\"margin\":{},\"printBackground\":true}","meta":{"rootId":"5im2pjku2qyj36z","id":"5im2pjku2qyj36z"},"id":"stbpqp06alh0m53","previousOperationId":"qtoepn18uu9uf63"}
{"type":"operationEnd","operationId":"qtoepn18uu9uf63","timestamp":1681290370975,"id":"llgjna043gw69ww","previousEventId":"1h8acve63m9isqs","previousOperationId":"qtoepn18uu9uf63"}
{"type":"log","timestamp":1681290370975,"level":"debug","message":"Skipping storing report.","meta":{"rootId":"5im2pjku2qyj36z","id":"5im2pjku2qyj36z"},"id":"1gbf9kzjfhed7mh","previousOperationId":"qtoepn18uu9uf63"}
{"type":"log","timestamp":1681290370975,"level":"info","message":"Rendering request 87 finished in 12591 ms","meta":{"rootId":"5im2pjku2qyj36z","id":"5im2pjku2qyj36z"},"id":"gu306tktpc05mzu","previousOperationId":"qtoepn18uu9uf63"}
{"type":"operationEnd","subtype":"render","operationId":"nvec0edl3rai7h3","timestamp":1681290370975,"id":"oectjjvjf282ibe","previousEventId":"llgjna043gw69ww","previousOperationId":"qtoepn18uu9uf63"}
{"type":"operationEnd","doDiffs":false,"previousEventId":"nbp8jjeoruogwhc","previousOperationId":"v0uhxs369o8vfnb","operationId":"v0uhxs369o8vfnb","timestamp":1681290370978,"id":"l5yvpazevwgiyp6"}
