{"type":"operationStart","subtype":"profile","data":{"_id":"Zgtj1dv5OukQbGsV","timestamp":"2023-04-11T03:51:07.345Z","state":"queued","mode":"standard","creationDate":"2023-04-11T03:51:07.349Z","modificationDate":"2023-04-11T03:51:07.349Z","shortid":"lJTOhgo","$entitySet":"profiles"},"doDiffs":false,"timestamp":1681185067347,"id":"ot6jua0x0v5w4f6","previousOperationId":null,"operationId":"wadvbkr3z18grny"}
{"type":"log","level":"info","message":"Render request 1 queued for execution and waiting for available worker","previousOperationId":"wadvbkr3z18grny","timestamp":1681185067348,"id":"4569ev8nj98sl1i"}
{"type":"operationStart","subtype":"render","name":"anonymous","previousOperationId":"wadvbkr3z18grny","timestamp":1681185067409,"id":"nw3w5bv9eoricei","previousEventId":"ot6jua0x0v5w4f6","operationId":"ay690nmt2f9lc6e"}
{"type":"log","timestamp":1681185067411,"level":"info","message":"Starting rendering request 1","meta":{"rootId":"87lsbmx1fu5du0c","id":"87lsbmx1fu5du0c"},"id":"on1q8agwz88mx8x","previousOperationId":"ay690nmt2f9lc6e"}
{"type":"log","timestamp":1681185067414,"level":"info","message":"Rendering anonymous template { recipe: chrome-pdf, engine: none }","meta":{"rootId":"87lsbmx1fu5du0c","id":"87lsbmx1fu5du0c"},"id":"kau3vb4ephyk08m","previousOperationId":"ay690nmt2f9lc6e"}
{"type":"log","timestamp":1681185067414,"level":"debug","message":"Data item not defined for this template.","meta":{"rootId":"87lsbmx1fu5du0c","id":"87lsbmx1fu5du0c"},"id":"5jnnjtnunhjx4wa","previousOperationId":"ay690nmt2f9lc6e"}
{"type":"log","timestamp":1681185067419,"level":"debug","message":"Base url not specified, skipping its injection.","meta":{"rootId":"87lsbmx1fu5du0c","id":"87lsbmx1fu5du0c"},"id":"i7glt76atywa5dg","previousOperationId":"ay690nmt2f9lc6e"}
{"type":"operationStart","subtype":"engine","name":"none","timestamp":1681185067421,"id":"zv9rysz8u6kiseo","previousEventId":"nw3w5bv9eoricei","operationId":"aah8q4x12tokbqp","previousOperationId":"ay690nmt2f9lc6e"}
{"type":"log","timestamp":1681185067421,"level":"debug","message":"Rendering engine none","meta":{"rootId":"87lsbmx1fu5du0c","id":"87lsbmx1fu5du0c"},"id":"pvws19fm2bmeoi8","previousOperationId":"aah8q4x12tokbqp"}
{"type":"operationEnd","operationId":"aah8q4x12tokbqp","timestamp":1681185069901,"id":"hue619hooesw4w3","previousEventId":"zv9rysz8u6kiseo","previousOperationId":"aah8q4x12tokbqp"}
{"type":"operationStart","subtype":"recipe","name":"chrome-pdf","timestamp":1681185069902,"id":"2lpli0dyyzylq58","previousEventId":"hue619hooesw4w3","operationId":"hij6at1xp4xdv1y","previousOperationId":"aah8q4x12tokbqp"}
{"type":"log","timestamp":1681185069902,"level":"debug","message":"Executing recipe chrome-pdf","meta":{"rootId":"87lsbmx1fu5du0c","id":"87lsbmx1fu5du0c"},"id":"150fh65ruj1swnt","previousOperationId":"hij6at1xp4xdv1y"}
{"type":"log","timestamp":1681185074867,"level":"debug","message":"Converting with chrome HeadlessChrome/105.0.5173.0 using chrome-pool strategy","meta":{"rootId":"87lsbmx1fu5du0c","id":"87lsbmx1fu5du0c"},"id":"bwh9w2s8grmbv19","previousOperationId":"hij6at1xp4xdv1y"}
{"type":"log","timestamp":1681185075849,"level":"debug","message":"Page request: GET (document) file:///C:/Users/puran/AppData/Local/Temp/jsreport/autocleanup/3fea6ef7-77c5-4364-aac2-04e0ca6e1d73-chrome-pdf.html","meta":{"rootId":"87lsbmx1fu5du0c","id":"87lsbmx1fu5du0c"},"id":"bcvkylfuhxyg10l","previousOperationId":"hij6at1xp4xdv1y"}
{"type":"log","timestamp":1681185075865,"level":"debug","message":"Page request finished: GET (document) 200 file:///C:/Users/puran/AppData/Local/Temp/jsreport/autocleanup/3fea6ef7-77c5-4364-aac2-04e0ca6e1d73-chrome-pdf.html","meta":{"rootId":"87lsbmx1fu5du0c","id":"87lsbmx1fu5du0c"},"id":"jmx4nag1lhm9brk","previousOperationId":"hij6at1xp4xdv1y"}
{"type":"log","timestamp":1681185075876,"level":"debug","message":"Running chrome with params {\"timeout\":56240,\"margin\":{},\"printBackground\":true}","meta":{"rootId":"87lsbmx1fu5du0c","id":"87lsbmx1fu5du0c"},"id":"u1m805w8vrfbus1","previousOperationId":"hij6at1xp4xdv1y"}
{"type":"operationEnd","operationId":"hij6at1xp4xdv1y","timestamp":1681185075917,"id":"lfuz6ndlh594fqk","previousEventId":"2lpli0dyyzylq58","previousOperationId":"hij6at1xp4xdv1y"}
{"type":"log","timestamp":1681185075919,"level":"debug","message":"Skipping storing report.","meta":{"rootId":"87lsbmx1fu5du0c","id":"87lsbmx1fu5du0c"},"id":"b5xrkixsvk1r1zs","previousOperationId":"hij6at1xp4xdv1y"}
{"type":"log","timestamp":1681185075919,"level":"info","message":"Rendering request 1 finished in 8575 ms","meta":{"rootId":"87lsbmx1fu5du0c","id":"87lsbmx1fu5du0c"},"id":"w2xckhy9ukpcsod","previousOperationId":"hij6at1xp4xdv1y"}
{"type":"operationEnd","subtype":"render","operationId":"ay690nmt2f9lc6e","timestamp":1681185075919,"id":"f0x6gder8xwsrvr","previousEventId":"lfuz6ndlh594fqk","previousOperationId":"hij6at1xp4xdv1y"}
{"type":"operationEnd","doDiffs":false,"previousEventId":"ot6jua0x0v5w4f6","previousOperationId":"wadvbkr3z18grny","operationId":"wadvbkr3z18grny","timestamp":1681185075922,"id":"ldawi2brbih8ug5"}
