{"type":"operationStart","subtype":"profile","data":{"_id":"4SnWQdipCvWVDxrA","timestamp":"2023-04-12T09:07:29.918Z","state":"queued","mode":"standard","timeout":60000,"creationDate":"2023-04-12T09:07:29.919Z","modificationDate":"2023-04-12T09:07:29.919Z","shortid":"e7cqdR0","$entitySet":"profiles"},"doDiffs":false,"timestamp":1681290449919,"id":"1jctqm18ndrr5xz","previousOperationId":null,"operationId":"ejaoaa4k9n7gqd5"}
{"type":"log","level":"info","message":"Render request 89 queued for execution and waiting for available worker","previousOperationId":"ejaoaa4k9n7gqd5","timestamp":1681290449919,"id":"azx4pvvalbmlc02"}
{"type":"operationStart","subtype":"render","name":"anonymous","previousOperationId":"ejaoaa4k9n7gqd5","timestamp":1681290449931,"id":"lspsl6g17m03i8k","previousEventId":"1jctqm18ndrr5xz","operationId":"lvet61icjsdxu5f"}
{"type":"log","timestamp":1681290449931,"level":"info","message":"Starting rendering request 89","meta":{"rootId":"g2gp10mgtq83n0q","id":"g2gp10mgtq83n0q"},"id":"f4r5nudluiilnnn","previousOperationId":"lvet61icjsdxu5f"}
{"type":"log","timestamp":1681290449932,"level":"info","message":"Rendering anonymous template { recipe: chrome-pdf, engine: handlebars }","meta":{"rootId":"g2gp10mgtq83n0q","id":"g2gp10mgtq83n0q"},"id":"qyuh99b3ocewu26","previousOperationId":"lvet61icjsdxu5f"}
{"type":"log","timestamp":1681290449932,"level":"debug","message":"Inline data specified.","meta":{"rootId":"g2gp10mgtq83n0q","id":"g2gp10mgtq83n0q"},"id":"4ofumnca5nv3dqo","previousOperationId":"lvet61icjsdxu5f"}
{"type":"log","timestamp":1681290449934,"level":"debug","message":"Base url not specified, skipping its injection.","meta":{"rootId":"g2gp10mgtq83n0q","id":"g2gp10mgtq83n0q"},"id":"x495dst73hynemk","previousOperationId":"lvet61icjsdxu5f"}
{"type":"operationStart","subtype":"engine","name":"handlebars","timestamp":1681290449934,"id":"ogiexf85j26mybp","previousEventId":"lspsl6g17m03i8k","operationId":"sncwvld59j52omc","previousOperationId":"lvet61icjsdxu5f"}
{"type":"log","timestamp":1681290449934,"level":"debug","message":"Rendering engine handlebars","meta":{"rootId":"g2gp10mgtq83n0q","id":"g2gp10mgtq83n0q"},"id":"anvxkbmri1fp7yq","previousOperationId":"sncwvld59j52omc"}
{"type":"operationEnd","operationId":"sncwvld59j52omc","timestamp":1681290449950,"id":"6itesypd5jjdh6z","previousEventId":"ogiexf85j26mybp","previousOperationId":"sncwvld59j52omc"}
{"type":"operationStart","subtype":"recipe","name":"chrome-pdf","timestamp":1681290449950,"id":"j7xk91ehixsahn0","previousEventId":"6itesypd5jjdh6z","operationId":"tdrv23fbqgpz7lz","previousOperationId":"sncwvld59j52omc"}
{"type":"log","timestamp":1681290449950,"level":"debug","message":"Executing recipe chrome-pdf","meta":{"rootId":"g2gp10mgtq83n0q","id":"g2gp10mgtq83n0q"},"id":"m2fydlr0khc18mj","previousOperationId":"tdrv23fbqgpz7lz"}
{"type":"log","timestamp":1681290449953,"level":"debug","message":"Converting with chrome HeadlessChrome/105.0.5173.0 using chrome-pool strategy","meta":{"rootId":"g2gp10mgtq83n0q","id":"g2gp10mgtq83n0q"},"id":"qj903tpcw5rjia2","previousOperationId":"tdrv23fbqgpz7lz"}
{"type":"log","timestamp":1681290450156,"level":"debug","message":"Page request: GET (document) file:///C:/Users/puran/AppData/Local/Temp/jsreport/autocleanup/dd6e542f-5d21-47f9-a63f-443288bae683-chrome-pdf.html","meta":{"rootId":"g2gp10mgtq83n0q","id":"g2gp10mgtq83n0q"},"id":"z0cj7qux9eteta8","previousOperationId":"tdrv23fbqgpz7lz"}
{"type":"log","timestamp":1681290450166,"level":"debug","message":"Page request finished: GET (document) 200 file:///C:/Users/puran/AppData/Local/Temp/jsreport/autocleanup/dd6e542f-5d21-47f9-a63f-443288bae683-chrome-pdf.html","meta":{"rootId":"g2gp10mgtq83n0q","id":"g2gp10mgtq83n0q"},"id":"b0nx424ff3tprhg","previousOperationId":"tdrv23fbqgpz7lz"}
{"type":"log","timestamp":1681290450179,"level":"debug","message":"Running chrome with params {\"timeout\":59965,\"margin\":{},\"printBackground\":true}","meta":{"rootId":"g2gp10mgtq83n0q","id":"g2gp10mgtq83n0q"},"id":"04p5cp5xkz0o7gf","previousOperationId":"tdrv23fbqgpz7lz"}
{"type":"operationEnd","operationId":"tdrv23fbqgpz7lz","timestamp":1681290450204,"id":"bjybwoxrc2yeczf","previousEventId":"j7xk91ehixsahn0","previousOperationId":"tdrv23fbqgpz7lz"}
{"type":"log","timestamp":1681290450204,"level":"debug","message":"Skipping storing report.","meta":{"rootId":"g2gp10mgtq83n0q","id":"g2gp10mgtq83n0q"},"id":"8m77egi12rq9h2i","previousOperationId":"tdrv23fbqgpz7lz"}
{"type":"log","timestamp":1681290450204,"level":"info","message":"Rendering request 89 finished in 287 ms","meta":{"rootId":"g2gp10mgtq83n0q","id":"g2gp10mgtq83n0q"},"id":"0fdb76h89v2gl9n","previousOperationId":"tdrv23fbqgpz7lz"}
{"type":"operationEnd","subtype":"render","operationId":"lvet61icjsdxu5f","timestamp":1681290450204,"id":"k8gfpagnf4756ze","previousEventId":"bjybwoxrc2yeczf","previousOperationId":"tdrv23fbqgpz7lz"}
{"type":"operationEnd","doDiffs":false,"previousEventId":"1jctqm18ndrr5xz","previousOperationId":"ejaoaa4k9n7gqd5","operationId":"ejaoaa4k9n7gqd5","timestamp":1681290450206,"id":"jujdrrb0g51wb64"}
