{"type":"operationStart","subtype":"profile","data":{"_id":"Qoz26Rq63AHNburR","timestamp":"2023-04-12T08:46:55.515Z","state":"queued","mode":"standard","timeout":60000,"creationDate":"2023-04-12T08:46:55.523Z","modificationDate":"2023-04-12T08:46:55.523Z","shortid":"E3v3xaU","$entitySet":"profiles"},"doDiffs":false,"timestamp":1681289215523,"id":"88mcd4h20ci7i9d","previousOperationId":null,"operationId":"9jpypab69rv12qi"}
{"type":"log","level":"info","message":"Render request 81 queued for execution and waiting for available worker","previousOperationId":"9jpypab69rv12qi","timestamp":1681289215523,"id":"exlgym5wlkk7t8i"}
{"type":"operationStart","subtype":"render","name":"anonymous","previousOperationId":"9jpypab69rv12qi","timestamp":1681289215535,"id":"te0qx5g3bw3e3b2","previousEventId":"88mcd4h20ci7i9d","operationId":"5bae6n4hh4a9mrg"}
{"type":"log","timestamp":1681289215535,"level":"info","message":"Starting rendering request 81","meta":{"rootId":"gazu2g2jj16m2c4","id":"gazu2g2jj16m2c4"},"id":"fokfpmp34d3d68b","previousOperationId":"5bae6n4hh4a9mrg"}
{"type":"log","timestamp":1681289215536,"level":"info","message":"Rendering anonymous template { recipe: chrome-pdf, engine: handlebars }","meta":{"rootId":"gazu2g2jj16m2c4","id":"gazu2g2jj16m2c4"},"id":"9gh22njs2h5fgnj","previousOperationId":"5bae6n4hh4a9mrg"}
{"type":"log","timestamp":1681289215536,"level":"debug","message":"Inline data specified.","meta":{"rootId":"gazu2g2jj16m2c4","id":"gazu2g2jj16m2c4"},"id":"5et46ofcxqz4h83","previousOperationId":"5bae6n4hh4a9mrg"}
{"type":"log","timestamp":1681289215539,"level":"debug","message":"Base url not specified, skipping its injection.","meta":{"rootId":"gazu2g2jj16m2c4","id":"gazu2g2jj16m2c4"},"id":"e69c7m2bmycp4e0","previousOperationId":"5bae6n4hh4a9mrg"}
{"type":"operationStart","subtype":"engine","name":"handlebars","timestamp":1681289215539,"id":"ezdipwts7hsih3x","previousEventId":"te0qx5g3bw3e3b2","operationId":"8envqad2sga7kpu","previousOperationId":"5bae6n4hh4a9mrg"}
{"type":"log","timestamp":1681289215539,"level":"debug","message":"Rendering engine handlebars","meta":{"rootId":"gazu2g2jj16m2c4","id":"gazu2g2jj16m2c4"},"id":"7jgq31cck2hcqcw","previousOperationId":"8envqad2sga7kpu"}
{"type":"operationEnd","operationId":"8envqad2sga7kpu","timestamp":1681289215551,"id":"pfybci4oml92pnc","previousEventId":"ezdipwts7hsih3x","previousOperationId":"8envqad2sga7kpu"}
{"type":"operationStart","subtype":"recipe","name":"chrome-pdf","timestamp":1681289215551,"id":"9ffi9w8whlvk0ni","previousEventId":"pfybci4oml92pnc","operationId":"8q56ihgwb0gzph7","previousOperationId":"8envqad2sga7kpu"}
{"type":"log","timestamp":1681289215551,"level":"debug","message":"Executing recipe chrome-pdf","meta":{"rootId":"gazu2g2jj16m2c4","id":"gazu2g2jj16m2c4"},"id":"fe0ezny9onkduco","previousOperationId":"8q56ihgwb0gzph7"}
{"type":"log","timestamp":1681289215554,"level":"debug","message":"Converting with chrome HeadlessChrome/105.0.5173.0 using chrome-pool strategy","meta":{"rootId":"gazu2g2jj16m2c4","id":"gazu2g2jj16m2c4"},"id":"bdm5ym5gqw3exwu","previousOperationId":"8q56ihgwb0gzph7"}
{"type":"log","timestamp":1681289216208,"level":"debug","message":"Page request: GET (document) file:///C:/Users/puran/AppData/Local/Temp/jsreport/autocleanup/6c4511da-48e0-42c8-ad62-782088f19fae-chrome-pdf.html","meta":{"rootId":"gazu2g2jj16m2c4","id":"gazu2g2jj16m2c4"},"id":"3z342jyateofz0b","previousOperationId":"8q56ihgwb0gzph7"}
{"type":"log","timestamp":1681289216217,"level":"debug","message":"Page request finished: GET (document) 200 file:///C:/Users/puran/AppData/Local/Temp/jsreport/autocleanup/6c4511da-48e0-42c8-ad62-782088f19fae-chrome-pdf.html","meta":{"rootId":"gazu2g2jj16m2c4","id":"gazu2g2jj16m2c4"},"id":"hfr0jejk1ucxjov","previousOperationId":"8q56ihgwb0gzph7"}
{"type":"log","timestamp":1681289216228,"level":"debug","message":"Running chrome with params {\"timeout\":59962,\"margin\":{},\"printBackground\":true}","meta":{"rootId":"gazu2g2jj16m2c4","id":"gazu2g2jj16m2c4"},"id":"hnr3kczsal26t9c","previousOperationId":"8q56ihgwb0gzph7"}
{"type":"operationEnd","operationId":"8q56ihgwb0gzph7","timestamp":1681289216248,"id":"jbquvpgx54uvt53","previousEventId":"9ffi9w8whlvk0ni","previousOperationId":"8q56ihgwb0gzph7"}
{"type":"log","timestamp":1681289216249,"level":"debug","message":"Skipping storing report.","meta":{"rootId":"gazu2g2jj16m2c4","id":"gazu2g2jj16m2c4"},"id":"gvrmx4pefqraft0","previousOperationId":"8q56ihgwb0gzph7"}
{"type":"log","timestamp":1681289216249,"level":"info","message":"Rendering request 81 finished in 734 ms","meta":{"rootId":"gazu2g2jj16m2c4","id":"gazu2g2jj16m2c4"},"id":"h7fgonxgy7sw8n4","previousOperationId":"8q56ihgwb0gzph7"}
{"type":"operationEnd","subtype":"render","operationId":"5bae6n4hh4a9mrg","timestamp":1681289216249,"id":"c6jl4rfmz8uyagx","previousEventId":"jbquvpgx54uvt53","previousOperationId":"8q56ihgwb0gzph7"}
{"type":"operationEnd","doDiffs":false,"previousEventId":"88mcd4h20ci7i9d","previousOperationId":"9jpypab69rv12qi","operationId":"9jpypab69rv12qi","timestamp":1681289216251,"id":"n71aqls8v7e3fc7"}
