{"type":"operationStart","subtype":"profile","data":{"_id":"SqZgwahVn6v5Yzbl","timestamp":"2023-04-11T06:00:02.827Z","state":"queued","mode":"standard","timeout":60000,"creationDate":"2023-04-11T06:00:02.834Z","modificationDate":"2023-04-11T06:00:02.834Z","shortid":"CiDhveW","$entitySet":"profiles"},"doDiffs":false,"timestamp":1681192802831,"id":"hlb4ydiojdc1r0e","previousOperationId":null,"operationId":"lmgpb9tj429htjp"}
{"type":"log","level":"info","message":"Render request 1 queued for execution and waiting for available worker","previousOperationId":"lmgpb9tj429htjp","timestamp":1681192802831,"id":"98wlt3b5ar6af2a"}
{"type":"operationStart","subtype":"render","name":"anonymous","previousOperationId":"lmgpb9tj429htjp","timestamp":1681192802893,"id":"bxsbouzu0pssshg","previousEventId":"hlb4ydiojdc1r0e","operationId":"ysym442orsp053l"}
{"type":"log","timestamp":1681192802896,"level":"info","message":"Starting rendering request 1","meta":{"rootId":"iejtkdjbjt8obcr","id":"iejtkdjbjt8obcr"},"id":"zrva13x90epfo3z","previousOperationId":"ysym442orsp053l"}
{"type":"log","timestamp":1681192802898,"level":"info","message":"Rendering anonymous template { recipe: chrome-pdf, engine: none }","meta":{"rootId":"iejtkdjbjt8obcr","id":"iejtkdjbjt8obcr"},"id":"bo4wuuw13md0it5","previousOperationId":"ysym442orsp053l"}
{"type":"log","timestamp":1681192802898,"level":"debug","message":"Data item not defined for this template.","meta":{"rootId":"iejtkdjbjt8obcr","id":"iejtkdjbjt8obcr"},"id":"136xii4vro5dv8b","previousOperationId":"ysym442orsp053l"}
{"type":"log","timestamp":1681192802905,"level":"debug","message":"Base url not specified, skipping its injection.","meta":{"rootId":"iejtkdjbjt8obcr","id":"iejtkdjbjt8obcr"},"id":"dx778026hvgohhk","previousOperationId":"ysym442orsp053l"}
{"type":"operationStart","subtype":"engine","name":"none","timestamp":1681192802908,"id":"i7kf8vnerapx5x8","previousEventId":"bxsbouzu0pssshg","operationId":"g3ad0eyxmzb9zfn","previousOperationId":"ysym442orsp053l"}
{"type":"log","timestamp":1681192802908,"level":"debug","message":"Rendering engine none","meta":{"rootId":"iejtkdjbjt8obcr","id":"iejtkdjbjt8obcr"},"id":"rdfoanpf1f9upvv","previousOperationId":"g3ad0eyxmzb9zfn"}
{"type":"operationEnd","operationId":"g3ad0eyxmzb9zfn","timestamp":1681192804684,"id":"w99k51lvffvxuwv","previousEventId":"i7kf8vnerapx5x8","previousOperationId":"g3ad0eyxmzb9zfn"}
{"type":"operationStart","subtype":"recipe","name":"chrome-pdf","timestamp":1681192804686,"id":"49zlcbvoft5yvil","previousEventId":"w99k51lvffvxuwv","operationId":"baen18gxbumk72s","previousOperationId":"g3ad0eyxmzb9zfn"}
{"type":"log","timestamp":1681192804686,"level":"debug","message":"Executing recipe chrome-pdf","meta":{"rootId":"iejtkdjbjt8obcr","id":"iejtkdjbjt8obcr"},"id":"jso9h4ca49lce0y","previousOperationId":"baen18gxbumk72s"}
{"type":"log","timestamp":1681192809615,"level":"debug","message":"Converting with chrome HeadlessChrome/105.0.5173.0 using chrome-pool strategy","meta":{"rootId":"iejtkdjbjt8obcr","id":"iejtkdjbjt8obcr"},"id":"lfb096hqf3ompt3","previousOperationId":"baen18gxbumk72s"}
{"type":"log","timestamp":1681192809864,"level":"debug","message":"Page request: GET (document) file:///C:/Users/puran/AppData/Local/Temp/jsreport/autocleanup/45cb2bb3-436f-4e58-9a0c-ec5f65c9830a-chrome-pdf.html","meta":{"rootId":"iejtkdjbjt8obcr","id":"iejtkdjbjt8obcr"},"id":"341fsgg9mmi59mx","previousOperationId":"baen18gxbumk72s"}
{"type":"log","timestamp":1681192809874,"level":"debug","message":"Page request finished: GET (document) 200 file:///C:/Users/puran/AppData/Local/Temp/jsreport/autocleanup/45cb2bb3-436f-4e58-9a0c-ec5f65c9830a-chrome-pdf.html","meta":{"rootId":"iejtkdjbjt8obcr","id":"iejtkdjbjt8obcr"},"id":"rehjedi5pcwurf9","previousOperationId":"baen18gxbumk72s"}
{"type":"log","timestamp":1681192809887,"level":"debug","message":"Running chrome with params {\"timeout\":57900,\"margin\":{},\"printBackground\":true}","meta":{"rootId":"iejtkdjbjt8obcr","id":"iejtkdjbjt8obcr"},"id":"tucl0ibn2n56nrj","previousOperationId":"baen18gxbumk72s"}
{"type":"operationEnd","operationId":"baen18gxbumk72s","timestamp":1681192809934,"id":"meacvcsexr8jwh4","previousEventId":"49zlcbvoft5yvil","previousOperationId":"baen18gxbumk72s"}
{"type":"log","timestamp":1681192809935,"level":"debug","message":"Skipping storing report.","meta":{"rootId":"iejtkdjbjt8obcr","id":"iejtkdjbjt8obcr"},"id":"z8yc04oidkhv8dc","previousOperationId":"baen18gxbumk72s"}
{"type":"log","timestamp":1681192809936,"level":"info","message":"Rendering request 1 finished in 7113 ms","meta":{"rootId":"iejtkdjbjt8obcr","id":"iejtkdjbjt8obcr"},"id":"29eqwvm0174l7ia","previousOperationId":"baen18gxbumk72s"}
{"type":"operationEnd","subtype":"render","operationId":"ysym442orsp053l","timestamp":1681192809936,"id":"en02vivdu5hdm4z","previousEventId":"meacvcsexr8jwh4","previousOperationId":"baen18gxbumk72s"}
{"type":"operationEnd","doDiffs":false,"previousEventId":"hlb4ydiojdc1r0e","previousOperationId":"lmgpb9tj429htjp","operationId":"lmgpb9tj429htjp","timestamp":1681192809939,"id":"p612rq8yodpbbp3"}
