{"type":"operationStart","subtype":"profile","data":{"_id":"RCQCoqdxD4likNRJ","timestamp":"2023-04-12T09:08:22.208Z","state":"queued","mode":"standard","timeout":60000,"creationDate":"2023-04-12T09:08:22.209Z","modificationDate":"2023-04-12T09:08:22.209Z","shortid":"O10r1LF","$entitySet":"profiles"},"doDiffs":false,"timestamp":1681290502209,"id":"6r31w34g262qew4","previousOperationId":null,"operationId":"x2j85hfelphv0fp"}
{"type":"log","level":"info","message":"Render request 90 queued for execution and waiting for available worker","previousOperationId":"x2j85hfelphv0fp","timestamp":1681290502209,"id":"tbc8b9xuwvutzjl"}
{"type":"operationStart","subtype":"render","name":"anonymous","previousOperationId":"x2j85hfelphv0fp","timestamp":1681290502218,"id":"nrqyhjp1odc0ue0","previousEventId":"6r31w34g262qew4","operationId":"1hjsqfu8ozk9i2c"}
{"type":"log","timestamp":1681290502218,"level":"info","message":"Starting rendering request 90","meta":{"rootId":"k5gmul75ycnptr5","id":"k5gmul75ycnptr5"},"id":"fs46p3hkhi0a2v8","previousOperationId":"1hjsqfu8ozk9i2c"}
{"type":"log","timestamp":1681290502218,"level":"info","message":"Rendering anonymous template { recipe: chrome-pdf, engine: handlebars }","meta":{"rootId":"k5gmul75ycnptr5","id":"k5gmul75ycnptr5"},"id":"qlqapnlaq05ebmb","previousOperationId":"1hjsqfu8ozk9i2c"}
{"type":"log","timestamp":1681290502218,"level":"debug","message":"Inline data specified.","meta":{"rootId":"k5gmul75ycnptr5","id":"k5gmul75ycnptr5"},"id":"hiuoip84xnxsba7","previousOperationId":"1hjsqfu8ozk9i2c"}
{"type":"log","timestamp":1681290502226,"level":"debug","message":"Base url not specified, skipping its injection.","meta":{"rootId":"k5gmul75ycnptr5","id":"k5gmul75ycnptr5"},"id":"dngtjvhn7mddqzo","previousOperationId":"1hjsqfu8ozk9i2c"}
{"type":"operationStart","subtype":"engine","name":"handlebars","timestamp":1681290502227,"id":"9mvnynrstw3vrv6","previousEventId":"nrqyhjp1odc0ue0","operationId":"cl0ijs5ssqlbsiq","previousOperationId":"1hjsqfu8ozk9i2c"}
{"type":"log","timestamp":1681290502227,"level":"debug","message":"Rendering engine handlebars","meta":{"rootId":"k5gmul75ycnptr5","id":"k5gmul75ycnptr5"},"id":"h4ef4t9d9w51cxg","previousOperationId":"cl0ijs5ssqlbsiq"}
{"type":"operationEnd","operationId":"cl0ijs5ssqlbsiq","timestamp":1681290502236,"id":"192n3wg618xgzdf","previousEventId":"9mvnynrstw3vrv6","previousOperationId":"cl0ijs5ssqlbsiq"}
{"type":"operationStart","subtype":"recipe","name":"chrome-pdf","timestamp":1681290502237,"id":"wkxodhlre3w9yp2","previousEventId":"192n3wg618xgzdf","operationId":"8bkufrxt728dcf4","previousOperationId":"cl0ijs5ssqlbsiq"}
{"type":"log","timestamp":1681290502238,"level":"debug","message":"Executing recipe chrome-pdf","meta":{"rootId":"k5gmul75ycnptr5","id":"k5gmul75ycnptr5"},"id":"fq4ymbzdwonzz08","previousOperationId":"8bkufrxt728dcf4"}
{"type":"log","timestamp":1681290502243,"level":"debug","message":"Converting with chrome HeadlessChrome/105.0.5173.0 using chrome-pool strategy","meta":{"rootId":"k5gmul75ycnptr5","id":"k5gmul75ycnptr5"},"id":"axkttupn49x7f81","previousOperationId":"8bkufrxt728dcf4"}
{"type":"log","timestamp":1681290502462,"level":"debug","message":"Page request: GET (document) file:///C:/Users/puran/AppData/Local/Temp/jsreport/autocleanup/a4427328-834e-456f-aaa8-d54d54afec14-chrome-pdf.html","meta":{"rootId":"k5gmul75ycnptr5","id":"k5gmul75ycnptr5"},"id":"irdr3ca6sie03es","previousOperationId":"8bkufrxt728dcf4"}
{"type":"log","timestamp":1681290502469,"level":"debug","message":"Page request finished: GET (document) 200 file:///C:/Users/puran/AppData/Local/Temp/jsreport/autocleanup/a4427328-834e-456f-aaa8-d54d54afec14-chrome-pdf.html","meta":{"rootId":"k5gmul75ycnptr5","id":"k5gmul75ycnptr5"},"id":"enmiwz4px52s1tk","previousOperationId":"8bkufrxt728dcf4"}
{"type":"log","timestamp":1681290502481,"level":"debug","message":"Running chrome with params {\"timeout\":59965,\"margin\":{},\"printBackground\":true}","meta":{"rootId":"k5gmul75ycnptr5","id":"k5gmul75ycnptr5"},"id":"uf5xgfnqqoo7rxs","previousOperationId":"8bkufrxt728dcf4"}
{"type":"operationEnd","operationId":"8bkufrxt728dcf4","timestamp":1681290502510,"id":"q7p8lcqknzt7m5g","previousEventId":"wkxodhlre3w9yp2","previousOperationId":"8bkufrxt728dcf4"}
{"type":"log","timestamp":1681290502510,"level":"debug","message":"Skipping storing report.","meta":{"rootId":"k5gmul75ycnptr5","id":"k5gmul75ycnptr5"},"id":"rx7vf0r6a7i4fed","previousOperationId":"8bkufrxt728dcf4"}
{"type":"log","timestamp":1681290502511,"level":"info","message":"Rendering request 90 finished in 303 ms","meta":{"rootId":"k5gmul75ycnptr5","id":"k5gmul75ycnptr5"},"id":"psf7tgtjjp2gfug","previousOperationId":"8bkufrxt728dcf4"}
{"type":"operationEnd","subtype":"render","operationId":"1hjsqfu8ozk9i2c","timestamp":1681290502511,"id":"dj0eecidrwmlfh1","previousEventId":"q7p8lcqknzt7m5g","previousOperationId":"8bkufrxt728dcf4"}
{"type":"operationEnd","doDiffs":false,"previousEventId":"6r31w34g262qew4","previousOperationId":"x2j85hfelphv0fp","operationId":"x2j85hfelphv0fp","timestamp":1681290502512,"id":"ckx8bd79s3qda19"}
