{"type":"operationStart","subtype":"profile","data":{"_id":"DddN4RfgjRHuBred","timestamp":"2023-04-12T09:06:01.108Z","state":"queued","mode":"standard","timeout":60000,"creationDate":"2023-04-12T09:06:01.109Z","modificationDate":"2023-04-12T09:06:01.110Z","shortid":"4csFdgz","$entitySet":"profiles"},"doDiffs":false,"timestamp":1681290361109,"id":"96cd6fjkiryosdo","previousOperationId":null,"operationId":"wckjcp6l7wcc210"}
{"type":"log","level":"info","message":"Render request 88 queued for execution and waiting for available worker","previousOperationId":"wckjcp6l7wcc210","timestamp":1681290361109,"id":"fhz7b60zp9aowga"}
{"type":"operationStart","subtype":"render","name":"anonymous","previousOperationId":"wckjcp6l7wcc210","timestamp":1681290361186,"id":"sciptimtqfnjdum","previousEventId":"96cd6fjkiryosdo","operationId":"glx8falorn75c9o"}
{"type":"log","timestamp":1681290361192,"level":"info","message":"Starting rendering request 88","meta":{"rootId":"khppxs0tvtdx4u8","id":"khppxs0tvtdx4u8"},"id":"zu1w7d4dpfky0ru","previousOperationId":"glx8falorn75c9o"}
{"type":"log","timestamp":1681290361198,"level":"info","message":"Rendering anonymous template { recipe: chrome-pdf, engine: handlebars }","meta":{"rootId":"khppxs0tvtdx4u8","id":"khppxs0tvtdx4u8"},"id":"qhf97mf64xeh09a","previousOperationId":"glx8falorn75c9o"}
{"type":"log","timestamp":1681290361198,"level":"debug","message":"Inline data specified.","meta":{"rootId":"khppxs0tvtdx4u8","id":"khppxs0tvtdx4u8"},"id":"trhp1v6n6j2t52b","previousOperationId":"glx8falorn75c9o"}
{"type":"log","timestamp":1681290361204,"level":"debug","message":"Base url not specified, skipping its injection.","meta":{"rootId":"khppxs0tvtdx4u8","id":"khppxs0tvtdx4u8"},"id":"fcajg87bqrf45ej","previousOperationId":"glx8falorn75c9o"}
{"type":"operationStart","subtype":"engine","name":"handlebars","timestamp":1681290361207,"id":"og124hxdjy9na9i","previousEventId":"sciptimtqfnjdum","operationId":"e15qdjctra7fev4","previousOperationId":"glx8falorn75c9o"}
{"type":"log","timestamp":1681290361207,"level":"debug","message":"Rendering engine handlebars","meta":{"rootId":"khppxs0tvtdx4u8","id":"khppxs0tvtdx4u8"},"id":"mas0jfgrfezc60p","previousOperationId":"e15qdjctra7fev4"}
{"type":"operationEnd","operationId":"e15qdjctra7fev4","timestamp":1681290370584,"id":"gowvu9reg1qkpv2","previousEventId":"og124hxdjy9na9i","previousOperationId":"e15qdjctra7fev4"}
{"type":"operationStart","subtype":"recipe","name":"chrome-pdf","timestamp":1681290370585,"id":"0q5vugmel2xhavz","previousEventId":"gowvu9reg1qkpv2","operationId":"43g39kn44v9gsbv","previousOperationId":"e15qdjctra7fev4"}
{"type":"log","timestamp":1681290370585,"level":"debug","message":"Executing recipe chrome-pdf","meta":{"rootId":"khppxs0tvtdx4u8","id":"khppxs0tvtdx4u8"},"id":"l374nfipem077ig","previousOperationId":"43g39kn44v9gsbv"}
{"type":"log","timestamp":1681290374364,"level":"debug","message":"Converting with chrome HeadlessChrome/105.0.5173.0 using chrome-pool strategy","meta":{"rootId":"khppxs0tvtdx4u8","id":"khppxs0tvtdx4u8"},"id":"1ywasi2e5y2scm0","previousOperationId":"43g39kn44v9gsbv"}
{"type":"log","timestamp":1681290375256,"level":"debug","message":"Page request: GET (document) file:///C:/Users/puran/AppData/Local/Temp/jsreport/autocleanup/442be3c7-82ff-44dc-b88b-2e7292621a07-chrome-pdf.html","meta":{"rootId":"khppxs0tvtdx4u8","id":"khppxs0tvtdx4u8"},"id":"nf1ugupmqcs1bsw","previousOperationId":"43g39kn44v9gsbv"}
{"type":"log","timestamp":1681290375268,"level":"debug","message":"Page request finished: GET (document) 200 file:///C:/Users/puran/AppData/Local/Temp/jsreport/autocleanup/442be3c7-82ff-44dc-b88b-2e7292621a07-chrome-pdf.html","meta":{"rootId":"khppxs0tvtdx4u8","id":"khppxs0tvtdx4u8"},"id":"cxzwf7jzfmesouo","previousOperationId":"43g39kn44v9gsbv"}
{"type":"log","timestamp":1681290375287,"level":"debug","message":"Running chrome with params {\"timeout\":47517,\"margin\":{},\"printBackground\":true}","meta":{"rootId":"khppxs0tvtdx4u8","id":"khppxs0tvtdx4u8"},"id":"yml3h9l53ffrexa","previousOperationId":"43g39kn44v9gsbv"}
{"type":"operationEnd","operationId":"43g39kn44v9gsbv","timestamp":1681290375342,"id":"0dazvy71z0d9kqr","previousEventId":"0q5vugmel2xhavz","previousOperationId":"43g39kn44v9gsbv"}
{"type":"log","timestamp":1681290375343,"level":"debug","message":"Skipping storing report.","meta":{"rootId":"khppxs0tvtdx4u8","id":"khppxs0tvtdx4u8"},"id":"zv8dm6xxkqb8sq0","previousOperationId":"43g39kn44v9gsbv"}
{"type":"log","timestamp":1681290375343,"level":"info","message":"Rendering request 88 finished in 14235 ms","meta":{"rootId":"khppxs0tvtdx4u8","id":"khppxs0tvtdx4u8"},"id":"poyislyyiul0lwb","previousOperationId":"43g39kn44v9gsbv"}
{"type":"operationEnd","subtype":"render","operationId":"glx8falorn75c9o","timestamp":1681290375343,"id":"kc5hz4a60601yp9","previousEventId":"0dazvy71z0d9kqr","previousOperationId":"43g39kn44v9gsbv"}
{"type":"operationEnd","doDiffs":false,"previousEventId":"96cd6fjkiryosdo","previousOperationId":"wckjcp6l7wcc210","operationId":"wckjcp6l7wcc210","timestamp":1681290375345,"id":"5atv0bmetpdqcgk"}
