{"type":"operationStart","subtype":"profile","data":{"_id":"EI1EEl058CmRB5kM","timestamp":"2023-04-11T07:58:25.803Z","state":"queued","mode":"standard","timeout":60000,"creationDate":"2023-04-11T07:58:25.804Z","modificationDate":"2023-04-11T07:58:25.804Z","shortid":"zkTs9Tj","$entitySet":"profiles"},"doDiffs":false,"timestamp":1681199905804,"id":"56bx44ufvql6105","previousOperationId":null,"operationId":"e7ikqh37m9tpij6"}
{"type":"log","level":"info","message":"Render request 48 queued for execution and waiting for available worker","previousOperationId":"e7ikqh37m9tpij6","timestamp":1681199905804,"id":"rwg89umwgkyp5fd"}
{"type":"operationStart","subtype":"render","name":"anonymous","previousOperationId":"e7ikqh37m9tpij6","timestamp":1681199905820,"id":"01kyspyuu0zsprk","previousEventId":"56bx44ufvql6105","operationId":"oyxav2mxijnlq3x"}
{"type":"log","timestamp":1681199905820,"level":"info","message":"Starting rendering request 48","meta":{"rootId":"skg7we2h2w06t84","id":"skg7we2h2w06t84"},"id":"giw7l5o5v0mwpfx","previousOperationId":"oyxav2mxijnlq3x"}
{"type":"log","timestamp":1681199905820,"level":"info","message":"Rendering anonymous template { recipe: chrome-pdf, engine: none }","meta":{"rootId":"skg7we2h2w06t84","id":"skg7we2h2w06t84"},"id":"9vv8yktnjimzbw4","previousOperationId":"oyxav2mxijnlq3x"}
{"type":"log","timestamp":1681199905821,"level":"debug","message":"Data item not defined for this template.","meta":{"rootId":"skg7we2h2w06t84","id":"skg7we2h2w06t84"},"id":"pnzh1u85vrokbyg","previousOperationId":"oyxav2mxijnlq3x"}
{"type":"log","timestamp":1681199905822,"level":"debug","message":"Base url not specified, skipping its injection.","meta":{"rootId":"skg7we2h2w06t84","id":"skg7we2h2w06t84"},"id":"4pk9ugkes28wu83","previousOperationId":"oyxav2mxijnlq3x"}
{"type":"operationStart","subtype":"engine","name":"none","timestamp":1681199905823,"id":"obn6d0psricpetp","previousEventId":"01kyspyuu0zsprk","operationId":"hixdxgebimef9qp","previousOperationId":"oyxav2mxijnlq3x"}
{"type":"log","timestamp":1681199905823,"level":"debug","message":"Rendering engine none","meta":{"rootId":"skg7we2h2w06t84","id":"skg7we2h2w06t84"},"id":"w00y5yr0tm3k1i3","previousOperationId":"hixdxgebimef9qp"}
{"type":"operationEnd","operationId":"hixdxgebimef9qp","timestamp":1681199905836,"id":"fhxkyti51fyilge","previousEventId":"obn6d0psricpetp","previousOperationId":"hixdxgebimef9qp"}
{"type":"operationStart","subtype":"recipe","name":"chrome-pdf","timestamp":1681199905836,"id":"yacw4reoyv52o90","previousEventId":"fhxkyti51fyilge","operationId":"3i5lhoei92bzl0b","previousOperationId":"hixdxgebimef9qp"}
{"type":"log","timestamp":1681199905836,"level":"debug","message":"Executing recipe chrome-pdf","meta":{"rootId":"skg7we2h2w06t84","id":"skg7we2h2w06t84"},"id":"sj04hvp76odfv0q","previousOperationId":"3i5lhoei92bzl0b"}
{"type":"log","timestamp":1681199905839,"level":"debug","message":"Converting with chrome HeadlessChrome/105.0.5173.0 using chrome-pool strategy","meta":{"rootId":"skg7we2h2w06t84","id":"skg7we2h2w06t84"},"id":"mrfcsu76hyqjuhg","previousOperationId":"3i5lhoei92bzl0b"}
{"type":"log","timestamp":1681199906200,"level":"debug","message":"Page request: GET (document) file:///C:/Users/puran/AppData/Local/Temp/jsreport/autocleanup/cdc3725a-37f5-4298-ad37-c56c63f7c9d3-chrome-pdf.html","meta":{"rootId":"skg7we2h2w06t84","id":"skg7we2h2w06t84"},"id":"ibj8mymape65zqh","previousOperationId":"3i5lhoei92bzl0b"}
{"type":"log","timestamp":1681199906211,"level":"debug","message":"Page request finished: GET (document) 200 file:///C:/Users/puran/AppData/Local/Temp/jsreport/autocleanup/cdc3725a-37f5-4298-ad37-c56c63f7c9d3-chrome-pdf.html","meta":{"rootId":"skg7we2h2w06t84","id":"skg7we2h2w06t84"},"id":"dpyiydc1j1dat6q","previousOperationId":"3i5lhoei92bzl0b"}
{"type":"log","timestamp":1681199906224,"level":"debug","message":"Running chrome with params {\"timeout\":59965,\"margin\":{},\"printBackground\":true}","meta":{"rootId":"skg7we2h2w06t84","id":"skg7we2h2w06t84"},"id":"p8tcjj76l4ozaxe","previousOperationId":"3i5lhoei92bzl0b"}
{"type":"operationEnd","operationId":"3i5lhoei92bzl0b","timestamp":1681199906250,"id":"4nsqlys77dmz6px","previousEventId":"yacw4reoyv52o90","previousOperationId":"3i5lhoei92bzl0b"}
{"type":"log","timestamp":1681199906251,"level":"debug","message":"Skipping storing report.","meta":{"rootId":"skg7we2h2w06t84","id":"skg7we2h2w06t84"},"id":"z6f7zi6fvz7jyqz","previousOperationId":"3i5lhoei92bzl0b"}
{"type":"log","timestamp":1681199906251,"level":"info","message":"Rendering request 48 finished in 448 ms","meta":{"rootId":"skg7we2h2w06t84","id":"skg7we2h2w06t84"},"id":"r1kduix20rj9gdh","previousOperationId":"3i5lhoei92bzl0b"}
{"type":"operationEnd","subtype":"render","operationId":"oyxav2mxijnlq3x","timestamp":1681199906251,"id":"3vdvkf7sao9hgze","previousEventId":"4nsqlys77dmz6px","previousOperationId":"3i5lhoei92bzl0b"}
{"type":"operationEnd","doDiffs":false,"previousEventId":"56bx44ufvql6105","previousOperationId":"e7ikqh37m9tpij6","operationId":"e7ikqh37m9tpij6","timestamp":1681199906254,"id":"ajyl74cky04f1jy"}
