{"type":"operationStart","subtype":"profile","data":{"_id":"g6wHt7MBUoOgrlEz","timestamp":"2023-04-11T03:53:34.089Z","state":"queued","mode":"standard","creationDate":"2023-04-11T03:53:34.090Z","modificationDate":"2023-04-11T03:53:34.090Z","shortid":"sHLngNU","$entitySet":"profiles"},"doDiffs":false,"timestamp":1681185214090,"id":"e02x5flqw0fe3g1","previousOperationId":null,"operationId":"b7ed66cyhrfzt5u"}
{"type":"log","level":"info","message":"Render request 2 queued for execution and waiting for available worker","previousOperationId":"b7ed66cyhrfzt5u","timestamp":1681185214090,"id":"tbym22h5l4thht5"}
{"type":"operationStart","subtype":"render","name":"anonymous","previousOperationId":"b7ed66cyhrfzt5u","timestamp":1681185214101,"id":"o4bwfkfxl8mol63","previousEventId":"e02x5flqw0fe3g1","operationId":"4a8i8tqtpraef03"}
{"type":"log","timestamp":1681185214102,"level":"info","message":"Starting rendering request 2","meta":{"rootId":"tmpfrmze9dt37sj","id":"tmpfrmze9dt37sj"},"id":"h54gtk2iak4fs0o","previousOperationId":"4a8i8tqtpraef03"}
{"type":"log","timestamp":1681185214104,"level":"info","message":"Rendering anonymous template { recipe: chrome-pdf, engine: none }","meta":{"rootId":"tmpfrmze9dt37sj","id":"tmpfrmze9dt37sj"},"id":"viod6210n5s77vs","previousOperationId":"4a8i8tqtpraef03"}
{"type":"log","timestamp":1681185214104,"level":"debug","message":"Data item not defined for this template.","meta":{"rootId":"tmpfrmze9dt37sj","id":"tmpfrmze9dt37sj"},"id":"egl2dcc78fc7l45","previousOperationId":"4a8i8tqtpraef03"}
{"type":"log","timestamp":1681185214106,"level":"debug","message":"Base url not specified, skipping its injection.","meta":{"rootId":"tmpfrmze9dt37sj","id":"tmpfrmze9dt37sj"},"id":"j3466kmev0pvb4f","previousOperationId":"4a8i8tqtpraef03"}
{"type":"operationStart","subtype":"engine","name":"none","timestamp":1681185214107,"id":"dh2xqduwvms4yxp","previousEventId":"o4bwfkfxl8mol63","operationId":"1pvwumk8mdicwgj","previousOperationId":"4a8i8tqtpraef03"}
{"type":"log","timestamp":1681185214107,"level":"debug","message":"Rendering engine none","meta":{"rootId":"tmpfrmze9dt37sj","id":"tmpfrmze9dt37sj"},"id":"dd885didqurv962","previousOperationId":"1pvwumk8mdicwgj"}
{"type":"operationEnd","operationId":"1pvwumk8mdicwgj","timestamp":1681185214128,"id":"7ggcmhv8yhicwye","previousEventId":"dh2xqduwvms4yxp","previousOperationId":"1pvwumk8mdicwgj"}
{"type":"operationStart","subtype":"recipe","name":"chrome-pdf","timestamp":1681185214129,"id":"tuj3oorvxr811rd","previousEventId":"7ggcmhv8yhicwye","operationId":"q2tlaxoudukl1tu","previousOperationId":"1pvwumk8mdicwgj"}
{"type":"log","timestamp":1681185214129,"level":"debug","message":"Executing recipe chrome-pdf","meta":{"rootId":"tmpfrmze9dt37sj","id":"tmpfrmze9dt37sj"},"id":"v9jnq6vdc5ajliy","previousOperationId":"q2tlaxoudukl1tu"}
{"type":"log","timestamp":1681185214134,"level":"debug","message":"Converting with chrome HeadlessChrome/105.0.5173.0 using chrome-pool strategy","meta":{"rootId":"tmpfrmze9dt37sj","id":"tmpfrmze9dt37sj"},"id":"w69fdm9wbnoulxa","previousOperationId":"q2tlaxoudukl1tu"}
{"type":"log","timestamp":1681185214320,"level":"debug","message":"Page request: GET (document) file:///C:/Users/puran/AppData/Local/Temp/jsreport/autocleanup/11644669-3602-46b8-8d21-b9f93e6cfb1a-chrome-pdf.html","meta":{"rootId":"tmpfrmze9dt37sj","id":"tmpfrmze9dt37sj"},"id":"zz8m85eqitrqn90","previousOperationId":"q2tlaxoudukl1tu"}
{"type":"log","timestamp":1681185214343,"level":"debug","message":"Page request finished: GET (document) 200 file:///C:/Users/puran/AppData/Local/Temp/jsreport/autocleanup/11644669-3602-46b8-8d21-b9f93e6cfb1a-chrome-pdf.html","meta":{"rootId":"tmpfrmze9dt37sj","id":"tmpfrmze9dt37sj"},"id":"h6b35nz9qq7wfoj","previousOperationId":"q2tlaxoudukl1tu"}
{"type":"log","timestamp":1681185214363,"level":"debug","message":"Running chrome with params {\"timeout\":59956,\"margin\":{},\"printBackground\":true}","meta":{"rootId":"tmpfrmze9dt37sj","id":"tmpfrmze9dt37sj"},"id":"mm3x8ejjkrha37d","previousOperationId":"q2tlaxoudukl1tu"}
{"type":"operationEnd","operationId":"q2tlaxoudukl1tu","timestamp":1681185214386,"id":"w4r3x1gux83rwpx","previousEventId":"tuj3oorvxr811rd","previousOperationId":"q2tlaxoudukl1tu"}
{"type":"log","timestamp":1681185214386,"level":"debug","message":"Skipping storing report.","meta":{"rootId":"tmpfrmze9dt37sj","id":"tmpfrmze9dt37sj"},"id":"thhxm7pz4mo2opl","previousOperationId":"q2tlaxoudukl1tu"}
{"type":"log","timestamp":1681185214386,"level":"info","message":"Rendering request 2 finished in 298 ms","meta":{"rootId":"tmpfrmze9dt37sj","id":"tmpfrmze9dt37sj"},"id":"809yd1ort3a1ovo","previousOperationId":"q2tlaxoudukl1tu"}
{"type":"operationEnd","subtype":"render","operationId":"4a8i8tqtpraef03","timestamp":1681185214386,"id":"5wtgfh6s7imvbor","previousEventId":"w4r3x1gux83rwpx","previousOperationId":"q2tlaxoudukl1tu"}
{"type":"operationEnd","doDiffs":false,"previousEventId":"e02x5flqw0fe3g1","previousOperationId":"b7ed66cyhrfzt5u","operationId":"b7ed66cyhrfzt5u","timestamp":1681185214389,"id":"fy37pa79a8lzdcz"}
