{"type":"operationStart","subtype":"profile","data":{"_id":"5EjHLDw2Zf5dFYCI","timestamp":"2023-04-11T06:34:50.850Z","state":"queued","mode":"standard","timeout":60000,"creationDate":"2023-04-11T06:34:50.852Z","modificationDate":"2023-04-11T06:34:50.852Z","shortid":"aGhRBd_","$entitySet":"profiles"},"doDiffs":false,"timestamp":1681194890851,"id":"n164iugojclwoo3","previousOperationId":null,"operationId":"ct7eltbifeq19ug"}
{"type":"log","level":"info","message":"Render request 25 queued for execution and waiting for available worker","previousOperationId":"ct7eltbifeq19ug","timestamp":1681194890851,"id":"g5u1k3h7gfghf0j"}
{"type":"operationStart","subtype":"render","name":"BOSCH.html","previousOperationId":"ct7eltbifeq19ug","timestamp":1681194890866,"id":"k3mw7o7258ew9hr","previousEventId":"n164iugojclwoo3","operationId":"rjzw3v7yx59v00h"}
{"type":"log","timestamp":1681194890866,"level":"info","message":"Starting rendering request 25","meta":{"rootId":"0kq6vonegjstag8","id":"0kq6vonegjstag8"},"id":"ayf5m29zj6th5yw","previousOperationId":"rjzw3v7yx59v00h"}
{"type":"log","timestamp":1681194890866,"level":"info","message":"Rendering template { name: BOSCH.html, recipe: chrome-pdf, engine: handlebars, preview: true }","meta":{"rootId":"0kq6vonegjstag8","id":"0kq6vonegjstag8"},"id":"037vaeupmyytwll","previousOperationId":"rjzw3v7yx59v00h"}
{"type":"log","timestamp":1681194890867,"level":"debug","message":"Data item not defined for this template.","meta":{"rootId":"0kq6vonegjstag8","id":"0kq6vonegjstag8"},"id":"r47kw29xpy70t5c","previousOperationId":"rjzw3v7yx59v00h"}
{"type":"log","timestamp":1681194890874,"level":"debug","message":"Base url not specified, skipping its injection.","meta":{"rootId":"0kq6vonegjstag8","id":"0kq6vonegjstag8"},"id":"vtn2p5kfngfjisk","previousOperationId":"rjzw3v7yx59v00h"}
{"type":"operationStart","subtype":"engine","name":"handlebars","timestamp":1681194890875,"id":"po6u9lk4wla83gv","previousEventId":"k3mw7o7258ew9hr","operationId":"rlc5885cb3f6v73","previousOperationId":"rjzw3v7yx59v00h"}
{"type":"log","timestamp":1681194890875,"level":"debug","message":"Rendering engine handlebars","meta":{"rootId":"0kq6vonegjstag8","id":"0kq6vonegjstag8"},"id":"2adkwx4aanm64if","previousOperationId":"rlc5885cb3f6v73"}
{"type":"operationEnd","operationId":"rlc5885cb3f6v73","timestamp":1681194890900,"id":"but96xromf5z3ae","previousEventId":"po6u9lk4wla83gv","previousOperationId":"rlc5885cb3f6v73"}
{"type":"operationStart","subtype":"recipe","name":"chrome-pdf","timestamp":1681194890901,"id":"d1q520x2mm59qa7","previousEventId":"but96xromf5z3ae","operationId":"5xwluotn0w6g2yx","previousOperationId":"rlc5885cb3f6v73"}
{"type":"log","timestamp":1681194890901,"level":"debug","message":"Executing recipe chrome-pdf","meta":{"rootId":"0kq6vonegjstag8","id":"0kq6vonegjstag8"},"id":"nqh41eed7k9xxmr","previousOperationId":"5xwluotn0w6g2yx"}
{"type":"log","timestamp":1681194890910,"level":"debug","message":"Converting with chrome HeadlessChrome/105.0.5173.0 using chrome-pool strategy","meta":{"rootId":"0kq6vonegjstag8","id":"0kq6vonegjstag8"},"id":"l7518jh6u2ccg50","previousOperationId":"5xwluotn0w6g2yx"}
{"type":"log","timestamp":1681194891101,"level":"debug","message":"Page request: GET (document) file:///C:/Users/puran/AppData/Local/Temp/jsreport/autocleanup/911aad5d-7771-41d7-bfdf-772b0f034ddd-chrome-pdf.html","meta":{"rootId":"0kq6vonegjstag8","id":"0kq6vonegjstag8"},"id":"x2pwmmnk0mikjev","previousOperationId":"5xwluotn0w6g2yx"}
{"type":"log","timestamp":1681194891117,"level":"debug","message":"Page request finished: GET (document) 200 file:///C:/Users/puran/AppData/Local/Temp/jsreport/autocleanup/911aad5d-7771-41d7-bfdf-772b0f034ddd-chrome-pdf.html","meta":{"rootId":"0kq6vonegjstag8","id":"0kq6vonegjstag8"},"id":"dhr2ue7ua87ecma","previousOperationId":"5xwluotn0w6g2yx"}
{"type":"log","timestamp":1681194891117,"level":"debug","message":"Page request: GET (image) file:///C:/Users/puran/AppData/Local/Temp/jsreport/autocleanup/logo.png","meta":{"rootId":"0kq6vonegjstag8","id":"0kq6vonegjstag8"},"id":"4ska3rvufsj0ti5","previousOperationId":"5xwluotn0w6g2yx"}
{"type":"log","timestamp":1681194891119,"level":"warn","message":"Page request failed: GET (image) file:///C:/Users/puran/AppData/Local/Temp/jsreport/autocleanup/logo.png, failure: net::ERR_FILE_NOT_FOUND","meta":{"rootId":"0kq6vonegjstag8","id":"0kq6vonegjstag8"},"id":"qx7zhjtjcfeicf7","previousOperationId":"5xwluotn0w6g2yx"}
{"type":"log","timestamp":1681194891120,"level":"debug","message":"(console:error) Failed to load resource: net::ERR_FILE_NOT_FOUND","meta":{"userLevel":true,"rootId":"0kq6vonegjstag8","id":"0kq6vonegjstag8"},"id":"h9401jug75rtege","previousOperationId":"5xwluotn0w6g2yx"}
{"type":"log","timestamp":1681194891160,"level":"debug","message":"Running chrome with params {\"printBackground\":true,\"timeout\":59944,\"margin\":{}}","meta":{"rootId":"0kq6vonegjstag8","id":"0kq6vonegjstag8"},"id":"dshaslzj8nrylxh","previousOperationId":"5xwluotn0w6g2yx"}
{"type":"operationEnd","operationId":"5xwluotn0w6g2yx","timestamp":1681194891259,"id":"da49286ahw4c9cz","previousEventId":"d1q520x2mm59qa7","previousOperationId":"5xwluotn0w6g2yx"}
{"type":"log","timestamp":1681194891260,"level":"debug","message":"Skipping storing report.","meta":{"rootId":"0kq6vonegjstag8","id":"0kq6vonegjstag8"},"id":"pt34ywjujiz1oan","previousOperationId":"5xwluotn0w6g2yx"}
{"type":"log","timestamp":1681194891260,"level":"info","message":"Rendering request 25 finished in 410 ms","meta":{"rootId":"0kq6vonegjstag8","id":"0kq6vonegjstag8"},"id":"j7ef3q22r59o10d","previousOperationId":"5xwluotn0w6g2yx"}
{"type":"operationEnd","subtype":"render","operationId":"rjzw3v7yx59v00h","timestamp":1681194891260,"id":"hhdlxy4j1kw1jo6","previousEventId":"da49286ahw4c9cz","previousOperationId":"5xwluotn0w6g2yx"}
{"type":"operationEnd","doDiffs":false,"previousEventId":"n164iugojclwoo3","previousOperationId":"ct7eltbifeq19ug","operationId":"ct7eltbifeq19ug","timestamp":1681194891264,"id":"t310hi7s8z29kaw"}
