{"type":"operationStart","subtype":"profile","data":{"_id":"4bGeDdSAF1MWlScL","timestamp":"2023-04-11T06:10:23.740Z","state":"queued","mode":"standard","timeout":60000,"creationDate":"2023-04-11T06:10:23.745Z","modificationDate":"2023-04-11T06:10:23.745Z","shortid":"Q5tkXuV","$entitySet":"profiles"},"doDiffs":false,"timestamp":1681193423744,"id":"fy4ob2wk2b547ue","previousOperationId":null,"operationId":"yp2bor710ib5hdd"}
{"type":"log","level":"info","message":"Render request 9 queued for execution and waiting for available worker","previousOperationId":"yp2bor710ib5hdd","timestamp":1681193423744,"id":"5mnee10jnrejp86"}
{"type":"operationStart","subtype":"render","name":"BOSCH.html","previousOperationId":"yp2bor710ib5hdd","timestamp":1681193423756,"id":"fdpec3wzopd334m","previousEventId":"fy4ob2wk2b547ue","operationId":"4b4igeh43b85fc5"}
{"type":"log","timestamp":1681193423758,"level":"info","message":"Starting rendering request 9","meta":{"rootId":"1y45g1wxk9c6ifk","id":"1y45g1wxk9c6ifk"},"id":"k69k8wwth8m4t2n","previousOperationId":"4b4igeh43b85fc5"}
{"type":"log","timestamp":1681193423759,"level":"info","message":"Rendering template { name: BOSCH.html, recipe: chrome-pdf, engine: handlebars, preview: true }","meta":{"rootId":"1y45g1wxk9c6ifk","id":"1y45g1wxk9c6ifk"},"id":"8f250mrtwtx0lxc","previousOperationId":"4b4igeh43b85fc5"}
{"type":"log","timestamp":1681193423761,"level":"debug","message":"Data item not defined for this template.","meta":{"rootId":"1y45g1wxk9c6ifk","id":"1y45g1wxk9c6ifk"},"id":"vd59cea7q5e0bdw","previousOperationId":"4b4igeh43b85fc5"}
{"type":"log","timestamp":1681193423764,"level":"debug","message":"Base url not specified, skipping its injection.","meta":{"rootId":"1y45g1wxk9c6ifk","id":"1y45g1wxk9c6ifk"},"id":"qy2set05nsp6a54","previousOperationId":"4b4igeh43b85fc5"}
{"type":"operationStart","subtype":"engine","name":"handlebars","timestamp":1681193423765,"id":"bb1f0ok4f8ghhhl","previousEventId":"fdpec3wzopd334m","operationId":"ier39jald5w7b69","previousOperationId":"4b4igeh43b85fc5"}
{"type":"log","timestamp":1681193423765,"level":"debug","message":"Rendering engine handlebars","meta":{"rootId":"1y45g1wxk9c6ifk","id":"1y45g1wxk9c6ifk"},"id":"tkgm5rb9juee278","previousOperationId":"ier39jald5w7b69"}
{"type":"operationEnd","operationId":"ier39jald5w7b69","timestamp":1681193423789,"id":"kbguji2zbjez4xp","previousEventId":"bb1f0ok4f8ghhhl","previousOperationId":"ier39jald5w7b69"}
{"type":"operationStart","subtype":"recipe","name":"chrome-pdf","timestamp":1681193423790,"id":"ver1trun33n5p1f","previousEventId":"kbguji2zbjez4xp","operationId":"xbcop9zahmlhaks","previousOperationId":"ier39jald5w7b69"}
{"type":"log","timestamp":1681193423790,"level":"debug","message":"Executing recipe chrome-pdf","meta":{"rootId":"1y45g1wxk9c6ifk","id":"1y45g1wxk9c6ifk"},"id":"o3n22fpi9bfahbb","previousOperationId":"xbcop9zahmlhaks"}
{"type":"log","timestamp":1681193423804,"level":"debug","message":"Converting with chrome HeadlessChrome/105.0.5173.0 using chrome-pool strategy","meta":{"rootId":"1y45g1wxk9c6ifk","id":"1y45g1wxk9c6ifk"},"id":"gk0tzp6kfedyco7","previousOperationId":"xbcop9zahmlhaks"}
{"type":"log","timestamp":1681193424796,"level":"debug","message":"Page request: GET (document) file:///C:/Users/puran/AppData/Local/Temp/jsreport/autocleanup/3ead5b90-a827-49d7-bbc9-2fb09df0aa29-chrome-pdf.html","meta":{"rootId":"1y45g1wxk9c6ifk","id":"1y45g1wxk9c6ifk"},"id":"ewvnac1w1k3peke","previousOperationId":"xbcop9zahmlhaks"}
{"type":"log","timestamp":1681193424819,"level":"debug","message":"Page request finished: GET (document) 200 file:///C:/Users/puran/AppData/Local/Temp/jsreport/autocleanup/3ead5b90-a827-49d7-bbc9-2fb09df0aa29-chrome-pdf.html","meta":{"rootId":"1y45g1wxk9c6ifk","id":"1y45g1wxk9c6ifk"},"id":"6z2h74xmn21e3ou","previousOperationId":"xbcop9zahmlhaks"}
{"type":"log","timestamp":1681193424856,"level":"debug","message":"Running chrome with params {\"printBackground\":true,\"timeout\":59941,\"margin\":{}}","meta":{"rootId":"1y45g1wxk9c6ifk","id":"1y45g1wxk9c6ifk"},"id":"y2jiyyox1lgny07","previousOperationId":"xbcop9zahmlhaks"}
{"type":"operationEnd","operationId":"xbcop9zahmlhaks","timestamp":1681193424920,"id":"p93tdfs1mp59ndj","previousEventId":"ver1trun33n5p1f","previousOperationId":"xbcop9zahmlhaks"}
{"type":"log","timestamp":1681193424921,"level":"debug","message":"Skipping storing report.","meta":{"rootId":"1y45g1wxk9c6ifk","id":"1y45g1wxk9c6ifk"},"id":"n5cgdkuiwvhpshg","previousOperationId":"xbcop9zahmlhaks"}
{"type":"log","timestamp":1681193424921,"level":"info","message":"Rendering request 9 finished in 1182 ms","meta":{"rootId":"1y45g1wxk9c6ifk","id":"1y45g1wxk9c6ifk"},"id":"0i74456dzkp30lc","previousOperationId":"xbcop9zahmlhaks"}
{"type":"operationEnd","subtype":"render","operationId":"4b4igeh43b85fc5","timestamp":1681193424921,"id":"a316aau9wvrdcsc","previousEventId":"p93tdfs1mp59ndj","previousOperationId":"xbcop9zahmlhaks"}
{"type":"operationEnd","doDiffs":false,"previousEventId":"fy4ob2wk2b547ue","previousOperationId":"yp2bor710ib5hdd","operationId":"yp2bor710ib5hdd","timestamp":1681193424927,"id":"s8tj44x0p8mp86t"}
