{"type":"operationStart","subtype":"profile","data":{"_id":"olocgeUrpGMnKKAK","timestamp":"2023-04-11T06:16:59.354Z","state":"queued","mode":"standard","timeout":60000,"creationDate":"2023-04-11T06:16:59.358Z","modificationDate":"2023-04-11T06:16:59.358Z","shortid":"wHLkalT","$entitySet":"profiles"},"doDiffs":false,"timestamp":1681193819357,"id":"fk87x6o6lhlt232","previousOperationId":null,"operationId":"njk47t21m289szc"}
{"type":"log","level":"info","message":"Render request 16 queued for execution and waiting for available worker","previousOperationId":"njk47t21m289szc","timestamp":1681193819357,"id":"ehp517gij6s7rrq"}
{"type":"operationStart","subtype":"render","name":"BOSCH.html","previousOperationId":"njk47t21m289szc","timestamp":1681193823259,"id":"ui3dwlpx94ek4cf","previousEventId":"fk87x6o6lhlt232","operationId":"478fml4ze1zi900"}
{"type":"log","timestamp":1681193823260,"level":"info","message":"Starting rendering request 16","meta":{"rootId":"2tek4w1ovdzxnns","id":"2tek4w1ovdzxnns"},"id":"ri5qic4vydv71qw","previousOperationId":"478fml4ze1zi900"}
{"type":"log","timestamp":1681193823260,"level":"info","message":"Rendering template { name: BOSCH.html, recipe: chrome-pdf, engine: handlebars, preview: true }","meta":{"rootId":"2tek4w1ovdzxnns","id":"2tek4w1ovdzxnns"},"id":"l9hlr3lnxmvadrg","previousOperationId":"478fml4ze1zi900"}
{"type":"log","timestamp":1681193823261,"level":"debug","message":"Data item not defined for this template.","meta":{"rootId":"2tek4w1ovdzxnns","id":"2tek4w1ovdzxnns"},"id":"ldzc96n6v5m7bjb","previousOperationId":"478fml4ze1zi900"}
{"type":"log","timestamp":1681193823264,"level":"debug","message":"Base url not specified, skipping its injection.","meta":{"rootId":"2tek4w1ovdzxnns","id":"2tek4w1ovdzxnns"},"id":"mjs5g0sl3dprkfg","previousOperationId":"478fml4ze1zi900"}
{"type":"operationStart","subtype":"engine","name":"handlebars","timestamp":1681193823265,"id":"w18wwedd1575rvn","previousEventId":"ui3dwlpx94ek4cf","operationId":"pw3l5qv1ehpa0yn","previousOperationId":"478fml4ze1zi900"}
{"type":"log","timestamp":1681193823265,"level":"debug","message":"Rendering engine handlebars","meta":{"rootId":"2tek4w1ovdzxnns","id":"2tek4w1ovdzxnns"},"id":"uix17uf7cuhe1zw","previousOperationId":"pw3l5qv1ehpa0yn"}
{"type":"operationEnd","operationId":"pw3l5qv1ehpa0yn","timestamp":1681193823297,"id":"apjbvrdty34kyv1","previousEventId":"w18wwedd1575rvn","previousOperationId":"pw3l5qv1ehpa0yn"}
{"type":"operationStart","subtype":"recipe","name":"chrome-pdf","timestamp":1681193823298,"id":"p6o7zb9f0as50wz","previousEventId":"apjbvrdty34kyv1","operationId":"pc8pg20cmleerlr","previousOperationId":"pw3l5qv1ehpa0yn"}
{"type":"log","timestamp":1681193823298,"level":"debug","message":"Executing recipe chrome-pdf","meta":{"rootId":"2tek4w1ovdzxnns","id":"2tek4w1ovdzxnns"},"id":"cevnxrtdnrud55t","previousOperationId":"pc8pg20cmleerlr"}
{"type":"log","timestamp":1681193823307,"level":"debug","message":"Converting with chrome HeadlessChrome/105.0.5173.0 using chrome-pool strategy","meta":{"rootId":"2tek4w1ovdzxnns","id":"2tek4w1ovdzxnns"},"id":"upii4wezvaa9zdk","previousOperationId":"pc8pg20cmleerlr"}
{"type":"log","timestamp":1681193825707,"level":"debug","message":"Page request: GET (document) file:///C:/Users/puran/AppData/Local/Temp/jsreport/autocleanup/d2bae1c3-0469-43c0-a8f2-ed581e6daa8e-chrome-pdf.html","meta":{"rootId":"2tek4w1ovdzxnns","id":"2tek4w1ovdzxnns"},"id":"f73n4mvsklw97vf","previousOperationId":"pc8pg20cmleerlr"}
{"type":"log","timestamp":1681193825721,"level":"debug","message":"Page request finished: GET (document) 200 file:///C:/Users/puran/AppData/Local/Temp/jsreport/autocleanup/d2bae1c3-0469-43c0-a8f2-ed581e6daa8e-chrome-pdf.html","meta":{"rootId":"2tek4w1ovdzxnns","id":"2tek4w1ovdzxnns"},"id":"8scily93euluu8q","previousOperationId":"pc8pg20cmleerlr"}
{"type":"log","timestamp":1681193825757,"level":"debug","message":"Running chrome with params {\"printBackground\":true,\"timeout\":56050,\"margin\":{}}","meta":{"rootId":"2tek4w1ovdzxnns","id":"2tek4w1ovdzxnns"},"id":"yb5ja2v79nylnp8","previousOperationId":"pc8pg20cmleerlr"}
{"type":"operationEnd","operationId":"pc8pg20cmleerlr","timestamp":1681193825824,"id":"6kr7biadpbtomw1","previousEventId":"p6o7zb9f0as50wz","previousOperationId":"pc8pg20cmleerlr"}
{"type":"log","timestamp":1681193825824,"level":"debug","message":"Skipping storing report.","meta":{"rootId":"2tek4w1ovdzxnns","id":"2tek4w1ovdzxnns"},"id":"k90of6zl1zybboz","previousOperationId":"pc8pg20cmleerlr"}
{"type":"log","timestamp":1681193825824,"level":"info","message":"Rendering request 16 finished in 6470 ms","meta":{"rootId":"2tek4w1ovdzxnns","id":"2tek4w1ovdzxnns"},"id":"ov1we4qbb401ne5","previousOperationId":"pc8pg20cmleerlr"}
{"type":"operationEnd","subtype":"render","operationId":"478fml4ze1zi900","timestamp":1681193825824,"id":"h0bk8p1xino7lwx","previousEventId":"6kr7biadpbtomw1","previousOperationId":"pc8pg20cmleerlr"}
{"type":"operationEnd","doDiffs":false,"previousEventId":"fk87x6o6lhlt232","previousOperationId":"njk47t21m289szc","operationId":"njk47t21m289szc","timestamp":1681193825828,"id":"kslqfowa5y583ie"}
