{"type":"operationStart","subtype":"profile","data":{"_id":"kgpVjerj1lzDS7jm","timestamp":"2023-04-11T06:32:41.733Z","state":"queued","mode":"standard","timeout":60000,"creationDate":"2023-04-11T06:32:41.735Z","modificationDate":"2023-04-11T06:32:41.735Z","shortid":"37KQWQU","$entitySet":"profiles"},"doDiffs":false,"timestamp":1681194761734,"id":"s26pdg2uwfp8t7p","previousOperationId":null,"operationId":"3a9uw91ja9pmpza"}
{"type":"log","level":"info","message":"Render request 23 queued for execution and waiting for available worker","previousOperationId":"3a9uw91ja9pmpza","timestamp":1681194761734,"id":"gtw9sndyqaljzt6"}
{"type":"operationStart","subtype":"render","name":"BOSCH.html","previousOperationId":"3a9uw91ja9pmpza","timestamp":1681194761773,"id":"rq7mfj0tzmt0rwe","previousEventId":"s26pdg2uwfp8t7p","operationId":"jfyloynyt6d8m0v"}
{"type":"log","timestamp":1681194761774,"level":"info","message":"Starting rendering request 23","meta":{"rootId":"4e9zx26vazz0kle","id":"4e9zx26vazz0kle"},"id":"r893t2wu5iuar7z","previousOperationId":"jfyloynyt6d8m0v"}
{"type":"log","timestamp":1681194761774,"level":"info","message":"Rendering template { name: BOSCH.html, recipe: chrome-pdf, engine: handlebars, preview: true }","meta":{"rootId":"4e9zx26vazz0kle","id":"4e9zx26vazz0kle"},"id":"90kcy7on8l9y9dx","previousOperationId":"jfyloynyt6d8m0v"}
{"type":"log","timestamp":1681194761775,"level":"debug","message":"Data item not defined for this template.","meta":{"rootId":"4e9zx26vazz0kle","id":"4e9zx26vazz0kle"},"id":"fi2tvk9miw4wmub","previousOperationId":"jfyloynyt6d8m0v"}
{"type":"log","timestamp":1681194761777,"level":"debug","message":"Base url not specified, skipping its injection.","meta":{"rootId":"4e9zx26vazz0kle","id":"4e9zx26vazz0kle"},"id":"bywn1cqfchlv3ww","previousOperationId":"jfyloynyt6d8m0v"}
{"type":"operationStart","subtype":"engine","name":"handlebars","timestamp":1681194761781,"id":"jfoqo6ud4eqctrs","previousEventId":"rq7mfj0tzmt0rwe","operationId":"tm2m3ehhb4iq2w0","previousOperationId":"jfyloynyt6d8m0v"}
{"type":"log","timestamp":1681194761781,"level":"debug","message":"Rendering engine handlebars","meta":{"rootId":"4e9zx26vazz0kle","id":"4e9zx26vazz0kle"},"id":"o7hdlt097s33gzp","previousOperationId":"tm2m3ehhb4iq2w0"}
{"type":"operationEnd","operationId":"tm2m3ehhb4iq2w0","timestamp":1681194761804,"id":"2vdimmcck5lagkf","previousEventId":"jfoqo6ud4eqctrs","previousOperationId":"tm2m3ehhb4iq2w0"}
{"type":"operationStart","subtype":"recipe","name":"chrome-pdf","timestamp":1681194761804,"id":"w68sdqqdx54ww16","previousEventId":"2vdimmcck5lagkf","operationId":"9k2cajphbl7bpqt","previousOperationId":"tm2m3ehhb4iq2w0"}
{"type":"log","timestamp":1681194761805,"level":"debug","message":"Executing recipe chrome-pdf","meta":{"rootId":"4e9zx26vazz0kle","id":"4e9zx26vazz0kle"},"id":"xgok1e2ge4hp1oq","previousOperationId":"9k2cajphbl7bpqt"}
{"type":"log","timestamp":1681194761823,"level":"debug","message":"Converting with chrome HeadlessChrome/105.0.5173.0 using chrome-pool strategy","meta":{"rootId":"4e9zx26vazz0kle","id":"4e9zx26vazz0kle"},"id":"zf6ozcn3ytpa2pd","previousOperationId":"9k2cajphbl7bpqt"}
{"type":"log","timestamp":1681194762011,"level":"debug","message":"Page request: GET (document) file:///C:/Users/puran/AppData/Local/Temp/jsreport/autocleanup/0189af63-d6de-4c26-8e4c-8b6a1f90a7b1-chrome-pdf.html","meta":{"rootId":"4e9zx26vazz0kle","id":"4e9zx26vazz0kle"},"id":"tu7ml75nuxs5z8y","previousOperationId":"9k2cajphbl7bpqt"}
{"type":"log","timestamp":1681194762033,"level":"debug","message":"Page request finished: GET (document) 200 file:///C:/Users/puran/AppData/Local/Temp/jsreport/autocleanup/0189af63-d6de-4c26-8e4c-8b6a1f90a7b1-chrome-pdf.html","meta":{"rootId":"4e9zx26vazz0kle","id":"4e9zx26vazz0kle"},"id":"e6xm7yrhu2bc5qq","previousOperationId":"9k2cajphbl7bpqt"}
{"type":"log","timestamp":1681194762034,"level":"debug","message":"Page request: GET (image) file:///C:/Users/puran/AppData/Local/Temp/jsreport/autocleanup/logo.png","meta":{"rootId":"4e9zx26vazz0kle","id":"4e9zx26vazz0kle"},"id":"w23q5d7crina1pi","previousOperationId":"9k2cajphbl7bpqt"}
{"type":"log","timestamp":1681194762036,"level":"warn","message":"Page request failed: GET (image) file:///C:/Users/puran/AppData/Local/Temp/jsreport/autocleanup/logo.png, failure: net::ERR_FILE_NOT_FOUND","meta":{"rootId":"4e9zx26vazz0kle","id":"4e9zx26vazz0kle"},"id":"22tkcyoqkhfds6a","previousOperationId":"9k2cajphbl7bpqt"}
{"type":"log","timestamp":1681194762036,"level":"debug","message":"(console:error) Failed to load resource: net::ERR_FILE_NOT_FOUND","meta":{"userLevel":true,"rootId":"4e9zx26vazz0kle","id":"4e9zx26vazz0kle"},"id":"e5y9ywxzv4aig1q","previousOperationId":"9k2cajphbl7bpqt"}
{"type":"log","timestamp":1681194762087,"level":"debug","message":"Running chrome with params {\"printBackground\":true,\"timeout\":59912,\"margin\":{}}","meta":{"rootId":"4e9zx26vazz0kle","id":"4e9zx26vazz0kle"},"id":"7eo2jaq2gann7mc","previousOperationId":"9k2cajphbl7bpqt"}
{"type":"operationEnd","operationId":"9k2cajphbl7bpqt","timestamp":1681194762234,"id":"6n79k8m3l7xdzdd","previousEventId":"w68sdqqdx54ww16","previousOperationId":"9k2cajphbl7bpqt"}
{"type":"log","timestamp":1681194762235,"level":"debug","message":"Skipping storing report.","meta":{"rootId":"4e9zx26vazz0kle","id":"4e9zx26vazz0kle"},"id":"lzcrxn33p61x8jp","previousOperationId":"9k2cajphbl7bpqt"}
{"type":"log","timestamp":1681194762235,"level":"info","message":"Rendering request 23 finished in 503 ms","meta":{"rootId":"4e9zx26vazz0kle","id":"4e9zx26vazz0kle"},"id":"6tqhqpymyf6qkmy","previousOperationId":"9k2cajphbl7bpqt"}
{"type":"operationEnd","subtype":"render","operationId":"jfyloynyt6d8m0v","timestamp":1681194762235,"id":"c6c5vnvgepv56gv","previousEventId":"6n79k8m3l7xdzdd","previousOperationId":"9k2cajphbl7bpqt"}
{"type":"operationEnd","doDiffs":false,"previousEventId":"s26pdg2uwfp8t7p","previousOperationId":"3a9uw91ja9pmpza","operationId":"3a9uw91ja9pmpza","timestamp":1681194762240,"id":"mn6pmdf2zf2lxhm"}
