{"type":"operationStart","subtype":"profile","data":{"_id":"1detc9VDnRElJFaU","timestamp":"2023-04-11T06:10:08.031Z","state":"queued","mode":"standard","timeout":60000,"creationDate":"2023-04-11T06:10:08.033Z","modificationDate":"2023-04-11T06:10:08.033Z","shortid":"03SHqtP","$entitySet":"profiles"},"doDiffs":false,"timestamp":1681193408032,"id":"brtmzfqkit2lgcj","previousOperationId":null,"operationId":"1inm495ttye6wgz"}
{"type":"log","level":"info","message":"Render request 8 queued for execution and waiting for available worker","previousOperationId":"1inm495ttye6wgz","timestamp":1681193408032,"id":"tkszvrrwfe0hyad"}
{"type":"operationStart","subtype":"render","name":"BOSCH.html","previousOperationId":"1inm495ttye6wgz","timestamp":1681193408046,"id":"ekhjp9ykqisfq3f","previousEventId":"brtmzfqkit2lgcj","operationId":"3zzssrtir4ueyix"}
{"type":"log","timestamp":1681193408048,"level":"info","message":"Starting rendering request 8","meta":{"rootId":"57eta24z9njiumv","id":"57eta24z9njiumv"},"id":"j399jylqlz9cnny","previousOperationId":"3zzssrtir4ueyix"}
{"type":"log","timestamp":1681193408048,"level":"info","message":"Rendering template { name: BOSCH.html, recipe: chrome-pdf, engine: handlebars, preview: true }","meta":{"rootId":"57eta24z9njiumv","id":"57eta24z9njiumv"},"id":"zii08pzcfjp4h3o","previousOperationId":"3zzssrtir4ueyix"}
{"type":"log","timestamp":1681193408050,"level":"debug","message":"Data item not defined for this template.","meta":{"rootId":"57eta24z9njiumv","id":"57eta24z9njiumv"},"id":"rjrzhpf5m3dtgw0","previousOperationId":"3zzssrtir4ueyix"}
{"type":"log","timestamp":1681193408060,"level":"debug","message":"Base url not specified, skipping its injection.","meta":{"rootId":"57eta24z9njiumv","id":"57eta24z9njiumv"},"id":"x6jee217m117gzc","previousOperationId":"3zzssrtir4ueyix"}
{"type":"operationStart","subtype":"engine","name":"handlebars","timestamp":1681193408065,"id":"crgl1oyomhpisve","previousEventId":"ekhjp9ykqisfq3f","operationId":"x64sqycrektapu4","previousOperationId":"3zzssrtir4ueyix"}
{"type":"log","timestamp":1681193408065,"level":"debug","message":"Rendering engine handlebars","meta":{"rootId":"57eta24z9njiumv","id":"57eta24z9njiumv"},"id":"lwunjney72mrklj","previousOperationId":"x64sqycrektapu4"}
{"type":"operationEnd","operationId":"x64sqycrektapu4","timestamp":1681193408098,"id":"kvmzjrlihda1ohd","previousEventId":"crgl1oyomhpisve","previousOperationId":"x64sqycrektapu4"}
{"type":"operationStart","subtype":"recipe","name":"chrome-pdf","timestamp":1681193408099,"id":"v1fa3yhmt52jw1z","previousEventId":"kvmzjrlihda1ohd","operationId":"9sfes4rbid6mltt","previousOperationId":"x64sqycrektapu4"}
{"type":"log","timestamp":1681193408099,"level":"debug","message":"Executing recipe chrome-pdf","meta":{"rootId":"57eta24z9njiumv","id":"57eta24z9njiumv"},"id":"d79fcg0k3bd62tk","previousOperationId":"9sfes4rbid6mltt"}
{"type":"log","timestamp":1681193408102,"level":"debug","message":"Converting with chrome HeadlessChrome/105.0.5173.0 using chrome-pool strategy","meta":{"rootId":"57eta24z9njiumv","id":"57eta24z9njiumv"},"id":"42574v0mcejmowu","previousOperationId":"9sfes4rbid6mltt"}
{"type":"log","timestamp":1681193410564,"level":"debug","message":"Page request: GET (document) file:///C:/Users/puran/AppData/Local/Temp/jsreport/autocleanup/ab8979fa-0559-4ce8-8e01-1bc43dcc884b-chrome-pdf.html","meta":{"rootId":"57eta24z9njiumv","id":"57eta24z9njiumv"},"id":"9yd62n36a0r4s84","previousOperationId":"9sfes4rbid6mltt"}
{"type":"log","timestamp":1681193411035,"level":"debug","message":"Page request finished: GET (document) 200 file:///C:/Users/puran/AppData/Local/Temp/jsreport/autocleanup/ab8979fa-0559-4ce8-8e01-1bc43dcc884b-chrome-pdf.html","meta":{"rootId":"57eta24z9njiumv","id":"57eta24z9njiumv"},"id":"0yua1palzj5flah","previousOperationId":"9sfes4rbid6mltt"}
{"type":"log","timestamp":1681193411723,"level":"debug","message":"Running chrome with params {\"printBackground\":true,\"timeout\":59930,\"margin\":{}}","meta":{"rootId":"57eta24z9njiumv","id":"57eta24z9njiumv"},"id":"46dl9ek3qlc73zo","previousOperationId":"9sfes4rbid6mltt"}
{"type":"operationEnd","operationId":"9sfes4rbid6mltt","timestamp":1681193412523,"id":"sltflbmcvqq85jc","previousEventId":"v1fa3yhmt52jw1z","previousOperationId":"9sfes4rbid6mltt"}
{"type":"log","timestamp":1681193412523,"level":"debug","message":"Skipping storing report.","meta":{"rootId":"57eta24z9njiumv","id":"57eta24z9njiumv"},"id":"pjg7pc9vg2z5klg","previousOperationId":"9sfes4rbid6mltt"}
{"type":"log","timestamp":1681193412523,"level":"info","message":"Rendering request 8 finished in 4492 ms","meta":{"rootId":"57eta24z9njiumv","id":"57eta24z9njiumv"},"id":"huqk8px10gr9gql","previousOperationId":"9sfes4rbid6mltt"}
{"type":"operationEnd","subtype":"render","operationId":"3zzssrtir4ueyix","timestamp":1681193412523,"id":"08tg91nvstbjy42","previousEventId":"sltflbmcvqq85jc","previousOperationId":"9sfes4rbid6mltt"}
{"type":"operationEnd","doDiffs":false,"previousEventId":"brtmzfqkit2lgcj","previousOperationId":"1inm495ttye6wgz","operationId":"1inm495ttye6wgz","timestamp":1681193412530,"id":"9aki8v10oxlica4"}
