{"type":"operationStart","subtype":"profile","data":{"_id":"oIScESRZJNYenZUk","timestamp":"2023-04-11T06:44:03.698Z","state":"queued","mode":"standard","timeout":60000,"creationDate":"2023-04-11T06:44:03.700Z","modificationDate":"2023-04-11T06:44:03.700Z","shortid":"CMlT7q0","$entitySet":"profiles"},"doDiffs":false,"timestamp":1681195443699,"id":"4a2pue1i18ogleg","previousOperationId":null,"operationId":"kon1qowhtsd3x7q"}
{"type":"log","level":"info","message":"Render request 31 queued for execution and waiting for available worker","previousOperationId":"kon1qowhtsd3x7q","timestamp":1681195443700,"id":"h2iw3jpdfwsyu9r"}
{"type":"operationStart","subtype":"render","name":"BOSCH.html","previousOperationId":"kon1qowhtsd3x7q","timestamp":1681195443713,"id":"2itewd7ruvolnem","previousEventId":"4a2pue1i18ogleg","operationId":"a8hlq8fw10i5pqa"}
{"type":"log","timestamp":1681195443713,"level":"info","message":"Starting rendering request 31","meta":{"rootId":"7iz9jqd7qvlhc5k","id":"7iz9jqd7qvlhc5k"},"id":"fwq0mefonozsyid","previousOperationId":"a8hlq8fw10i5pqa"}
{"type":"log","timestamp":1681195443714,"level":"info","message":"Rendering template { name: BOSCH.html, recipe: chrome-pdf, engine: handlebars, preview: true }","meta":{"rootId":"7iz9jqd7qvlhc5k","id":"7iz9jqd7qvlhc5k"},"id":"ts8dbs5ntl1mfnh","previousOperationId":"a8hlq8fw10i5pqa"}
{"type":"log","timestamp":1681195443715,"level":"debug","message":"Data item not defined for this template.","meta":{"rootId":"7iz9jqd7qvlhc5k","id":"7iz9jqd7qvlhc5k"},"id":"fhkc6j36r5zu5qk","previousOperationId":"a8hlq8fw10i5pqa"}
{"type":"log","timestamp":1681195443720,"level":"debug","message":"Base url not specified, skipping its injection.","meta":{"rootId":"7iz9jqd7qvlhc5k","id":"7iz9jqd7qvlhc5k"},"id":"h383ktxv11b4p0p","previousOperationId":"a8hlq8fw10i5pqa"}
{"type":"operationStart","subtype":"engine","name":"handlebars","timestamp":1681195443720,"id":"ahps801qvcmz4sm","previousEventId":"2itewd7ruvolnem","operationId":"dw2yetgy0rihdw9","previousOperationId":"a8hlq8fw10i5pqa"}
{"type":"log","timestamp":1681195443720,"level":"debug","message":"Rendering engine handlebars","meta":{"rootId":"7iz9jqd7qvlhc5k","id":"7iz9jqd7qvlhc5k"},"id":"2n7dfhd6fq06nqu","previousOperationId":"dw2yetgy0rihdw9"}
{"type":"operationEnd","operationId":"dw2yetgy0rihdw9","timestamp":1681195443746,"id":"9vk12w0syot982k","previousEventId":"ahps801qvcmz4sm","previousOperationId":"dw2yetgy0rihdw9"}
{"type":"operationStart","subtype":"recipe","name":"chrome-pdf","timestamp":1681195443746,"id":"l16fhlr2qbl6m6u","previousEventId":"9vk12w0syot982k","operationId":"dx41o86a0yuoqi8","previousOperationId":"dw2yetgy0rihdw9"}
{"type":"log","timestamp":1681195443746,"level":"debug","message":"Executing recipe chrome-pdf","meta":{"rootId":"7iz9jqd7qvlhc5k","id":"7iz9jqd7qvlhc5k"},"id":"eopacerwil2utvt","previousOperationId":"dx41o86a0yuoqi8"}
{"type":"log","timestamp":1681195443750,"level":"debug","message":"Converting with chrome HeadlessChrome/105.0.5173.0 using chrome-pool strategy","meta":{"rootId":"7iz9jqd7qvlhc5k","id":"7iz9jqd7qvlhc5k"},"id":"91155kll0wysxyv","previousOperationId":"dx41o86a0yuoqi8"}
{"type":"log","timestamp":1681195443914,"level":"debug","message":"Page request: GET (document) file:///C:/Users/puran/AppData/Local/Temp/jsreport/autocleanup/30b3ebe5-e2ed-4ec3-b216-e172fbad17e9-chrome-pdf.html","meta":{"rootId":"7iz9jqd7qvlhc5k","id":"7iz9jqd7qvlhc5k"},"id":"tnhnivom5k7vfgy","previousOperationId":"dx41o86a0yuoqi8"}
{"type":"log","timestamp":1681195443927,"level":"debug","message":"Page request finished: GET (document) 200 file:///C:/Users/puran/AppData/Local/Temp/jsreport/autocleanup/30b3ebe5-e2ed-4ec3-b216-e172fbad17e9-chrome-pdf.html","meta":{"rootId":"7iz9jqd7qvlhc5k","id":"7iz9jqd7qvlhc5k"},"id":"p8dbru8mzjlkstj","previousOperationId":"dx41o86a0yuoqi8"}
{"type":"log","timestamp":1681195443927,"level":"debug","message":"Page request: GET (image) file:///C:/Users/puran/AppData/Local/Temp/jsreport/autocleanup/bosch.png","meta":{"rootId":"7iz9jqd7qvlhc5k","id":"7iz9jqd7qvlhc5k"},"id":"anjh1i8y848t87m","previousOperationId":"dx41o86a0yuoqi8"}
{"type":"log","timestamp":1681195443929,"level":"warn","message":"Page request failed: GET (image) file:///C:/Users/puran/AppData/Local/Temp/jsreport/autocleanup/bosch.png, failure: net::ERR_FILE_NOT_FOUND","meta":{"rootId":"7iz9jqd7qvlhc5k","id":"7iz9jqd7qvlhc5k"},"id":"3zakd7lfl0vfsvt","previousOperationId":"dx41o86a0yuoqi8"}
{"type":"log","timestamp":1681195443929,"level":"debug","message":"(console:error) Failed to load resource: net::ERR_FILE_NOT_FOUND","meta":{"userLevel":true,"rootId":"7iz9jqd7qvlhc5k","id":"7iz9jqd7qvlhc5k"},"id":"lulyr8fj7pkvvg1","previousOperationId":"dx41o86a0yuoqi8"}
{"type":"log","timestamp":1681195443957,"level":"debug","message":"Running chrome with params {\"printBackground\":true,\"timeout\":59950,\"margin\":{}}","meta":{"rootId":"7iz9jqd7qvlhc5k","id":"7iz9jqd7qvlhc5k"},"id":"ykbdqytroifcefk","previousOperationId":"dx41o86a0yuoqi8"}
{"type":"operationEnd","operationId":"dx41o86a0yuoqi8","timestamp":1681195444044,"id":"9y5fd9mjd1ij2nb","previousEventId":"l16fhlr2qbl6m6u","previousOperationId":"dx41o86a0yuoqi8"}
{"type":"log","timestamp":1681195444044,"level":"debug","message":"Skipping storing report.","meta":{"rootId":"7iz9jqd7qvlhc5k","id":"7iz9jqd7qvlhc5k"},"id":"n1p7jva5xx5tjzr","previousOperationId":"dx41o86a0yuoqi8"}
{"type":"log","timestamp":1681195444045,"level":"info","message":"Rendering request 31 finished in 347 ms","meta":{"rootId":"7iz9jqd7qvlhc5k","id":"7iz9jqd7qvlhc5k"},"id":"75ynaj4ogv7v6gz","previousOperationId":"dx41o86a0yuoqi8"}
{"type":"operationEnd","subtype":"render","operationId":"a8hlq8fw10i5pqa","timestamp":1681195444045,"id":"tl2n4sazi1tjpao","previousEventId":"9y5fd9mjd1ij2nb","previousOperationId":"dx41o86a0yuoqi8"}
{"type":"operationEnd","doDiffs":false,"previousEventId":"4a2pue1i18ogleg","previousOperationId":"kon1qowhtsd3x7q","operationId":"kon1qowhtsd3x7q","timestamp":1681195444048,"id":"v5td2x8ja2vfvmk"}
