{"type":"operationStart","subtype":"profile","data":{"_id":"2lsNuYBzGx4CzX7f","timestamp":"2023-04-11T06:36:39.030Z","state":"queued","mode":"standard","timeout":60000,"creationDate":"2023-04-11T06:36:39.036Z","modificationDate":"2023-04-11T06:36:39.036Z","shortid":"px12qr5","$entitySet":"profiles"},"doDiffs":false,"timestamp":1681194999032,"id":"40mh2hbqt5n454x","previousOperationId":null,"operationId":"7oe4h45kcirns3c"}
{"type":"log","level":"info","message":"Render request 27 queued for execution and waiting for available worker","previousOperationId":"7oe4h45kcirns3c","timestamp":1681194999033,"id":"5m4fp2nccqvhgwh"}
{"type":"operationStart","subtype":"render","name":"BOSCH.html","previousOperationId":"7oe4h45kcirns3c","timestamp":1681194999053,"id":"n9ifni6ekci6l1v","previousEventId":"40mh2hbqt5n454x","operationId":"00qajog9ltaobnz"}
{"type":"log","timestamp":1681194999054,"level":"info","message":"Starting rendering request 27","meta":{"rootId":"8x6bw3h254djijo","id":"8x6bw3h254djijo"},"id":"t4fyy83rrm5o8yu","previousOperationId":"00qajog9ltaobnz"}
{"type":"log","timestamp":1681194999055,"level":"info","message":"Rendering template { name: BOSCH.html, recipe: chrome-pdf, engine: handlebars, preview: true }","meta":{"rootId":"8x6bw3h254djijo","id":"8x6bw3h254djijo"},"id":"tk9dqn9eq7c8faw","previousOperationId":"00qajog9ltaobnz"}
{"type":"log","timestamp":1681194999056,"level":"debug","message":"Data item not defined for this template.","meta":{"rootId":"8x6bw3h254djijo","id":"8x6bw3h254djijo"},"id":"f4cuzqblryd2174","previousOperationId":"00qajog9ltaobnz"}
{"type":"log","timestamp":1681194999060,"level":"debug","message":"Base url not specified, skipping its injection.","meta":{"rootId":"8x6bw3h254djijo","id":"8x6bw3h254djijo"},"id":"e1ohxbzebld7h3q","previousOperationId":"00qajog9ltaobnz"}
{"type":"operationStart","subtype":"engine","name":"handlebars","timestamp":1681194999060,"id":"tdtoqia0jzkeclj","previousEventId":"n9ifni6ekci6l1v","operationId":"i24mldnttte8bfy","previousOperationId":"00qajog9ltaobnz"}
{"type":"log","timestamp":1681194999060,"level":"debug","message":"Rendering engine handlebars","meta":{"rootId":"8x6bw3h254djijo","id":"8x6bw3h254djijo"},"id":"rbok6b6uik7k83j","previousOperationId":"i24mldnttte8bfy"}
{"type":"operationEnd","operationId":"i24mldnttte8bfy","timestamp":1681194999078,"id":"57mny0006yhsxmj","previousEventId":"tdtoqia0jzkeclj","previousOperationId":"i24mldnttte8bfy"}
{"type":"operationStart","subtype":"recipe","name":"chrome-pdf","timestamp":1681194999079,"id":"t14eglwzd1pz1og","previousEventId":"57mny0006yhsxmj","operationId":"j6vyn6c92rmf6aj","previousOperationId":"i24mldnttte8bfy"}
{"type":"log","timestamp":1681194999079,"level":"debug","message":"Executing recipe chrome-pdf","meta":{"rootId":"8x6bw3h254djijo","id":"8x6bw3h254djijo"},"id":"0qs2kzmmxk14wdo","previousOperationId":"j6vyn6c92rmf6aj"}
{"type":"log","timestamp":1681194999091,"level":"debug","message":"Converting with chrome HeadlessChrome/105.0.5173.0 using chrome-pool strategy","meta":{"rootId":"8x6bw3h254djijo","id":"8x6bw3h254djijo"},"id":"019g2ijmpcsf6oi","previousOperationId":"j6vyn6c92rmf6aj"}
{"type":"log","timestamp":1681194999239,"level":"debug","message":"Page request: GET (document) file:///C:/Users/puran/AppData/Local/Temp/jsreport/autocleanup/99106ce6-d118-4704-8cec-a37a45851acc-chrome-pdf.html","meta":{"rootId":"8x6bw3h254djijo","id":"8x6bw3h254djijo"},"id":"29hs25d3eq460f4","previousOperationId":"j6vyn6c92rmf6aj"}
{"type":"log","timestamp":1681194999260,"level":"debug","message":"Page request: GET (stylesheet) file:///C:/Users/puran/AppData/Local/Temp/jsreport/autocleanup/style.css","meta":{"rootId":"8x6bw3h254djijo","id":"8x6bw3h254djijo"},"id":"1z39dwvzqb1w0ek","previousOperationId":"j6vyn6c92rmf6aj"}
{"type":"log","timestamp":1681194999261,"level":"debug","message":"Page request: GET (image) file:///C:/Users/puran/AppData/Local/Temp/jsreport/autocleanup/logo.png","meta":{"rootId":"8x6bw3h254djijo","id":"8x6bw3h254djijo"},"id":"ffvh1tegbv6iauj","previousOperationId":"j6vyn6c92rmf6aj"}
{"type":"log","timestamp":1681194999261,"level":"debug","message":"Page request finished: GET (document) 200 file:///C:/Users/puran/AppData/Local/Temp/jsreport/autocleanup/99106ce6-d118-4704-8cec-a37a45851acc-chrome-pdf.html","meta":{"rootId":"8x6bw3h254djijo","id":"8x6bw3h254djijo"},"id":"tw7bpz5x6psgpnt","previousOperationId":"j6vyn6c92rmf6aj"}
{"type":"log","timestamp":1681194999263,"level":"warn","message":"Page request failed: GET (stylesheet) file:///C:/Users/puran/AppData/Local/Temp/jsreport/autocleanup/style.css, failure: net::ERR_FILE_NOT_FOUND","meta":{"rootId":"8x6bw3h254djijo","id":"8x6bw3h254djijo"},"id":"k2fzb4bszx78ucj","previousOperationId":"j6vyn6c92rmf6aj"}
{"type":"log","timestamp":1681194999263,"level":"debug","message":"(console:error) Failed to load resource: net::ERR_FILE_NOT_FOUND","meta":{"userLevel":true,"rootId":"8x6bw3h254djijo","id":"8x6bw3h254djijo"},"id":"u19l0iv3zutw22c","previousOperationId":"j6vyn6c92rmf6aj"}
{"type":"log","timestamp":1681194999263,"level":"warn","message":"Page request failed: GET (image) file:///C:/Users/puran/AppData/Local/Temp/jsreport/autocleanup/logo.png, failure: net::ERR_FILE_NOT_FOUND","meta":{"rootId":"8x6bw3h254djijo","id":"8x6bw3h254djijo"},"id":"qmuzpming5281uc","previousOperationId":"j6vyn6c92rmf6aj"}
{"type":"log","timestamp":1681194999263,"level":"debug","message":"(console:error) Failed to load resource: net::ERR_FILE_NOT_FOUND","meta":{"userLevel":true,"rootId":"8x6bw3h254djijo","id":"8x6bw3h254djijo"},"id":"v8o2dquuipll5va","previousOperationId":"j6vyn6c92rmf6aj"}
{"type":"log","timestamp":1681194999301,"level":"debug","message":"Running chrome with params {\"printBackground\":true,\"timeout\":59947,\"margin\":{}}","meta":{"rootId":"8x6bw3h254djijo","id":"8x6bw3h254djijo"},"id":"ams68dr35cfupai","previousOperationId":"j6vyn6c92rmf6aj"}
{"type":"operationEnd","operationId":"j6vyn6c92rmf6aj","timestamp":1681194999412,"id":"kzad2plfyde6zhg","previousEventId":"t14eglwzd1pz1og","previousOperationId":"j6vyn6c92rmf6aj"}
{"type":"log","timestamp":1681194999412,"level":"debug","message":"Skipping storing report.","meta":{"rootId":"8x6bw3h254djijo","id":"8x6bw3h254djijo"},"id":"mdk6d06cii107f4","previousOperationId":"j6vyn6c92rmf6aj"}
{"type":"log","timestamp":1681194999412,"level":"info","message":"Rendering request 27 finished in 382 ms","meta":{"rootId":"8x6bw3h254djijo","id":"8x6bw3h254djijo"},"id":"jbx0dn0s80l3z6v","previousOperationId":"j6vyn6c92rmf6aj"}
{"type":"operationEnd","subtype":"render","operationId":"00qajog9ltaobnz","timestamp":1681194999412,"id":"no9r2gvkuew13wg","previousEventId":"kzad2plfyde6zhg","previousOperationId":"j6vyn6c92rmf6aj"}
{"type":"operationEnd","doDiffs":false,"previousEventId":"40mh2hbqt5n454x","previousOperationId":"7oe4h45kcirns3c","operationId":"7oe4h45kcirns3c","timestamp":1681194999418,"id":"enp8uudo7ci7zkc"}
