{"type":"operationStart","subtype":"profile","data":{"_id":"U4NFnNhyC5VvPCCg","timestamp":"2023-04-11T06:18:15.441Z","state":"queued","mode":"standard","timeout":60000,"creationDate":"2023-04-11T06:18:15.443Z","modificationDate":"2023-04-11T06:18:15.443Z","shortid":"tmfi7m_","$entitySet":"profiles"},"doDiffs":false,"timestamp":1681193895442,"id":"0qmvd09m8im26e5","previousOperationId":null,"operationId":"6f1wvsbp9pcrpba"}
{"type":"log","level":"info","message":"Render request 17 queued for execution and waiting for available worker","previousOperationId":"6f1wvsbp9pcrpba","timestamp":1681193895442,"id":"viwgsoojztuym4y"}
{"type":"operationStart","subtype":"render","name":"BOSCH.html","previousOperationId":"6f1wvsbp9pcrpba","timestamp":1681193895456,"id":"m2fys0nwnpso3dy","previousEventId":"0qmvd09m8im26e5","operationId":"kpokjdiuiqbj5i8"}
{"type":"log","timestamp":1681193895456,"level":"info","message":"Starting rendering request 17","meta":{"rootId":"9kopppshgmu5rvq","id":"9kopppshgmu5rvq"},"id":"jzbgmpv8vqsch3f","previousOperationId":"kpokjdiuiqbj5i8"}
{"type":"log","timestamp":1681193895456,"level":"info","message":"Rendering template { name: BOSCH.html, recipe: chrome-pdf, engine: handlebars, preview: true }","meta":{"rootId":"9kopppshgmu5rvq","id":"9kopppshgmu5rvq"},"id":"zdhriv0hjjjponj","previousOperationId":"kpokjdiuiqbj5i8"}
{"type":"log","timestamp":1681193895457,"level":"debug","message":"Data item not defined for this template.","meta":{"rootId":"9kopppshgmu5rvq","id":"9kopppshgmu5rvq"},"id":"vl6drsgfm34qbep","previousOperationId":"kpokjdiuiqbj5i8"}
{"type":"log","timestamp":1681193895461,"level":"debug","message":"Base url not specified, skipping its injection.","meta":{"rootId":"9kopppshgmu5rvq","id":"9kopppshgmu5rvq"},"id":"nvkeune8xwv84sd","previousOperationId":"kpokjdiuiqbj5i8"}
{"type":"operationStart","subtype":"engine","name":"handlebars","timestamp":1681193895461,"id":"cpo6d2gda8dnw5i","previousEventId":"m2fys0nwnpso3dy","operationId":"vbbfu745y1fghfi","previousOperationId":"kpokjdiuiqbj5i8"}
{"type":"log","timestamp":1681193895461,"level":"debug","message":"Rendering engine handlebars","meta":{"rootId":"9kopppshgmu5rvq","id":"9kopppshgmu5rvq"},"id":"piu451xfe9crgdr","previousOperationId":"vbbfu745y1fghfi"}
{"type":"operationEnd","operationId":"vbbfu745y1fghfi","timestamp":1681193895493,"id":"ch49c3mqdx8hd8e","previousEventId":"cpo6d2gda8dnw5i","previousOperationId":"vbbfu745y1fghfi"}
{"type":"operationStart","subtype":"recipe","name":"chrome-pdf","timestamp":1681193895494,"id":"kgpetzgob4ldqzb","previousEventId":"ch49c3mqdx8hd8e","operationId":"ks92ll6ympi02hv","previousOperationId":"vbbfu745y1fghfi"}
{"type":"log","timestamp":1681193895494,"level":"debug","message":"Executing recipe chrome-pdf","meta":{"rootId":"9kopppshgmu5rvq","id":"9kopppshgmu5rvq"},"id":"lqim9snaw0zs7gz","previousOperationId":"ks92ll6ympi02hv"}
{"type":"log","timestamp":1681193895507,"level":"debug","message":"Converting with chrome HeadlessChrome/105.0.5173.0 using chrome-pool strategy","meta":{"rootId":"9kopppshgmu5rvq","id":"9kopppshgmu5rvq"},"id":"mtgj2184hv75bnv","previousOperationId":"ks92ll6ympi02hv"}
{"type":"log","timestamp":1681193897889,"level":"debug","message":"Page request: GET (document) file:///C:/Users/puran/AppData/Local/Temp/jsreport/autocleanup/c7ad4f9d-4a75-4eaf-8ac9-b855f154e8cf-chrome-pdf.html","meta":{"rootId":"9kopppshgmu5rvq","id":"9kopppshgmu5rvq"},"id":"i4t0lcyn9twi1su","previousOperationId":"ks92ll6ympi02hv"}
{"type":"log","timestamp":1681193897911,"level":"debug","message":"Page request finished: GET (document) 200 file:///C:/Users/puran/AppData/Local/Temp/jsreport/autocleanup/c7ad4f9d-4a75-4eaf-8ac9-b855f154e8cf-chrome-pdf.html","meta":{"rootId":"9kopppshgmu5rvq","id":"9kopppshgmu5rvq"},"id":"ibedftl2jxvzgpl","previousOperationId":"ks92ll6ympi02hv"}
{"type":"log","timestamp":1681193897948,"level":"debug","message":"Running chrome with params {\"printBackground\":true,\"timeout\":59940,\"margin\":{}}","meta":{"rootId":"9kopppshgmu5rvq","id":"9kopppshgmu5rvq"},"id":"poorgu2ja05lkg7","previousOperationId":"ks92ll6ympi02hv"}
{"type":"operationEnd","operationId":"ks92ll6ympi02hv","timestamp":1681193898012,"id":"zgnkwe3yva4s0mx","previousEventId":"kgpetzgob4ldqzb","previousOperationId":"ks92ll6ympi02hv"}
{"type":"log","timestamp":1681193898012,"level":"debug","message":"Skipping storing report.","meta":{"rootId":"9kopppshgmu5rvq","id":"9kopppshgmu5rvq"},"id":"fzmaamzcw49brfh","previousOperationId":"ks92ll6ympi02hv"}
{"type":"log","timestamp":1681193898013,"level":"info","message":"Rendering request 17 finished in 2572 ms","meta":{"rootId":"9kopppshgmu5rvq","id":"9kopppshgmu5rvq"},"id":"92vm3ju8gq6a4wi","previousOperationId":"ks92ll6ympi02hv"}
{"type":"operationEnd","subtype":"render","operationId":"kpokjdiuiqbj5i8","timestamp":1681193898013,"id":"cnv58y188cjkwd7","previousEventId":"zgnkwe3yva4s0mx","previousOperationId":"ks92ll6ympi02hv"}
{"type":"operationEnd","doDiffs":false,"previousEventId":"0qmvd09m8im26e5","previousOperationId":"6f1wvsbp9pcrpba","operationId":"6f1wvsbp9pcrpba","timestamp":1681193898020,"id":"fh1jm9njq5c9q4y"}
