{"type":"operationStart","subtype":"profile","data":{"_id":"XqoTe6NquyoSkLfC","timestamp":"2023-04-11T06:44:00.448Z","state":"queued","mode":"standard","timeout":60000,"creationDate":"2023-04-11T06:44:00.451Z","modificationDate":"2023-04-11T06:44:00.451Z","shortid":"GsPem6V","$entitySet":"profiles"},"doDiffs":false,"timestamp":1681195440450,"id":"x78q4t50f165o8m","previousOperationId":null,"operationId":"9yzs5iuhd1ibzjr"}
{"type":"log","level":"info","message":"Render request 30 queued for execution and waiting for available worker","previousOperationId":"9yzs5iuhd1ibzjr","timestamp":1681195440450,"id":"xisrev1qb7xfrd2"}
{"type":"operationStart","subtype":"render","name":"BOSCH.html","previousOperationId":"9yzs5iuhd1ibzjr","timestamp":1681195440465,"id":"tkcaqyjmaaj8eqe","previousEventId":"x78q4t50f165o8m","operationId":"k1adjk76xxwm0kf"}
{"type":"log","timestamp":1681195440465,"level":"info","message":"Starting rendering request 30","meta":{"rootId":"fo4o8lf0h78xs8p","id":"fo4o8lf0h78xs8p"},"id":"l8hqu2rsjx7c8vs","previousOperationId":"k1adjk76xxwm0kf"}
{"type":"log","timestamp":1681195440466,"level":"info","message":"Rendering template { name: BOSCH.html, recipe: chrome-pdf, engine: handlebars, preview: true }","meta":{"rootId":"fo4o8lf0h78xs8p","id":"fo4o8lf0h78xs8p"},"id":"yfg892n1yaj0904","previousOperationId":"k1adjk76xxwm0kf"}
{"type":"log","timestamp":1681195440466,"level":"debug","message":"Data item not defined for this template.","meta":{"rootId":"fo4o8lf0h78xs8p","id":"fo4o8lf0h78xs8p"},"id":"a2605pbkf1079rh","previousOperationId":"k1adjk76xxwm0kf"}
{"type":"log","timestamp":1681195440469,"level":"debug","message":"Base url not specified, skipping its injection.","meta":{"rootId":"fo4o8lf0h78xs8p","id":"fo4o8lf0h78xs8p"},"id":"szhwg8gvrrvddsv","previousOperationId":"k1adjk76xxwm0kf"}
{"type":"operationStart","subtype":"engine","name":"handlebars","timestamp":1681195440469,"id":"jdqzdr4ft969bzu","previousEventId":"tkcaqyjmaaj8eqe","operationId":"ra89rbvgqtr31pp","previousOperationId":"k1adjk76xxwm0kf"}
{"type":"log","timestamp":1681195440469,"level":"debug","message":"Rendering engine handlebars","meta":{"rootId":"fo4o8lf0h78xs8p","id":"fo4o8lf0h78xs8p"},"id":"tsg3m5cspcqf32g","previousOperationId":"ra89rbvgqtr31pp"}
{"type":"operationEnd","operationId":"ra89rbvgqtr31pp","timestamp":1681195440496,"id":"8olzbhm7ttkhj6q","previousEventId":"jdqzdr4ft969bzu","previousOperationId":"ra89rbvgqtr31pp"}
{"type":"operationStart","subtype":"recipe","name":"chrome-pdf","timestamp":1681195440496,"id":"m017f82vkg0th5z","previousEventId":"8olzbhm7ttkhj6q","operationId":"85qf5bcjrp06t1r","previousOperationId":"ra89rbvgqtr31pp"}
{"type":"log","timestamp":1681195440496,"level":"debug","message":"Executing recipe chrome-pdf","meta":{"rootId":"fo4o8lf0h78xs8p","id":"fo4o8lf0h78xs8p"},"id":"9jnkrwric94737c","previousOperationId":"85qf5bcjrp06t1r"}
{"type":"log","timestamp":1681195440503,"level":"debug","message":"Converting with chrome HeadlessChrome/105.0.5173.0 using chrome-pool strategy","meta":{"rootId":"fo4o8lf0h78xs8p","id":"fo4o8lf0h78xs8p"},"id":"9hgsfm9a954k5yx","previousOperationId":"85qf5bcjrp06t1r"}
{"type":"log","timestamp":1681195440726,"level":"debug","message":"Page request: GET (document) file:///C:/Users/puran/AppData/Local/Temp/jsreport/autocleanup/06b26a20-3abb-4b45-8117-68f892c6634e-chrome-pdf.html","meta":{"rootId":"fo4o8lf0h78xs8p","id":"fo4o8lf0h78xs8p"},"id":"73rcurejryn7a8l","previousOperationId":"85qf5bcjrp06t1r"}
{"type":"log","timestamp":1681195440736,"level":"debug","message":"Page request finished: GET (document) 200 file:///C:/Users/puran/AppData/Local/Temp/jsreport/autocleanup/06b26a20-3abb-4b45-8117-68f892c6634e-chrome-pdf.html","meta":{"rootId":"fo4o8lf0h78xs8p","id":"fo4o8lf0h78xs8p"},"id":"vadbf0g6rwmhnj6","previousOperationId":"85qf5bcjrp06t1r"}
{"type":"log","timestamp":1681195440736,"level":"debug","message":"Page request: GET (image) file:///C:/Users/puran/AppData/Local/Temp/jsreport/autocleanup/bosch.png","meta":{"rootId":"fo4o8lf0h78xs8p","id":"fo4o8lf0h78xs8p"},"id":"603qyk3ra2mjlgu","previousOperationId":"85qf5bcjrp06t1r"}
{"type":"log","timestamp":1681195440786,"level":"warn","message":"Page request failed: GET (image) file:///C:/Users/puran/AppData/Local/Temp/jsreport/autocleanup/bosch.png, failure: net::ERR_FILE_NOT_FOUND","meta":{"rootId":"fo4o8lf0h78xs8p","id":"fo4o8lf0h78xs8p"},"id":"jjrbxheuclcrtl2","previousOperationId":"85qf5bcjrp06t1r"}
{"type":"log","timestamp":1681195440786,"level":"debug","message":"(console:error) Failed to load resource: net::ERR_FILE_NOT_FOUND","meta":{"userLevel":true,"rootId":"fo4o8lf0h78xs8p","id":"fo4o8lf0h78xs8p"},"id":"faco3tvc2krwjl5","previousOperationId":"85qf5bcjrp06t1r"}
{"type":"log","timestamp":1681195440793,"level":"debug","message":"Running chrome with params {\"printBackground\":true,\"timeout\":59947,\"margin\":{}}","meta":{"rootId":"fo4o8lf0h78xs8p","id":"fo4o8lf0h78xs8p"},"id":"tjvutc1qo71b4ul","previousOperationId":"85qf5bcjrp06t1r"}
{"type":"operationEnd","operationId":"85qf5bcjrp06t1r","timestamp":1681195440893,"id":"i4z5vzda7xoqb7o","previousEventId":"m017f82vkg0th5z","previousOperationId":"85qf5bcjrp06t1r"}
{"type":"log","timestamp":1681195440893,"level":"debug","message":"Skipping storing report.","meta":{"rootId":"fo4o8lf0h78xs8p","id":"fo4o8lf0h78xs8p"},"id":"5xkm60b6wvl9byk","previousOperationId":"85qf5bcjrp06t1r"}
{"type":"log","timestamp":1681195440893,"level":"info","message":"Rendering request 30 finished in 445 ms","meta":{"rootId":"fo4o8lf0h78xs8p","id":"fo4o8lf0h78xs8p"},"id":"tahhtkc6tx9abfu","previousOperationId":"85qf5bcjrp06t1r"}
{"type":"operationEnd","subtype":"render","operationId":"k1adjk76xxwm0kf","timestamp":1681195440893,"id":"0n0nthkrnbzmkm1","previousEventId":"i4z5vzda7xoqb7o","previousOperationId":"85qf5bcjrp06t1r"}
{"type":"operationEnd","doDiffs":false,"previousEventId":"x78q4t50f165o8m","previousOperationId":"9yzs5iuhd1ibzjr","operationId":"9yzs5iuhd1ibzjr","timestamp":1681195440898,"id":"a9khc7vgjuix1dx"}
