{"type":"operationStart","subtype":"profile","data":{"_id":"OtzXShpGG5iQZmUw","timestamp":"2023-04-11T06:21:59.243Z","state":"queued","mode":"standard","timeout":60000,"creationDate":"2023-04-11T06:21:59.245Z","modificationDate":"2023-04-11T06:21:59.245Z","shortid":"B_8Pc1d","$entitySet":"profiles"},"doDiffs":false,"timestamp":1681194119245,"id":"964b4ivqbxicy7e","previousOperationId":null,"operationId":"mpbkijqe745qnn3"}
{"type":"log","level":"info","message":"Render request 18 queued for execution and waiting for available worker","previousOperationId":"mpbkijqe745qnn3","timestamp":1681194119245,"id":"d2a438ijgnpcc2x"}
{"type":"operationStart","subtype":"render","name":"BOSCH.html","previousOperationId":"mpbkijqe745qnn3","timestamp":1681194119266,"id":"cf03g5uy6tf0tl4","previousEventId":"964b4ivqbxicy7e","operationId":"46jw7ldg4uj2fl2"}
{"type":"log","timestamp":1681194119268,"level":"info","message":"Starting rendering request 18","meta":{"rootId":"h41o0cnj03vc98r","id":"h41o0cnj03vc98r"},"id":"1ksuj85sube4rxm","previousOperationId":"46jw7ldg4uj2fl2"}
{"type":"log","timestamp":1681194119269,"level":"info","message":"Rendering template { name: BOSCH.html, recipe: chrome-pdf, engine: handlebars, preview: true }","meta":{"rootId":"h41o0cnj03vc98r","id":"h41o0cnj03vc98r"},"id":"g3k58bavto91263","previousOperationId":"46jw7ldg4uj2fl2"}
{"type":"log","timestamp":1681194119271,"level":"debug","message":"Data item not defined for this template.","meta":{"rootId":"h41o0cnj03vc98r","id":"h41o0cnj03vc98r"},"id":"jh2momr88ltyqpq","previousOperationId":"46jw7ldg4uj2fl2"}
{"type":"log","timestamp":1681194119275,"level":"debug","message":"Base url not specified, skipping its injection.","meta":{"rootId":"h41o0cnj03vc98r","id":"h41o0cnj03vc98r"},"id":"ojljh59wp2hep6b","previousOperationId":"46jw7ldg4uj2fl2"}
{"type":"operationStart","subtype":"engine","name":"handlebars","timestamp":1681194119276,"id":"ov1isjnn8s5lxi0","previousEventId":"cf03g5uy6tf0tl4","operationId":"44jvrurs1937xxg","previousOperationId":"46jw7ldg4uj2fl2"}
{"type":"log","timestamp":1681194119276,"level":"debug","message":"Rendering engine handlebars","meta":{"rootId":"h41o0cnj03vc98r","id":"h41o0cnj03vc98r"},"id":"70yluzkch7au008","previousOperationId":"44jvrurs1937xxg"}
{"type":"operationEnd","operationId":"44jvrurs1937xxg","timestamp":1681194119307,"id":"c07400zzjo092ir","previousEventId":"ov1isjnn8s5lxi0","previousOperationId":"44jvrurs1937xxg"}
{"type":"operationStart","subtype":"recipe","name":"chrome-pdf","timestamp":1681194119308,"id":"62uaylpu0zbuo7l","previousEventId":"c07400zzjo092ir","operationId":"nhr3vyh6cqtwgkf","previousOperationId":"44jvrurs1937xxg"}
{"type":"log","timestamp":1681194119308,"level":"debug","message":"Executing recipe chrome-pdf","meta":{"rootId":"h41o0cnj03vc98r","id":"h41o0cnj03vc98r"},"id":"zb4hotv4s57inbq","previousOperationId":"nhr3vyh6cqtwgkf"}
{"type":"log","timestamp":1681194119312,"level":"debug","message":"Converting with chrome HeadlessChrome/105.0.5173.0 using chrome-pool strategy","meta":{"rootId":"h41o0cnj03vc98r","id":"h41o0cnj03vc98r"},"id":"wst81rxjapzf36r","previousOperationId":"nhr3vyh6cqtwgkf"}
{"type":"log","timestamp":1681194119744,"level":"debug","message":"Page request: GET (document) file:///C:/Users/puran/AppData/Local/Temp/jsreport/autocleanup/ada80914-de16-4d8c-8512-3efa30fdd0eb-chrome-pdf.html","meta":{"rootId":"h41o0cnj03vc98r","id":"h41o0cnj03vc98r"},"id":"d18xiv0my2owk3o","previousOperationId":"nhr3vyh6cqtwgkf"}
{"type":"log","timestamp":1681194119771,"level":"debug","message":"Page request finished: GET (document) 200 file:///C:/Users/puran/AppData/Local/Temp/jsreport/autocleanup/ada80914-de16-4d8c-8512-3efa30fdd0eb-chrome-pdf.html","meta":{"rootId":"h41o0cnj03vc98r","id":"h41o0cnj03vc98r"},"id":"h6ezybeo8tfjwpk","previousOperationId":"nhr3vyh6cqtwgkf"}
{"type":"log","timestamp":1681194119804,"level":"debug","message":"Running chrome with params {\"printBackground\":true,\"timeout\":59932,\"margin\":{}}","meta":{"rootId":"h41o0cnj03vc98r","id":"h41o0cnj03vc98r"},"id":"7dy7hb1mbne441v","previousOperationId":"nhr3vyh6cqtwgkf"}
{"type":"operationEnd","operationId":"nhr3vyh6cqtwgkf","timestamp":1681194119925,"id":"esqlwlc5s1h1084","previousEventId":"62uaylpu0zbuo7l","previousOperationId":"nhr3vyh6cqtwgkf"}
{"type":"log","timestamp":1681194119926,"level":"debug","message":"Skipping storing report.","meta":{"rootId":"h41o0cnj03vc98r","id":"h41o0cnj03vc98r"},"id":"c4ktuf9fdrjugdy","previousOperationId":"nhr3vyh6cqtwgkf"}
{"type":"log","timestamp":1681194119926,"level":"info","message":"Rendering request 18 finished in 683 ms","meta":{"rootId":"h41o0cnj03vc98r","id":"h41o0cnj03vc98r"},"id":"n4k4omj4f8onrq6","previousOperationId":"nhr3vyh6cqtwgkf"}
{"type":"operationEnd","subtype":"render","operationId":"46jw7ldg4uj2fl2","timestamp":1681194119926,"id":"233tiypds9p8nim","previousEventId":"esqlwlc5s1h1084","previousOperationId":"nhr3vyh6cqtwgkf"}
{"type":"operationEnd","doDiffs":false,"previousEventId":"964b4ivqbxicy7e","previousOperationId":"mpbkijqe745qnn3","operationId":"mpbkijqe745qnn3","timestamp":1681194119930,"id":"szsec8b0v4ubvam"}
