{"type":"operationStart","subtype":"profile","data":{"_id":"72ajlNeUDzMRbXB6","timestamp":"2023-04-11T06:06:34.279Z","state":"queued","mode":"standard","timeout":60000,"creationDate":"2023-04-11T06:06:34.281Z","modificationDate":"2023-04-11T06:06:34.281Z","shortid":"EmXvIj9","$entitySet":"profiles"},"doDiffs":false,"timestamp":1681193194280,"id":"q60jedl0igy307j","previousOperationId":null,"operationId":"t198ltdz7m2h0tg"}
{"type":"log","level":"info","message":"Render request 7 queued for execution and waiting for available worker","previousOperationId":"t198ltdz7m2h0tg","timestamp":1681193194280,"id":"vvj6ch7hdtfj0u5"}
{"type":"operationStart","subtype":"render","name":"BOSCH.html","previousOperationId":"t198ltdz7m2h0tg","timestamp":1681193194299,"id":"rdswn0kehwpm4u7","previousEventId":"q60jedl0igy307j","operationId":"3dnbau06wxu5xzs"}
{"type":"log","timestamp":1681193194300,"level":"info","message":"Starting rendering request 7","meta":{"rootId":"hsjuy4cnkwd8xpu","id":"hsjuy4cnkwd8xpu"},"id":"5dl5u2x6gebadt2","previousOperationId":"3dnbau06wxu5xzs"}
{"type":"log","timestamp":1681193194300,"level":"info","message":"Rendering template { name: BOSCH.html, recipe: chrome-pdf, engine: handlebars, preview: true }","meta":{"rootId":"hsjuy4cnkwd8xpu","id":"hsjuy4cnkwd8xpu"},"id":"r01t1k9kpbvbxrm","previousOperationId":"3dnbau06wxu5xzs"}
{"type":"log","timestamp":1681193194301,"level":"debug","message":"Data item not defined for this template.","meta":{"rootId":"hsjuy4cnkwd8xpu","id":"hsjuy4cnkwd8xpu"},"id":"3l6g2tsj5op8ow0","previousOperationId":"3dnbau06wxu5xzs"}
{"type":"log","timestamp":1681193194313,"level":"debug","message":"Base url not specified, skipping its injection.","meta":{"rootId":"hsjuy4cnkwd8xpu","id":"hsjuy4cnkwd8xpu"},"id":"ppw0pqq39et3742","previousOperationId":"3dnbau06wxu5xzs"}
{"type":"operationStart","subtype":"engine","name":"handlebars","timestamp":1681193194313,"id":"fy432aromugmggg","previousEventId":"rdswn0kehwpm4u7","operationId":"3hvjvuneckrqnq8","previousOperationId":"3dnbau06wxu5xzs"}
{"type":"log","timestamp":1681193194313,"level":"debug","message":"Rendering engine handlebars","meta":{"rootId":"hsjuy4cnkwd8xpu","id":"hsjuy4cnkwd8xpu"},"id":"da27sxy9dnqhlw5","previousOperationId":"3hvjvuneckrqnq8"}
{"type":"operationEnd","operationId":"3hvjvuneckrqnq8","timestamp":1681193194349,"id":"iigdotpdbnfdflg","previousEventId":"fy432aromugmggg","previousOperationId":"3hvjvuneckrqnq8"}
{"type":"operationStart","subtype":"recipe","name":"chrome-pdf","timestamp":1681193194351,"id":"g39m4k4yl5c4pl9","previousEventId":"iigdotpdbnfdflg","operationId":"6t6ufklqwjfockl","previousOperationId":"3hvjvuneckrqnq8"}
{"type":"log","timestamp":1681193194351,"level":"debug","message":"Executing recipe chrome-pdf","meta":{"rootId":"hsjuy4cnkwd8xpu","id":"hsjuy4cnkwd8xpu"},"id":"y48qa50z82i7rb7","previousOperationId":"6t6ufklqwjfockl"}
{"type":"log","timestamp":1681193194355,"level":"debug","message":"Converting with chrome HeadlessChrome/105.0.5173.0 using chrome-pool strategy","meta":{"rootId":"hsjuy4cnkwd8xpu","id":"hsjuy4cnkwd8xpu"},"id":"nxe3zsz2vvc8t1e","previousOperationId":"6t6ufklqwjfockl"}
{"type":"log","timestamp":1681193195357,"level":"debug","message":"Page request: GET (document) file:///C:/Users/puran/AppData/Local/Temp/jsreport/autocleanup/2c4ef469-8eba-44a6-921d-f6304e590559-chrome-pdf.html","meta":{"rootId":"hsjuy4cnkwd8xpu","id":"hsjuy4cnkwd8xpu"},"id":"prezzx92myn1nl5","previousOperationId":"6t6ufklqwjfockl"}
{"type":"log","timestamp":1681193195375,"level":"debug","message":"Page request finished: GET (document) 200 file:///C:/Users/puran/AppData/Local/Temp/jsreport/autocleanup/2c4ef469-8eba-44a6-921d-f6304e590559-chrome-pdf.html","meta":{"rootId":"hsjuy4cnkwd8xpu","id":"hsjuy4cnkwd8xpu"},"id":"uinvpiskou1zk0n","previousOperationId":"6t6ufklqwjfockl"}
{"type":"log","timestamp":1681193195415,"level":"debug","message":"Running chrome with params {\"printBackground\":true,\"timeout\":59926,\"margin\":{}}","meta":{"rootId":"hsjuy4cnkwd8xpu","id":"hsjuy4cnkwd8xpu"},"id":"t4epiieoei53o9u","previousOperationId":"6t6ufklqwjfockl"}
{"type":"operationEnd","operationId":"6t6ufklqwjfockl","timestamp":1681193195456,"id":"0tk0vlcp3b69uuo","previousEventId":"g39m4k4yl5c4pl9","previousOperationId":"6t6ufklqwjfockl"}
{"type":"log","timestamp":1681193195457,"level":"debug","message":"Skipping storing report.","meta":{"rootId":"hsjuy4cnkwd8xpu","id":"hsjuy4cnkwd8xpu"},"id":"g20j4h25my9ekkx","previousOperationId":"6t6ufklqwjfockl"}
{"type":"log","timestamp":1681193195457,"level":"info","message":"Rendering request 7 finished in 1178 ms","meta":{"rootId":"hsjuy4cnkwd8xpu","id":"hsjuy4cnkwd8xpu"},"id":"s6x4oqb97aqf2ha","previousOperationId":"6t6ufklqwjfockl"}
{"type":"operationEnd","subtype":"render","operationId":"3dnbau06wxu5xzs","timestamp":1681193195457,"id":"7xph38ynybe4csa","previousEventId":"0tk0vlcp3b69uuo","previousOperationId":"6t6ufklqwjfockl"}
{"type":"operationEnd","doDiffs":false,"previousEventId":"q60jedl0igy307j","previousOperationId":"t198ltdz7m2h0tg","operationId":"t198ltdz7m2h0tg","timestamp":1681193195462,"id":"pv8t8njh1cvfv3a"}
