{"type":"operationStart","subtype":"profile","data":{"_id":"W2B17SSMPFmo8BAj","timestamp":"2023-04-11T06:03:43.206Z","state":"queued","mode":"standard","timeout":60000,"creationDate":"2023-04-11T06:03:43.209Z","modificationDate":"2023-04-11T06:03:43.209Z","shortid":"8Ib1bGl","$entitySet":"profiles"},"doDiffs":false,"timestamp":1681193023208,"id":"zacr4o7qx5s6kt3","previousOperationId":null,"operationId":"i392g4469fc3zph"}
{"type":"log","level":"info","message":"Render request 3 queued for execution and waiting for available worker","previousOperationId":"i392g4469fc3zph","timestamp":1681193023209,"id":"fqhnhzgeminhdar"}
{"type":"operationStart","subtype":"render","name":"BOSCH.html","previousOperationId":"i392g4469fc3zph","timestamp":1681193023226,"id":"7rdwtfzpzpy3s3z","previousEventId":"zacr4o7qx5s6kt3","operationId":"gst0nvkaj9b6f1i"}
{"type":"log","timestamp":1681193023226,"level":"info","message":"Starting rendering request 3","meta":{"rootId":"hzpwona9ywhnaye","id":"hzpwona9ywhnaye"},"id":"pyzheuhpnm7n1tf","previousOperationId":"gst0nvkaj9b6f1i"}
{"type":"log","timestamp":1681193023226,"level":"info","message":"Rendering template { name: BOSCH.html, recipe: chrome-pdf, engine: handlebars, preview: true }","meta":{"rootId":"hzpwona9ywhnaye","id":"hzpwona9ywhnaye"},"id":"16b8e2k3bbw1ik0","previousOperationId":"gst0nvkaj9b6f1i"}
{"type":"log","timestamp":1681193023228,"level":"debug","message":"Data item not defined for this template.","meta":{"rootId":"hzpwona9ywhnaye","id":"hzpwona9ywhnaye"},"id":"5l7kzlp4bou6eql","previousOperationId":"gst0nvkaj9b6f1i"}
{"type":"log","timestamp":1681193023237,"level":"debug","message":"Base url not specified, skipping its injection.","meta":{"rootId":"hzpwona9ywhnaye","id":"hzpwona9ywhnaye"},"id":"liglacof6htubv6","previousOperationId":"gst0nvkaj9b6f1i"}
{"type":"operationStart","subtype":"engine","name":"handlebars","timestamp":1681193023238,"id":"2bx2ketbpciaevv","previousEventId":"7rdwtfzpzpy3s3z","operationId":"jv5rn4e2ay2cuva","previousOperationId":"gst0nvkaj9b6f1i"}
{"type":"log","timestamp":1681193023239,"level":"debug","message":"Rendering engine handlebars","meta":{"rootId":"hzpwona9ywhnaye","id":"hzpwona9ywhnaye"},"id":"ebl7lb8hpmr4iji","previousOperationId":"jv5rn4e2ay2cuva"}
{"type":"operationEnd","operationId":"jv5rn4e2ay2cuva","timestamp":1681193023269,"id":"vmurcwuwhx3lty7","previousEventId":"2bx2ketbpciaevv","previousOperationId":"jv5rn4e2ay2cuva"}
{"type":"operationStart","subtype":"recipe","name":"chrome-pdf","timestamp":1681193023271,"id":"fpjhe30dg0ghqnu","previousEventId":"vmurcwuwhx3lty7","operationId":"gspguqh861gw1rr","previousOperationId":"jv5rn4e2ay2cuva"}
{"type":"log","timestamp":1681193023271,"level":"debug","message":"Executing recipe chrome-pdf","meta":{"rootId":"hzpwona9ywhnaye","id":"hzpwona9ywhnaye"},"id":"wkmqkj8qjx5gj2v","previousOperationId":"gspguqh861gw1rr"}
{"type":"log","timestamp":1681193023274,"level":"debug","message":"Converting with chrome HeadlessChrome/105.0.5173.0 using chrome-pool strategy","meta":{"rootId":"hzpwona9ywhnaye","id":"hzpwona9ywhnaye"},"id":"veoec4mdtqmpds1","previousOperationId":"gspguqh861gw1rr"}
{"type":"log","timestamp":1681193024655,"level":"debug","message":"Page request: GET (document) file:///C:/Users/puran/AppData/Local/Temp/jsreport/autocleanup/f27ae97a-bd9c-4966-a96e-e3b4c2388de3-chrome-pdf.html","meta":{"rootId":"hzpwona9ywhnaye","id":"hzpwona9ywhnaye"},"id":"6d19mbdgxpmcmq7","previousOperationId":"gspguqh861gw1rr"}
{"type":"log","timestamp":1681193024702,"level":"debug","message":"Page request finished: GET (document) 200 file:///C:/Users/puran/AppData/Local/Temp/jsreport/autocleanup/f27ae97a-bd9c-4966-a96e-e3b4c2388de3-chrome-pdf.html","meta":{"rootId":"hzpwona9ywhnaye","id":"hzpwona9ywhnaye"},"id":"s5wpiv0swarz73y","previousOperationId":"gspguqh861gw1rr"}
{"type":"log","timestamp":1681193024756,"level":"debug","message":"Running chrome with params {\"printBackground\":true,\"timeout\":59933,\"margin\":{}}","meta":{"rootId":"hzpwona9ywhnaye","id":"hzpwona9ywhnaye"},"id":"nx88vxidkudzcxs","previousOperationId":"gspguqh861gw1rr"}
{"type":"operationEnd","operationId":"gspguqh861gw1rr","timestamp":1681193024839,"id":"jdkqh9e0dn0zl77","previousEventId":"fpjhe30dg0ghqnu","previousOperationId":"gspguqh861gw1rr"}
{"type":"log","timestamp":1681193024839,"level":"debug","message":"Skipping storing report.","meta":{"rootId":"hzpwona9ywhnaye","id":"hzpwona9ywhnaye"},"id":"rpuxo60txa4uf7b","previousOperationId":"gspguqh861gw1rr"}
{"type":"log","timestamp":1681193024839,"level":"info","message":"Rendering request 3 finished in 1633 ms","meta":{"rootId":"hzpwona9ywhnaye","id":"hzpwona9ywhnaye"},"id":"klkfaosuo1a1q7w","previousOperationId":"gspguqh861gw1rr"}
{"type":"operationEnd","subtype":"render","operationId":"gst0nvkaj9b6f1i","timestamp":1681193024839,"id":"gko7j5z9s5v4krv","previousEventId":"jdkqh9e0dn0zl77","previousOperationId":"gspguqh861gw1rr"}
{"type":"operationEnd","doDiffs":false,"previousEventId":"zacr4o7qx5s6kt3","previousOperationId":"i392g4469fc3zph","operationId":"i392g4469fc3zph","timestamp":1681193024844,"id":"uwc25ubwladp9dl"}
