{"type":"operationStart","subtype":"profile","data":{"_id":"Tedtxs1rmp89du1C","timestamp":"2023-04-11T06:02:32.825Z","state":"queued","mode":"standard","timeout":60000,"creationDate":"2023-04-11T06:02:32.828Z","modificationDate":"2023-04-11T06:02:32.828Z","shortid":"0kT2sxa","$entitySet":"profiles"},"doDiffs":false,"timestamp":1681192952826,"id":"gbrq5dqtxnrh1zv","previousOperationId":null,"operationId":"l9x6fsa9vb5w4h8"}
{"type":"log","level":"info","message":"Render request 2 queued for execution and waiting for available worker","previousOperationId":"l9x6fsa9vb5w4h8","timestamp":1681192952827,"id":"qlo8w9ydnr6gciv"}
{"type":"operationStart","subtype":"render","name":"BOSCH.html","previousOperationId":"l9x6fsa9vb5w4h8","timestamp":1681192952846,"id":"0jjjydrb4lkzybk","previousEventId":"gbrq5dqtxnrh1zv","operationId":"2rnozzcdmwub4he"}
{"type":"log","timestamp":1681192952847,"level":"info","message":"Starting rendering request 2","meta":{"rootId":"k4qzp8f4qeoqftl","id":"k4qzp8f4qeoqftl"},"id":"q6k2h048rq3l7ez","previousOperationId":"2rnozzcdmwub4he"}
{"type":"log","timestamp":1681192952850,"level":"info","message":"Rendering template { name: BOSCH.html, recipe: chrome-pdf, engine: handlebars, preview: true }","meta":{"rootId":"k4qzp8f4qeoqftl","id":"k4qzp8f4qeoqftl"},"id":"5d60xh0fp6pukz8","previousOperationId":"2rnozzcdmwub4he"}
{"type":"log","timestamp":1681192952857,"level":"debug","message":"Data item not defined for this template.","meta":{"rootId":"k4qzp8f4qeoqftl","id":"k4qzp8f4qeoqftl"},"id":"u2uceb618h06ybr","previousOperationId":"2rnozzcdmwub4he"}
{"type":"log","timestamp":1681192952874,"level":"debug","message":"Base url not specified, skipping its injection.","meta":{"rootId":"k4qzp8f4qeoqftl","id":"k4qzp8f4qeoqftl"},"id":"nvsf4zk7hnfchws","previousOperationId":"2rnozzcdmwub4he"}
{"type":"operationStart","subtype":"engine","name":"handlebars","timestamp":1681192952877,"id":"jql4nw5at3y91xh","previousEventId":"0jjjydrb4lkzybk","operationId":"5m4po80mtzm6qg6","previousOperationId":"2rnozzcdmwub4he"}
{"type":"log","timestamp":1681192952877,"level":"debug","message":"Rendering engine handlebars","meta":{"rootId":"k4qzp8f4qeoqftl","id":"k4qzp8f4qeoqftl"},"id":"bdrdi1p3ahie964","previousOperationId":"5m4po80mtzm6qg6"}
{"type":"operationEnd","operationId":"5m4po80mtzm6qg6","timestamp":1681192953593,"id":"wqkmi008bztzk9s","previousEventId":"jql4nw5at3y91xh","previousOperationId":"5m4po80mtzm6qg6"}
{"type":"operationStart","subtype":"recipe","name":"chrome-pdf","timestamp":1681192953593,"id":"xohjxwi74nbmk8l","previousEventId":"wqkmi008bztzk9s","operationId":"6z1hahkb14e87ta","previousOperationId":"5m4po80mtzm6qg6"}
{"type":"log","timestamp":1681192953593,"level":"debug","message":"Executing recipe chrome-pdf","meta":{"rootId":"k4qzp8f4qeoqftl","id":"k4qzp8f4qeoqftl"},"id":"t4q4phih9i6f4vm","previousOperationId":"6z1hahkb14e87ta"}
{"type":"log","timestamp":1681192953597,"level":"debug","message":"Converting with chrome HeadlessChrome/105.0.5173.0 using chrome-pool strategy","meta":{"rootId":"k4qzp8f4qeoqftl","id":"k4qzp8f4qeoqftl"},"id":"qy9pv3w148c1fzq","previousOperationId":"6z1hahkb14e87ta"}
{"type":"log","timestamp":1681192956028,"level":"debug","message":"Page request: GET (document) file:///C:/Users/puran/AppData/Local/Temp/jsreport/autocleanup/88debeae-ba4c-4d12-a0b4-182430fdfd92-chrome-pdf.html","meta":{"rootId":"k4qzp8f4qeoqftl","id":"k4qzp8f4qeoqftl"},"id":"kfowx7k6r4yj6xp","previousOperationId":"6z1hahkb14e87ta"}
{"type":"log","timestamp":1681192956110,"level":"debug","message":"Page request finished: GET (document) 200 file:///C:/Users/puran/AppData/Local/Temp/jsreport/autocleanup/88debeae-ba4c-4d12-a0b4-182430fdfd92-chrome-pdf.html","meta":{"rootId":"k4qzp8f4qeoqftl","id":"k4qzp8f4qeoqftl"},"id":"qcebkoqlr9wi8w2","previousOperationId":"6z1hahkb14e87ta"}
{"type":"log","timestamp":1681192956152,"level":"debug","message":"Running chrome with params {\"printBackground\":true,\"timeout\":59229,\"margin\":{}}","meta":{"rootId":"k4qzp8f4qeoqftl","id":"k4qzp8f4qeoqftl"},"id":"2qbwwjhq7hdnzbb","previousOperationId":"6z1hahkb14e87ta"}
{"type":"operationEnd","operationId":"6z1hahkb14e87ta","timestamp":1681192956211,"id":"hueeztgkkpos8al","previousEventId":"xohjxwi74nbmk8l","previousOperationId":"6z1hahkb14e87ta"}
{"type":"log","timestamp":1681192956211,"level":"debug","message":"Skipping storing report.","meta":{"rootId":"k4qzp8f4qeoqftl","id":"k4qzp8f4qeoqftl"},"id":"eve3qjzu3y3v2w1","previousOperationId":"6z1hahkb14e87ta"}
{"type":"log","timestamp":1681192956212,"level":"info","message":"Rendering request 2 finished in 3388 ms","meta":{"rootId":"k4qzp8f4qeoqftl","id":"k4qzp8f4qeoqftl"},"id":"x22ztz0f34o7grq","previousOperationId":"6z1hahkb14e87ta"}
{"type":"operationEnd","subtype":"render","operationId":"2rnozzcdmwub4he","timestamp":1681192956212,"id":"r8r6586g7rvdbl3","previousEventId":"hueeztgkkpos8al","previousOperationId":"6z1hahkb14e87ta"}
{"type":"operationEnd","doDiffs":false,"previousEventId":"gbrq5dqtxnrh1zv","previousOperationId":"l9x6fsa9vb5w4h8","operationId":"l9x6fsa9vb5w4h8","timestamp":1681192956216,"id":"lerqsy2nbd7swt1"}
