{"type":"operationStart","subtype":"profile","data":{"_id":"cURiXFeRsxghhrNB","timestamp":"2023-04-11T06:30:12.973Z","state":"queued","mode":"standard","timeout":60000,"creationDate":"2023-04-11T06:30:12.977Z","modificationDate":"2023-04-11T06:30:12.977Z","shortid":"4TnlDZ9","$entitySet":"profiles"},"doDiffs":false,"timestamp":1681194612975,"id":"7jjd3u2yjtbdcss","previousOperationId":null,"operationId":"unqkvtu5txzjavc"}
{"type":"log","level":"info","message":"Render request 21 queued for execution and waiting for available worker","previousOperationId":"unqkvtu5txzjavc","timestamp":1681194612976,"id":"ml4dq9xfq76t6c8"}
{"type":"operationStart","subtype":"render","name":"BOSCH.html","previousOperationId":"unqkvtu5txzjavc","timestamp":1681194612993,"id":"kbhjhm712u22z10","previousEventId":"7jjd3u2yjtbdcss","operationId":"a223skny4lpbq21"}
{"type":"log","timestamp":1681194612993,"level":"info","message":"Starting rendering request 21","meta":{"rootId":"lwptdzrurbg9bex","id":"lwptdzrurbg9bex"},"id":"77jch9qev6a5hel","previousOperationId":"a223skny4lpbq21"}
{"type":"log","timestamp":1681194612993,"level":"info","message":"Rendering template { name: BOSCH.html, recipe: chrome-pdf, engine: handlebars, preview: true }","meta":{"rootId":"lwptdzrurbg9bex","id":"lwptdzrurbg9bex"},"id":"hql0guflv68j3x1","previousOperationId":"a223skny4lpbq21"}
{"type":"log","timestamp":1681194612994,"level":"debug","message":"Data item not defined for this template.","meta":{"rootId":"lwptdzrurbg9bex","id":"lwptdzrurbg9bex"},"id":"9pf5kflt6dcrk5r","previousOperationId":"a223skny4lpbq21"}
{"type":"log","timestamp":1681194612999,"level":"debug","message":"Base url not specified, skipping its injection.","meta":{"rootId":"lwptdzrurbg9bex","id":"lwptdzrurbg9bex"},"id":"dyrrdo56amp443p","previousOperationId":"a223skny4lpbq21"}
{"type":"operationStart","subtype":"engine","name":"handlebars","timestamp":1681194613000,"id":"xvvyhnptqyjg0fc","previousEventId":"kbhjhm712u22z10","operationId":"p2ymfjhsz8yqnxb","previousOperationId":"a223skny4lpbq21"}
{"type":"log","timestamp":1681194613000,"level":"debug","message":"Rendering engine handlebars","meta":{"rootId":"lwptdzrurbg9bex","id":"lwptdzrurbg9bex"},"id":"8w5hcknpk3rrycr","previousOperationId":"p2ymfjhsz8yqnxb"}
{"type":"operationEnd","operationId":"p2ymfjhsz8yqnxb","timestamp":1681194613020,"id":"byd0tzttnis9c0k","previousEventId":"xvvyhnptqyjg0fc","previousOperationId":"p2ymfjhsz8yqnxb"}
{"type":"operationStart","subtype":"recipe","name":"chrome-pdf","timestamp":1681194613021,"id":"m2ogbjjrd4olk5z","previousEventId":"byd0tzttnis9c0k","operationId":"piky849nfghrurw","previousOperationId":"p2ymfjhsz8yqnxb"}
{"type":"log","timestamp":1681194613021,"level":"debug","message":"Executing recipe chrome-pdf","meta":{"rootId":"lwptdzrurbg9bex","id":"lwptdzrurbg9bex"},"id":"djumcn0v729678v","previousOperationId":"piky849nfghrurw"}
{"type":"log","timestamp":1681194613029,"level":"debug","message":"Converting with chrome HeadlessChrome/105.0.5173.0 using chrome-pool strategy","meta":{"rootId":"lwptdzrurbg9bex","id":"lwptdzrurbg9bex"},"id":"ylip8jumxdutbf1","previousOperationId":"piky849nfghrurw"}
{"type":"log","timestamp":1681194613189,"level":"debug","message":"Page request: GET (document) file:///C:/Users/puran/AppData/Local/Temp/jsreport/autocleanup/57215f76-2b64-4c1f-a7df-4d9fcfa5873d-chrome-pdf.html","meta":{"rootId":"lwptdzrurbg9bex","id":"lwptdzrurbg9bex"},"id":"1f2kczgaqx0fc2x","previousOperationId":"piky849nfghrurw"}
{"type":"log","timestamp":1681194613217,"level":"debug","message":"Page request finished: GET (document) 200 file:///C:/Users/puran/AppData/Local/Temp/jsreport/autocleanup/57215f76-2b64-4c1f-a7df-4d9fcfa5873d-chrome-pdf.html","meta":{"rootId":"lwptdzrurbg9bex","id":"lwptdzrurbg9bex"},"id":"ueovtrdkyiwo5u7","previousOperationId":"piky849nfghrurw"}
{"type":"log","timestamp":1681194613217,"level":"debug","message":"Page request: GET (image) file:///C:/Users/puran/AppData/Local/Temp/jsreport/autocleanup/logo.png","meta":{"rootId":"lwptdzrurbg9bex","id":"lwptdzrurbg9bex"},"id":"xx5q0izazpqzfki","previousOperationId":"piky849nfghrurw"}
{"type":"log","timestamp":1681194613219,"level":"warn","message":"Page request failed: GET (image) file:///C:/Users/puran/AppData/Local/Temp/jsreport/autocleanup/logo.png, failure: net::ERR_FILE_NOT_FOUND","meta":{"rootId":"lwptdzrurbg9bex","id":"lwptdzrurbg9bex"},"id":"3r1y06isl9tpgtu","previousOperationId":"piky849nfghrurw"}
{"type":"log","timestamp":1681194613220,"level":"debug","message":"(console:error) Failed to load resource: net::ERR_FILE_NOT_FOUND","meta":{"userLevel":true,"rootId":"lwptdzrurbg9bex","id":"lwptdzrurbg9bex"},"id":"lle4oq5o9xnzukl","previousOperationId":"piky849nfghrurw"}
{"type":"log","timestamp":1681194613289,"level":"debug","message":"Running chrome with params {\"printBackground\":true,\"timeout\":59945,\"margin\":{}}","meta":{"rootId":"lwptdzrurbg9bex","id":"lwptdzrurbg9bex"},"id":"wsd6wcumxrqp6j8","previousOperationId":"piky849nfghrurw"}
{"type":"operationEnd","operationId":"piky849nfghrurw","timestamp":1681194613372,"id":"likwx1p1r5kry5r","previousEventId":"m2ogbjjrd4olk5z","previousOperationId":"piky849nfghrurw"}
{"type":"log","timestamp":1681194613372,"level":"debug","message":"Skipping storing report.","meta":{"rootId":"lwptdzrurbg9bex","id":"lwptdzrurbg9bex"},"id":"fm8f4qzmya1nf5a","previousOperationId":"piky849nfghrurw"}
{"type":"log","timestamp":1681194613372,"level":"info","message":"Rendering request 21 finished in 399 ms","meta":{"rootId":"lwptdzrurbg9bex","id":"lwptdzrurbg9bex"},"id":"lgjjmbdtk6vnn60","previousOperationId":"piky849nfghrurw"}
{"type":"operationEnd","subtype":"render","operationId":"a223skny4lpbq21","timestamp":1681194613372,"id":"tc5npn0a0wd0utf","previousEventId":"likwx1p1r5kry5r","previousOperationId":"piky849nfghrurw"}
{"type":"operationEnd","doDiffs":false,"previousEventId":"7jjd3u2yjtbdcss","previousOperationId":"unqkvtu5txzjavc","operationId":"unqkvtu5txzjavc","timestamp":1681194613378,"id":"rmabmx0w8knhra8"}
