{"type":"operationStart","subtype":"profile","data":{"_id":"NEbCbPcq1ghUouCj","timestamp":"2023-04-11T06:31:48.957Z","state":"queued","mode":"standard","timeout":60000,"creationDate":"2023-04-11T06:31:48.959Z","modificationDate":"2023-04-11T06:31:48.959Z","shortid":"cyFtt2P","$entitySet":"profiles"},"doDiffs":false,"timestamp":1681194708958,"id":"d8hvybzy8pq36xg","previousOperationId":null,"operationId":"yln3i6qt9duntvz"}
{"type":"log","level":"info","message":"Render request 22 queued for execution and waiting for available worker","previousOperationId":"yln3i6qt9duntvz","timestamp":1681194708959,"id":"d06rg5wb2u2tfa9"}
{"type":"operationStart","subtype":"render","name":"BOSCH.html","previousOperationId":"yln3i6qt9duntvz","timestamp":1681194708990,"id":"y94o6p3jvgrowur","previousEventId":"d8hvybzy8pq36xg","operationId":"099co1mb1r0dxc0"}
{"type":"log","timestamp":1681194708990,"level":"info","message":"Starting rendering request 22","meta":{"rootId":"n6hz6lbkhsju7kj","id":"n6hz6lbkhsju7kj"},"id":"cbeqli6cnndjyhl","previousOperationId":"099co1mb1r0dxc0"}
{"type":"log","timestamp":1681194708990,"level":"info","message":"Rendering template { name: BOSCH.html, recipe: chrome-pdf, engine: handlebars, preview: true }","meta":{"rootId":"n6hz6lbkhsju7kj","id":"n6hz6lbkhsju7kj"},"id":"8pyq99vpz18yrjs","previousOperationId":"099co1mb1r0dxc0"}
{"type":"log","timestamp":1681194708991,"level":"debug","message":"Data item not defined for this template.","meta":{"rootId":"n6hz6lbkhsju7kj","id":"n6hz6lbkhsju7kj"},"id":"nqb5eetvbk9kcn0","previousOperationId":"099co1mb1r0dxc0"}
{"type":"log","timestamp":1681194708994,"level":"debug","message":"Base url not specified, skipping its injection.","meta":{"rootId":"n6hz6lbkhsju7kj","id":"n6hz6lbkhsju7kj"},"id":"hjatarz2xlgtl85","previousOperationId":"099co1mb1r0dxc0"}
{"type":"operationStart","subtype":"engine","name":"handlebars","timestamp":1681194708995,"id":"n9wlcjq0xtcahxc","previousEventId":"y94o6p3jvgrowur","operationId":"gu5f7zgxono6loa","previousOperationId":"099co1mb1r0dxc0"}
{"type":"log","timestamp":1681194708995,"level":"debug","message":"Rendering engine handlebars","meta":{"rootId":"n6hz6lbkhsju7kj","id":"n6hz6lbkhsju7kj"},"id":"slk6jx2w9tkfftx","previousOperationId":"gu5f7zgxono6loa"}
{"type":"operationEnd","operationId":"gu5f7zgxono6loa","timestamp":1681194709013,"id":"wr8y14p4500b252","previousEventId":"n9wlcjq0xtcahxc","previousOperationId":"gu5f7zgxono6loa"}
{"type":"operationStart","subtype":"recipe","name":"chrome-pdf","timestamp":1681194709014,"id":"8mcnm6tdt4ka0ey","previousEventId":"wr8y14p4500b252","operationId":"lxy8yy9nc0xmueg","previousOperationId":"gu5f7zgxono6loa"}
{"type":"log","timestamp":1681194709014,"level":"debug","message":"Executing recipe chrome-pdf","meta":{"rootId":"n6hz6lbkhsju7kj","id":"n6hz6lbkhsju7kj"},"id":"yy1jgtvfl4xwlmc","previousOperationId":"lxy8yy9nc0xmueg"}
{"type":"log","timestamp":1681194709021,"level":"debug","message":"Converting with chrome HeadlessChrome/105.0.5173.0 using chrome-pool strategy","meta":{"rootId":"n6hz6lbkhsju7kj","id":"n6hz6lbkhsju7kj"},"id":"s7x3iwjepbfspqj","previousOperationId":"lxy8yy9nc0xmueg"}
{"type":"log","timestamp":1681194709181,"level":"debug","message":"Page request: GET (document) file:///C:/Users/puran/AppData/Local/Temp/jsreport/autocleanup/ad3155f1-6f12-474a-830a-0174f227fc7e-chrome-pdf.html","meta":{"rootId":"n6hz6lbkhsju7kj","id":"n6hz6lbkhsju7kj"},"id":"cr0y0buarijkg0h","previousOperationId":"lxy8yy9nc0xmueg"}
{"type":"log","timestamp":1681194709206,"level":"debug","message":"Page request: GET (image) file:///C:/Users/puran/AppData/Local/Temp/jsreport/autocleanup/logo.png","meta":{"rootId":"n6hz6lbkhsju7kj","id":"n6hz6lbkhsju7kj"},"id":"bvuwhcrt5es96r5","previousOperationId":"lxy8yy9nc0xmueg"}
{"type":"log","timestamp":1681194709206,"level":"debug","message":"Page request finished: GET (document) 200 file:///C:/Users/puran/AppData/Local/Temp/jsreport/autocleanup/ad3155f1-6f12-474a-830a-0174f227fc7e-chrome-pdf.html","meta":{"rootId":"n6hz6lbkhsju7kj","id":"n6hz6lbkhsju7kj"},"id":"rdc88a122i50nea","previousOperationId":"lxy8yy9nc0xmueg"}
{"type":"log","timestamp":1681194709254,"level":"warn","message":"Page request failed: GET (image) file:///C:/Users/puran/AppData/Local/Temp/jsreport/autocleanup/logo.png, failure: net::ERR_FILE_NOT_FOUND","meta":{"rootId":"n6hz6lbkhsju7kj","id":"n6hz6lbkhsju7kj"},"id":"anv76kox4j8ik67","previousOperationId":"lxy8yy9nc0xmueg"}
{"type":"log","timestamp":1681194709254,"level":"debug","message":"(console:error) Failed to load resource: net::ERR_FILE_NOT_FOUND","meta":{"userLevel":true,"rootId":"n6hz6lbkhsju7kj","id":"n6hz6lbkhsju7kj"},"id":"292eywpsax3c1fw","previousOperationId":"lxy8yy9nc0xmueg"}
{"type":"log","timestamp":1681194709258,"level":"debug","message":"Running chrome with params {\"printBackground\":true,\"timeout\":59939,\"margin\":{}}","meta":{"rootId":"n6hz6lbkhsju7kj","id":"n6hz6lbkhsju7kj"},"id":"2idkzxi2pa1xjsa","previousOperationId":"lxy8yy9nc0xmueg"}
{"type":"operationEnd","operationId":"lxy8yy9nc0xmueg","timestamp":1681194709359,"id":"b65z7afddqft0vz","previousEventId":"8mcnm6tdt4ka0ey","previousOperationId":"lxy8yy9nc0xmueg"}
{"type":"log","timestamp":1681194709359,"level":"debug","message":"Skipping storing report.","meta":{"rootId":"n6hz6lbkhsju7kj","id":"n6hz6lbkhsju7kj"},"id":"r0jamlvuvzqp0p8","previousOperationId":"lxy8yy9nc0xmueg"}
{"type":"log","timestamp":1681194709360,"level":"info","message":"Rendering request 22 finished in 403 ms","meta":{"rootId":"n6hz6lbkhsju7kj","id":"n6hz6lbkhsju7kj"},"id":"p43f7ry5yql9dyj","previousOperationId":"lxy8yy9nc0xmueg"}
{"type":"operationEnd","subtype":"render","operationId":"099co1mb1r0dxc0","timestamp":1681194709360,"id":"pecywtnmw211lt4","previousEventId":"b65z7afddqft0vz","previousOperationId":"lxy8yy9nc0xmueg"}
{"type":"operationEnd","doDiffs":false,"previousEventId":"d8hvybzy8pq36xg","previousOperationId":"yln3i6qt9duntvz","operationId":"yln3i6qt9duntvz","timestamp":1681194709364,"id":"wg4ro1sl0seygtr"}
