{"type":"operationStart","subtype":"profile","data":{"_id":"uuHGf5J62KOPcmbw","timestamp":"2023-04-11T06:16:11.488Z","state":"queued","mode":"standard","timeout":60000,"creationDate":"2023-04-11T06:16:11.492Z","modificationDate":"2023-04-11T06:16:11.492Z","shortid":"_7ZyMNu","$entitySet":"profiles"},"doDiffs":false,"timestamp":1681193771491,"id":"s2y4b4axnpy740p","previousOperationId":null,"operationId":"7ig9vu7nv0xisqj"}
{"type":"log","level":"info","message":"Render request 14 queued for execution and waiting for available worker","previousOperationId":"7ig9vu7nv0xisqj","timestamp":1681193771491,"id":"bwpjtogedj5l3mb"}
{"type":"operationStart","subtype":"render","name":"BOSCH.html","previousOperationId":"7ig9vu7nv0xisqj","timestamp":1681193771515,"id":"7og1qpk8qm7y8gm","previousEventId":"s2y4b4axnpy740p","operationId":"j4ipvdz7vjut3av"}
{"type":"log","timestamp":1681193771515,"level":"info","message":"Starting rendering request 14","meta":{"rootId":"rd989h18yx8p9sg","id":"rd989h18yx8p9sg"},"id":"zut1st1kb33mfp2","previousOperationId":"j4ipvdz7vjut3av"}
{"type":"log","timestamp":1681193771517,"level":"info","message":"Rendering template { name: BOSCH.html, recipe: chrome-pdf, engine: handlebars, preview: true }","meta":{"rootId":"rd989h18yx8p9sg","id":"rd989h18yx8p9sg"},"id":"je06scj5r753f8k","previousOperationId":"j4ipvdz7vjut3av"}
{"type":"log","timestamp":1681193771577,"level":"debug","message":"Data item not defined for this template.","meta":{"rootId":"rd989h18yx8p9sg","id":"rd989h18yx8p9sg"},"id":"w4q5wp9htifsbem","previousOperationId":"j4ipvdz7vjut3av"}
{"type":"log","timestamp":1681193771599,"level":"debug","message":"Base url not specified, skipping its injection.","meta":{"rootId":"rd989h18yx8p9sg","id":"rd989h18yx8p9sg"},"id":"g9xbe5akz1yta3l","previousOperationId":"j4ipvdz7vjut3av"}
{"type":"operationStart","subtype":"engine","name":"handlebars","timestamp":1681193771599,"id":"g0296bzdtksqi3q","previousEventId":"7og1qpk8qm7y8gm","operationId":"7ee39dlep49x8xp","previousOperationId":"j4ipvdz7vjut3av"}
{"type":"log","timestamp":1681193771599,"level":"debug","message":"Rendering engine handlebars","meta":{"rootId":"rd989h18yx8p9sg","id":"rd989h18yx8p9sg"},"id":"lfkby31ptsxmf93","previousOperationId":"7ee39dlep49x8xp"}
{"type":"operationEnd","operationId":"7ee39dlep49x8xp","timestamp":1681193771617,"id":"o2dphkgaml6flc2","previousEventId":"g0296bzdtksqi3q","previousOperationId":"7ee39dlep49x8xp"}
{"type":"operationStart","subtype":"recipe","name":"chrome-pdf","timestamp":1681193771617,"id":"cfqj87hk9s4cfpz","previousEventId":"o2dphkgaml6flc2","operationId":"jbw7zxit0dv90st","previousOperationId":"7ee39dlep49x8xp"}
{"type":"log","timestamp":1681193771617,"level":"debug","message":"Executing recipe chrome-pdf","meta":{"rootId":"rd989h18yx8p9sg","id":"rd989h18yx8p9sg"},"id":"92lq6b4o6rp2d1v","previousOperationId":"jbw7zxit0dv90st"}
{"type":"log","timestamp":1681193771645,"level":"debug","message":"Converting with chrome HeadlessChrome/105.0.5173.0 using chrome-pool strategy","meta":{"rootId":"rd989h18yx8p9sg","id":"rd989h18yx8p9sg"},"id":"k138qp55cha5q9j","previousOperationId":"jbw7zxit0dv90st"}
{"type":"log","timestamp":1681193772423,"level":"debug","message":"Page request: GET (document) file:///C:/Users/puran/AppData/Local/Temp/jsreport/autocleanup/965651b4-db27-4cfd-9466-a6d43eb05ca2-chrome-pdf.html","meta":{"rootId":"rd989h18yx8p9sg","id":"rd989h18yx8p9sg"},"id":"8mcax8p9xzt7w1o","previousOperationId":"jbw7zxit0dv90st"}
{"type":"log","timestamp":1681193772433,"level":"debug","message":"Page request finished: GET (document) 200 file:///C:/Users/puran/AppData/Local/Temp/jsreport/autocleanup/965651b4-db27-4cfd-9466-a6d43eb05ca2-chrome-pdf.html","meta":{"rootId":"rd989h18yx8p9sg","id":"rd989h18yx8p9sg"},"id":"nh6dqfq3yqi6l72","previousOperationId":"jbw7zxit0dv90st"}
{"type":"log","timestamp":1681193772465,"level":"debug","message":"Running chrome with params {\"printBackground\":true,\"timeout\":59846,\"margin\":{}}","meta":{"rootId":"rd989h18yx8p9sg","id":"rd989h18yx8p9sg"},"id":"82jyq5qggu019p7","previousOperationId":"jbw7zxit0dv90st"}
{"type":"operationEnd","operationId":"jbw7zxit0dv90st","timestamp":1681193772543,"id":"nw2gl189i1kkdiw","previousEventId":"cfqj87hk9s4cfpz","previousOperationId":"jbw7zxit0dv90st"}
{"type":"log","timestamp":1681193772543,"level":"debug","message":"Skipping storing report.","meta":{"rootId":"rd989h18yx8p9sg","id":"rd989h18yx8p9sg"},"id":"2sgz2x2tkj1rjcj","previousOperationId":"jbw7zxit0dv90st"}
{"type":"log","timestamp":1681193772544,"level":"info","message":"Rendering request 14 finished in 1056 ms","meta":{"rootId":"rd989h18yx8p9sg","id":"rd989h18yx8p9sg"},"id":"yab1se0w13z8vxc","previousOperationId":"jbw7zxit0dv90st"}
{"type":"operationEnd","subtype":"render","operationId":"j4ipvdz7vjut3av","timestamp":1681193772544,"id":"1phb1mhftupwvk9","previousEventId":"nw2gl189i1kkdiw","previousOperationId":"jbw7zxit0dv90st"}
{"type":"operationEnd","doDiffs":false,"previousEventId":"s2y4b4axnpy740p","previousOperationId":"7ig9vu7nv0xisqj","operationId":"7ig9vu7nv0xisqj","timestamp":1681193772552,"id":"pmsykaa5aq5i5xq"}
