{"type":"operationStart","subtype":"profile","data":{"_id":"Ci4TadU26Hkehkg5","timestamp":"2023-04-11T06:15:48.194Z","state":"queued","mode":"standard","timeout":60000,"creationDate":"2023-04-11T06:15:48.196Z","modificationDate":"2023-04-11T06:15:48.196Z","shortid":"Uf5z4N1","$entitySet":"profiles"},"doDiffs":false,"timestamp":1681193748195,"id":"49tvnkqdqdt22kd","previousOperationId":null,"operationId":"604ksoaz6abwenw"}
{"type":"log","level":"info","message":"Render request 12 queued for execution and waiting for available worker","previousOperationId":"604ksoaz6abwenw","timestamp":1681193748196,"id":"h9nn5x2ngvwx43g"}
{"type":"operationStart","subtype":"render","name":"BOSCH.html","previousOperationId":"604ksoaz6abwenw","timestamp":1681193748214,"id":"6bp87jcmo7mcmek","previousEventId":"49tvnkqdqdt22kd","operationId":"6b4huy7pxk6ukbe"}
{"type":"log","timestamp":1681193748214,"level":"info","message":"Starting rendering request 12","meta":{"rootId":"sgvpbvrei20oruv","id":"sgvpbvrei20oruv"},"id":"ff6d8y9gio3z6h9","previousOperationId":"6b4huy7pxk6ukbe"}
{"type":"log","timestamp":1681193748216,"level":"info","message":"Rendering template { name: BOSCH.html, recipe: chrome-pdf, engine: handlebars, preview: true }","meta":{"rootId":"sgvpbvrei20oruv","id":"sgvpbvrei20oruv"},"id":"utoew8rwygbkism","previousOperationId":"6b4huy7pxk6ukbe"}
{"type":"log","timestamp":1681193748221,"level":"debug","message":"Data item not defined for this template.","meta":{"rootId":"sgvpbvrei20oruv","id":"sgvpbvrei20oruv"},"id":"i5ksudjmh2gfelt","previousOperationId":"6b4huy7pxk6ukbe"}
{"type":"log","timestamp":1681193748235,"level":"debug","message":"Base url not specified, skipping its injection.","meta":{"rootId":"sgvpbvrei20oruv","id":"sgvpbvrei20oruv"},"id":"kqfq4gr8i6lit3w","previousOperationId":"6b4huy7pxk6ukbe"}
{"type":"operationStart","subtype":"engine","name":"handlebars","timestamp":1681193748236,"id":"c6287td84nc80dd","previousEventId":"6bp87jcmo7mcmek","operationId":"qx78bl0z5em49q0","previousOperationId":"6b4huy7pxk6ukbe"}
{"type":"log","timestamp":1681193748236,"level":"debug","message":"Rendering engine handlebars","meta":{"rootId":"sgvpbvrei20oruv","id":"sgvpbvrei20oruv"},"id":"59s80vc7m6czbd3","previousOperationId":"qx78bl0z5em49q0"}
{"type":"operationEnd","operationId":"qx78bl0z5em49q0","timestamp":1681193748267,"id":"vno76vvmll0lw6j","previousEventId":"c6287td84nc80dd","previousOperationId":"qx78bl0z5em49q0"}
{"type":"operationStart","subtype":"recipe","name":"chrome-pdf","timestamp":1681193748267,"id":"42tinefil84e2nr","previousEventId":"vno76vvmll0lw6j","operationId":"jgqof8khvad5hf2","previousOperationId":"qx78bl0z5em49q0"}
{"type":"log","timestamp":1681193748267,"level":"debug","message":"Executing recipe chrome-pdf","meta":{"rootId":"sgvpbvrei20oruv","id":"sgvpbvrei20oruv"},"id":"m2bpd7qvurckj51","previousOperationId":"jgqof8khvad5hf2"}
{"type":"log","timestamp":1681193748278,"level":"debug","message":"Converting with chrome HeadlessChrome/105.0.5173.0 using chrome-pool strategy","meta":{"rootId":"sgvpbvrei20oruv","id":"sgvpbvrei20oruv"},"id":"pxth98shaploq53","previousOperationId":"jgqof8khvad5hf2"}
{"type":"log","timestamp":1681193749215,"level":"debug","message":"Page request: GET (document) file:///C:/Users/puran/AppData/Local/Temp/jsreport/autocleanup/419d0759-97a9-4887-8aac-8b9e0de03edb-chrome-pdf.html","meta":{"rootId":"sgvpbvrei20oruv","id":"sgvpbvrei20oruv"},"id":"ky7osha2xs8z3k1","previousOperationId":"jgqof8khvad5hf2"}
{"type":"log","timestamp":1681193749234,"level":"debug","message":"Page request finished: GET (document) 200 file:///C:/Users/puran/AppData/Local/Temp/jsreport/autocleanup/419d0759-97a9-4887-8aac-8b9e0de03edb-chrome-pdf.html","meta":{"rootId":"sgvpbvrei20oruv","id":"sgvpbvrei20oruv"},"id":"hrfe0tzkaibckpn","previousOperationId":"jgqof8khvad5hf2"}
{"type":"log","timestamp":1681193749263,"level":"debug","message":"Running chrome with params {\"printBackground\":true,\"timeout\":59924,\"margin\":{}}","meta":{"rootId":"sgvpbvrei20oruv","id":"sgvpbvrei20oruv"},"id":"qcckubk4u84pz1k","previousOperationId":"jgqof8khvad5hf2"}
{"type":"operationEnd","operationId":"jgqof8khvad5hf2","timestamp":1681193749338,"id":"axvqmawbbfs1y7o","previousEventId":"42tinefil84e2nr","previousOperationId":"jgqof8khvad5hf2"}
{"type":"log","timestamp":1681193749340,"level":"debug","message":"Skipping storing report.","meta":{"rootId":"sgvpbvrei20oruv","id":"sgvpbvrei20oruv"},"id":"l7gf5vbbw5sbvs2","previousOperationId":"jgqof8khvad5hf2"}
{"type":"log","timestamp":1681193749340,"level":"info","message":"Rendering request 12 finished in 1146 ms","meta":{"rootId":"sgvpbvrei20oruv","id":"sgvpbvrei20oruv"},"id":"zikgdsk5kxqwwjd","previousOperationId":"jgqof8khvad5hf2"}
{"type":"operationEnd","subtype":"render","operationId":"6b4huy7pxk6ukbe","timestamp":1681193749340,"id":"y2x1g7lxu214ils","previousEventId":"axvqmawbbfs1y7o","previousOperationId":"jgqof8khvad5hf2"}
{"type":"operationEnd","doDiffs":false,"previousEventId":"49tvnkqdqdt22kd","previousOperationId":"604ksoaz6abwenw","operationId":"604ksoaz6abwenw","timestamp":1681193749348,"id":"1mv7w55epjtwrox"}
