{"type":"operationStart","subtype":"profile","data":{"_id":"DdNIjwmRJJqDaBGZ","timestamp":"2023-04-11T06:22:21.371Z","state":"queued","mode":"standard","timeout":60000,"creationDate":"2023-04-11T06:22:21.373Z","modificationDate":"2023-04-11T06:22:21.373Z","shortid":"Mbm08jK","$entitySet":"profiles"},"doDiffs":false,"timestamp":1681194141373,"id":"nltd1vj1yvpbvj9","previousOperationId":null,"operationId":"13c0dd0rjamvzae"}
{"type":"log","level":"info","message":"Render request 19 queued for execution and waiting for available worker","previousOperationId":"13c0dd0rjamvzae","timestamp":1681194141373,"id":"pn6fn7t43dqfous"}
{"type":"operationStart","subtype":"render","name":"BOSCH.html","previousOperationId":"13c0dd0rjamvzae","timestamp":1681194141389,"id":"js2dssu4mno80k1","previousEventId":"nltd1vj1yvpbvj9","operationId":"s46c7j0e27uu3y9"}
{"type":"log","timestamp":1681194141389,"level":"info","message":"Starting rendering request 19","meta":{"rootId":"t67shnrl13klr3l","id":"t67shnrl13klr3l"},"id":"3izhj9pntray7ov","previousOperationId":"s46c7j0e27uu3y9"}
{"type":"log","timestamp":1681194141390,"level":"info","message":"Rendering template { name: BOSCH.html, recipe: chrome-pdf, engine: handlebars, preview: true }","meta":{"rootId":"t67shnrl13klr3l","id":"t67shnrl13klr3l"},"id":"818kcmke2tvhgmp","previousOperationId":"s46c7j0e27uu3y9"}
{"type":"log","timestamp":1681194141391,"level":"debug","message":"Data item not defined for this template.","meta":{"rootId":"t67shnrl13klr3l","id":"t67shnrl13klr3l"},"id":"l1hdx7m0dt1p39p","previousOperationId":"s46c7j0e27uu3y9"}
{"type":"log","timestamp":1681194141395,"level":"debug","message":"Base url not specified, skipping its injection.","meta":{"rootId":"t67shnrl13klr3l","id":"t67shnrl13klr3l"},"id":"vvys5zdlq4s03rl","previousOperationId":"s46c7j0e27uu3y9"}
{"type":"operationStart","subtype":"engine","name":"handlebars","timestamp":1681194141395,"id":"qzoh2vu2dlnaut5","previousEventId":"js2dssu4mno80k1","operationId":"40vxi9ue97aw753","previousOperationId":"s46c7j0e27uu3y9"}
{"type":"log","timestamp":1681194141395,"level":"debug","message":"Rendering engine handlebars","meta":{"rootId":"t67shnrl13klr3l","id":"t67shnrl13klr3l"},"id":"gio2dwudzf334vy","previousOperationId":"40vxi9ue97aw753"}
{"type":"operationEnd","operationId":"40vxi9ue97aw753","timestamp":1681194141430,"id":"np4q31vjbn4manp","previousEventId":"qzoh2vu2dlnaut5","previousOperationId":"40vxi9ue97aw753"}
{"type":"operationStart","subtype":"recipe","name":"chrome-pdf","timestamp":1681194141430,"id":"prek8mviymjjcz3","previousEventId":"np4q31vjbn4manp","operationId":"3re84e8iwm9xwhi","previousOperationId":"40vxi9ue97aw753"}
{"type":"log","timestamp":1681194141430,"level":"debug","message":"Executing recipe chrome-pdf","meta":{"rootId":"t67shnrl13klr3l","id":"t67shnrl13klr3l"},"id":"fm7lea42pn3o3v2","previousOperationId":"3re84e8iwm9xwhi"}
{"type":"log","timestamp":1681194141440,"level":"debug","message":"Converting with chrome HeadlessChrome/105.0.5173.0 using chrome-pool strategy","meta":{"rootId":"t67shnrl13klr3l","id":"t67shnrl13klr3l"},"id":"rkxkgyqlxjz7k47","previousOperationId":"3re84e8iwm9xwhi"}
{"type":"log","timestamp":1681194141590,"level":"debug","message":"Page request: GET (document) file:///C:/Users/puran/AppData/Local/Temp/jsreport/autocleanup/4c912858-8c7e-48f1-a622-4bf7e35dfd3a-chrome-pdf.html","meta":{"rootId":"t67shnrl13klr3l","id":"t67shnrl13klr3l"},"id":"cznkgh87j1qbmjy","previousOperationId":"3re84e8iwm9xwhi"}
{"type":"log","timestamp":1681194141611,"level":"debug","message":"Page request finished: GET (document) 200 file:///C:/Users/puran/AppData/Local/Temp/jsreport/autocleanup/4c912858-8c7e-48f1-a622-4bf7e35dfd3a-chrome-pdf.html","meta":{"rootId":"t67shnrl13klr3l","id":"t67shnrl13klr3l"},"id":"0g2obdk6bpon6rd","previousOperationId":"3re84e8iwm9xwhi"}
{"type":"log","timestamp":1681194141651,"level":"debug","message":"Running chrome with params {\"printBackground\":true,\"timeout\":59932,\"margin\":{}}","meta":{"rootId":"t67shnrl13klr3l","id":"t67shnrl13klr3l"},"id":"pud4616kwrcvkqu","previousOperationId":"3re84e8iwm9xwhi"}
{"type":"operationEnd","operationId":"3re84e8iwm9xwhi","timestamp":1681194141738,"id":"ga3vvfqxnja28sh","previousEventId":"prek8mviymjjcz3","previousOperationId":"3re84e8iwm9xwhi"}
{"type":"log","timestamp":1681194141738,"level":"debug","message":"Skipping storing report.","meta":{"rootId":"t67shnrl13klr3l","id":"t67shnrl13klr3l"},"id":"xnvoctb1v2auk99","previousOperationId":"3re84e8iwm9xwhi"}
{"type":"log","timestamp":1681194141739,"level":"info","message":"Rendering request 19 finished in 368 ms","meta":{"rootId":"t67shnrl13klr3l","id":"t67shnrl13klr3l"},"id":"ea3xycyjvtrijhz","previousOperationId":"3re84e8iwm9xwhi"}
{"type":"operationEnd","subtype":"render","operationId":"s46c7j0e27uu3y9","timestamp":1681194141739,"id":"7uv77uq7q0s0pmw","previousEventId":"ga3vvfqxnja28sh","previousOperationId":"3re84e8iwm9xwhi"}
{"type":"operationEnd","doDiffs":false,"previousEventId":"nltd1vj1yvpbvj9","previousOperationId":"13c0dd0rjamvzae","operationId":"13c0dd0rjamvzae","timestamp":1681194141742,"id":"85qe0f4d7wk84fk"}
