{"type":"operationStart","subtype":"profile","data":{"_id":"gWuT8SZlG5d010vE","timestamp":"2023-04-11T06:16:01.057Z","state":"queued","mode":"standard","timeout":60000,"creationDate":"2023-04-11T06:16:01.062Z","modificationDate":"2023-04-11T06:16:01.062Z","shortid":"YvMJSll","$entitySet":"profiles"},"doDiffs":false,"timestamp":1681193761060,"id":"juvvu5jfczbomof","previousOperationId":null,"operationId":"tqu7idlwnlqwr9n"}
{"type":"log","level":"info","message":"Render request 13 queued for execution and waiting for available worker","previousOperationId":"tqu7idlwnlqwr9n","timestamp":1681193761061,"id":"v1yrqrlkk7i6ymh"}
{"type":"operationStart","subtype":"render","name":"BOSCH.html","previousOperationId":"tqu7idlwnlqwr9n","timestamp":1681193761077,"id":"3vr1id8yxjmfl78","previousEventId":"juvvu5jfczbomof","operationId":"y6ghwwdhlvr7v8j"}
{"type":"log","timestamp":1681193761077,"level":"info","message":"Starting rendering request 13","meta":{"rootId":"tj8uts4wru2grls","id":"tj8uts4wru2grls"},"id":"gjskhezgscitll8","previousOperationId":"y6ghwwdhlvr7v8j"}
{"type":"log","timestamp":1681193761077,"level":"info","message":"Rendering template { name: BOSCH.html, recipe: chrome-pdf, engine: handlebars, preview: true }","meta":{"rootId":"tj8uts4wru2grls","id":"tj8uts4wru2grls"},"id":"o31nniiy84qee9h","previousOperationId":"y6ghwwdhlvr7v8j"}
{"type":"log","timestamp":1681193761078,"level":"debug","message":"Data item not defined for this template.","meta":{"rootId":"tj8uts4wru2grls","id":"tj8uts4wru2grls"},"id":"xvz57nvxegznr71","previousOperationId":"y6ghwwdhlvr7v8j"}
{"type":"log","timestamp":1681193761086,"level":"debug","message":"Base url not specified, skipping its injection.","meta":{"rootId":"tj8uts4wru2grls","id":"tj8uts4wru2grls"},"id":"257hh7v3lx4ijp4","previousOperationId":"y6ghwwdhlvr7v8j"}
{"type":"operationStart","subtype":"engine","name":"handlebars","timestamp":1681193761086,"id":"vaimsf8pzqwvl0h","previousEventId":"3vr1id8yxjmfl78","operationId":"xrcuo6ushmzxafg","previousOperationId":"y6ghwwdhlvr7v8j"}
{"type":"log","timestamp":1681193761086,"level":"debug","message":"Rendering engine handlebars","meta":{"rootId":"tj8uts4wru2grls","id":"tj8uts4wru2grls"},"id":"tr7iwqel774i77u","previousOperationId":"xrcuo6ushmzxafg"}
{"type":"operationEnd","operationId":"xrcuo6ushmzxafg","timestamp":1681193761124,"id":"18bfqccgaa8mw91","previousEventId":"vaimsf8pzqwvl0h","previousOperationId":"xrcuo6ushmzxafg"}
{"type":"operationStart","subtype":"recipe","name":"chrome-pdf","timestamp":1681193761124,"id":"z4n0lbz2whc5p68","previousEventId":"18bfqccgaa8mw91","operationId":"y0fn422p3er1az5","previousOperationId":"xrcuo6ushmzxafg"}
{"type":"log","timestamp":1681193761124,"level":"debug","message":"Executing recipe chrome-pdf","meta":{"rootId":"tj8uts4wru2grls","id":"tj8uts4wru2grls"},"id":"e4sdo1cmydy5ulz","previousOperationId":"y0fn422p3er1az5"}
{"type":"log","timestamp":1681193761129,"level":"debug","message":"Converting with chrome HeadlessChrome/105.0.5173.0 using chrome-pool strategy","meta":{"rootId":"tj8uts4wru2grls","id":"tj8uts4wru2grls"},"id":"crpkdqcxcnpak28","previousOperationId":"y0fn422p3er1az5"}
{"type":"log","timestamp":1681193762127,"level":"debug","message":"Page request: GET (document) file:///C:/Users/puran/AppData/Local/Temp/jsreport/autocleanup/70177614-b933-4bd2-a984-940096811b43-chrome-pdf.html","meta":{"rootId":"tj8uts4wru2grls","id":"tj8uts4wru2grls"},"id":"6f0ubnxjdue2rav","previousOperationId":"y0fn422p3er1az5"}
{"type":"log","timestamp":1681193762139,"level":"debug","message":"Page request finished: GET (document) 200 file:///C:/Users/puran/AppData/Local/Temp/jsreport/autocleanup/70177614-b933-4bd2-a984-940096811b43-chrome-pdf.html","meta":{"rootId":"tj8uts4wru2grls","id":"tj8uts4wru2grls"},"id":"0ljeutxxsff4dzr","previousOperationId":"y0fn422p3er1az5"}
{"type":"log","timestamp":1681193762173,"level":"debug","message":"Running chrome with params {\"printBackground\":true,\"timeout\":59930,\"margin\":{}}","meta":{"rootId":"tj8uts4wru2grls","id":"tj8uts4wru2grls"},"id":"q974c1v2a2snxll","previousOperationId":"y0fn422p3er1az5"}
{"type":"operationEnd","operationId":"y0fn422p3er1az5","timestamp":1681193762250,"id":"n559u0c7qyaincn","previousEventId":"z4n0lbz2whc5p68","previousOperationId":"y0fn422p3er1az5"}
{"type":"log","timestamp":1681193762250,"level":"debug","message":"Skipping storing report.","meta":{"rootId":"tj8uts4wru2grls","id":"tj8uts4wru2grls"},"id":"lutp74nx338x15n","previousOperationId":"y0fn422p3er1az5"}
{"type":"log","timestamp":1681193762250,"level":"info","message":"Rendering request 13 finished in 1193 ms","meta":{"rootId":"tj8uts4wru2grls","id":"tj8uts4wru2grls"},"id":"31nabs6uol9j7hf","previousOperationId":"y0fn422p3er1az5"}
{"type":"operationEnd","subtype":"render","operationId":"y6ghwwdhlvr7v8j","timestamp":1681193762250,"id":"1c4lr1tw7wn33cd","previousEventId":"n559u0c7qyaincn","previousOperationId":"y0fn422p3er1az5"}
{"type":"operationEnd","doDiffs":false,"previousEventId":"juvvu5jfczbomof","previousOperationId":"tqu7idlwnlqwr9n","operationId":"tqu7idlwnlqwr9n","timestamp":1681193762258,"id":"j4gxrn36grqitrh"}
