{"type":"operationStart","subtype":"profile","data":{"_id":"oFaGhNc7ib4ENsQW","timestamp":"2023-04-11T06:43:45.181Z","state":"queued","mode":"standard","timeout":60000,"creationDate":"2023-04-11T06:43:45.184Z","modificationDate":"2023-04-11T06:43:45.184Z","shortid":"620A2Ew","$entitySet":"profiles"},"doDiffs":false,"timestamp":1681195425183,"id":"gou1n5ntzyvn0p0","previousOperationId":null,"operationId":"a4mbe8p9gnnm6m6"}
{"type":"log","level":"info","message":"Render request 29 queued for execution and waiting for available worker","previousOperationId":"a4mbe8p9gnnm6m6","timestamp":1681195425183,"id":"3kik6c11tkqqea3"}
{"type":"operationStart","subtype":"render","name":"BOSCH.html","previousOperationId":"a4mbe8p9gnnm6m6","timestamp":1681195425202,"id":"22nrx9viv9biueq","previousEventId":"gou1n5ntzyvn0p0","operationId":"wp4yqduhe6ihhda"}
{"type":"log","timestamp":1681195425202,"level":"info","message":"Starting rendering request 29","meta":{"rootId":"va9b2hxaodvivch","id":"va9b2hxaodvivch"},"id":"ad56fe20qchrb78","previousOperationId":"wp4yqduhe6ihhda"}
{"type":"log","timestamp":1681195425203,"level":"info","message":"Rendering template { name: BOSCH.html, recipe: chrome-pdf, engine: handlebars, preview: true }","meta":{"rootId":"va9b2hxaodvivch","id":"va9b2hxaodvivch"},"id":"uqd1beus1no3201","previousOperationId":"wp4yqduhe6ihhda"}
{"type":"log","timestamp":1681195425209,"level":"debug","message":"Data item not defined for this template.","meta":{"rootId":"va9b2hxaodvivch","id":"va9b2hxaodvivch"},"id":"z8pfd4o59hp7cb1","previousOperationId":"wp4yqduhe6ihhda"}
{"type":"log","timestamp":1681195425215,"level":"debug","message":"Base url not specified, skipping its injection.","meta":{"rootId":"va9b2hxaodvivch","id":"va9b2hxaodvivch"},"id":"er2ho2z3n7ufzfr","previousOperationId":"wp4yqduhe6ihhda"}
{"type":"operationStart","subtype":"engine","name":"handlebars","timestamp":1681195425216,"id":"efe1sy6su8p0u8i","previousEventId":"22nrx9viv9biueq","operationId":"9z1136psmkzhfcx","previousOperationId":"wp4yqduhe6ihhda"}
{"type":"log","timestamp":1681195425216,"level":"debug","message":"Rendering engine handlebars","meta":{"rootId":"va9b2hxaodvivch","id":"va9b2hxaodvivch"},"id":"oivydmcijm3v9ec","previousOperationId":"9z1136psmkzhfcx"}
{"type":"operationEnd","operationId":"9z1136psmkzhfcx","timestamp":1681195425236,"id":"gb8l39g8zz4vo54","previousEventId":"efe1sy6su8p0u8i","previousOperationId":"9z1136psmkzhfcx"}
{"type":"operationStart","subtype":"recipe","name":"chrome-pdf","timestamp":1681195425236,"id":"8kgslnfsjn031lm","previousEventId":"gb8l39g8zz4vo54","operationId":"vhyo7b04sgq7aun","previousOperationId":"9z1136psmkzhfcx"}
{"type":"log","timestamp":1681195425236,"level":"debug","message":"Executing recipe chrome-pdf","meta":{"rootId":"va9b2hxaodvivch","id":"va9b2hxaodvivch"},"id":"q113ciwaczrbumo","previousOperationId":"vhyo7b04sgq7aun"}
{"type":"log","timestamp":1681195425245,"level":"debug","message":"Converting with chrome HeadlessChrome/105.0.5173.0 using chrome-pool strategy","meta":{"rootId":"va9b2hxaodvivch","id":"va9b2hxaodvivch"},"id":"0enkp53bqd4nn8n","previousOperationId":"vhyo7b04sgq7aun"}
{"type":"log","timestamp":1681195427665,"level":"debug","message":"Page request: GET (document) file:///C:/Users/puran/AppData/Local/Temp/jsreport/autocleanup/8548c0e3-ea0b-4872-b3d5-75c61dbac2f6-chrome-pdf.html","meta":{"rootId":"va9b2hxaodvivch","id":"va9b2hxaodvivch"},"id":"wms803684v3y2rz","previousOperationId":"vhyo7b04sgq7aun"}
{"type":"log","timestamp":1681195427697,"level":"debug","message":"Page request: GET (image) file:///C:/Users/puran/AppData/Local/Temp/jsreport/autocleanup/bosch.png","meta":{"rootId":"va9b2hxaodvivch","id":"va9b2hxaodvivch"},"id":"w9zzxpzaindeogk","previousOperationId":"vhyo7b04sgq7aun"}
{"type":"log","timestamp":1681195427699,"level":"debug","message":"Page request finished: GET (document) 200 file:///C:/Users/puran/AppData/Local/Temp/jsreport/autocleanup/8548c0e3-ea0b-4872-b3d5-75c61dbac2f6-chrome-pdf.html","meta":{"rootId":"va9b2hxaodvivch","id":"va9b2hxaodvivch"},"id":"fi0p7oyapuh7dtg","previousOperationId":"vhyo7b04sgq7aun"}
{"type":"log","timestamp":1681195427780,"level":"warn","message":"Page request failed: GET (image) file:///C:/Users/puran/AppData/Local/Temp/jsreport/autocleanup/bosch.png, failure: net::ERR_FILE_NOT_FOUND","meta":{"rootId":"va9b2hxaodvivch","id":"va9b2hxaodvivch"},"id":"0wxcad355iei9sj","previousOperationId":"vhyo7b04sgq7aun"}
{"type":"log","timestamp":1681195427780,"level":"debug","message":"(console:error) Failed to load resource: net::ERR_FILE_NOT_FOUND","meta":{"userLevel":true,"rootId":"va9b2hxaodvivch","id":"va9b2hxaodvivch"},"id":"3rd4vpgj6zslngj","previousOperationId":"vhyo7b04sgq7aun"}
{"type":"log","timestamp":1681195427828,"level":"debug","message":"Running chrome with params {\"printBackground\":true,\"timeout\":59940,\"margin\":{}}","meta":{"rootId":"va9b2hxaodvivch","id":"va9b2hxaodvivch"},"id":"p0vnscaglvwlnso","previousOperationId":"vhyo7b04sgq7aun"}
{"type":"operationEnd","operationId":"vhyo7b04sgq7aun","timestamp":1681195427933,"id":"wwt8h3g4soyu47j","previousEventId":"8kgslnfsjn031lm","previousOperationId":"vhyo7b04sgq7aun"}
{"type":"log","timestamp":1681195427933,"level":"debug","message":"Skipping storing report.","meta":{"rootId":"va9b2hxaodvivch","id":"va9b2hxaodvivch"},"id":"wwwkw4w545ik3lp","previousOperationId":"vhyo7b04sgq7aun"}
{"type":"log","timestamp":1681195427933,"level":"info","message":"Rendering request 29 finished in 2752 ms","meta":{"rootId":"va9b2hxaodvivch","id":"va9b2hxaodvivch"},"id":"wiuw7ui50d19who","previousOperationId":"vhyo7b04sgq7aun"}
{"type":"operationEnd","subtype":"render","operationId":"wp4yqduhe6ihhda","timestamp":1681195427933,"id":"qiyrl9yycvh0eit","previousEventId":"wwt8h3g4soyu47j","previousOperationId":"vhyo7b04sgq7aun"}
{"type":"operationEnd","doDiffs":false,"previousEventId":"gou1n5ntzyvn0p0","previousOperationId":"a4mbe8p9gnnm6m6","operationId":"a4mbe8p9gnnm6m6","timestamp":1681195427937,"id":"h1pjuwcqfzpmq0u"}
