{"type":"operationStart","subtype":"profile","data":{"_id":"DfqYcKT7DiKagSPX","timestamp":"2023-04-11T06:15:07.374Z","state":"queued","mode":"standard","timeout":60000,"creationDate":"2023-04-11T06:15:07.380Z","modificationDate":"2023-04-11T06:15:07.380Z","shortid":"lcEhpzV","$entitySet":"profiles"},"doDiffs":false,"timestamp":1681193707379,"id":"m1u8tyqnh2z1o2b","previousOperationId":null,"operationId":"odqu4oy111t2x4x"}
{"type":"log","level":"info","message":"Render request 11 queued for execution and waiting for available worker","previousOperationId":"odqu4oy111t2x4x","timestamp":1681193707379,"id":"fzzj7qmfqd5umrf"}
{"type":"operationStart","subtype":"render","name":"BOSCH.html","previousOperationId":"odqu4oy111t2x4x","timestamp":1681193707399,"id":"2chdwgxr2osi7bw","previousEventId":"m1u8tyqnh2z1o2b","operationId":"nfcvqj7yb7v12ad"}
{"type":"log","timestamp":1681193707400,"level":"info","message":"Starting rendering request 11","meta":{"rootId":"wwsqkfvte9myn9w","id":"wwsqkfvte9myn9w"},"id":"olxz25hm5yhytm5","previousOperationId":"nfcvqj7yb7v12ad"}
{"type":"log","timestamp":1681193707401,"level":"info","message":"Rendering template { name: BOSCH.html, recipe: chrome-pdf, engine: handlebars, preview: true }","meta":{"rootId":"wwsqkfvte9myn9w","id":"wwsqkfvte9myn9w"},"id":"5t9ibq1t88d14kl","previousOperationId":"nfcvqj7yb7v12ad"}
{"type":"log","timestamp":1681193707401,"level":"debug","message":"Data item not defined for this template.","meta":{"rootId":"wwsqkfvte9myn9w","id":"wwsqkfvte9myn9w"},"id":"wzxk5ecu1d5vefk","previousOperationId":"nfcvqj7yb7v12ad"}
{"type":"log","timestamp":1681193707403,"level":"debug","message":"Base url not specified, skipping its injection.","meta":{"rootId":"wwsqkfvte9myn9w","id":"wwsqkfvte9myn9w"},"id":"2fhvpwgd0witlcs","previousOperationId":"nfcvqj7yb7v12ad"}
{"type":"operationStart","subtype":"engine","name":"handlebars","timestamp":1681193707404,"id":"553d8pvh2h7qiej","previousEventId":"2chdwgxr2osi7bw","operationId":"9e07d8u8yff9ua3","previousOperationId":"nfcvqj7yb7v12ad"}
{"type":"log","timestamp":1681193707404,"level":"debug","message":"Rendering engine handlebars","meta":{"rootId":"wwsqkfvte9myn9w","id":"wwsqkfvte9myn9w"},"id":"gz7iboe4vqczb8a","previousOperationId":"9e07d8u8yff9ua3"}
{"type":"operationEnd","operationId":"9e07d8u8yff9ua3","timestamp":1681193707436,"id":"qg52z4efzylpd8q","previousEventId":"553d8pvh2h7qiej","previousOperationId":"9e07d8u8yff9ua3"}
{"type":"operationStart","subtype":"recipe","name":"chrome-pdf","timestamp":1681193707437,"id":"w8rptrml5xyo4fx","previousEventId":"qg52z4efzylpd8q","operationId":"2ymlz2w65smdfda","previousOperationId":"9e07d8u8yff9ua3"}
{"type":"log","timestamp":1681193707437,"level":"debug","message":"Executing recipe chrome-pdf","meta":{"rootId":"wwsqkfvte9myn9w","id":"wwsqkfvte9myn9w"},"id":"pasno63xfulrg1q","previousOperationId":"2ymlz2w65smdfda"}
{"type":"log","timestamp":1681193707443,"level":"debug","message":"Converting with chrome HeadlessChrome/105.0.5173.0 using chrome-pool strategy","meta":{"rootId":"wwsqkfvte9myn9w","id":"wwsqkfvte9myn9w"},"id":"rldvb9ebiv24etk","previousOperationId":"2ymlz2w65smdfda"}
{"type":"log","timestamp":1681193708729,"level":"debug","message":"Page request: GET (document) file:///C:/Users/puran/AppData/Local/Temp/jsreport/autocleanup/bd0c59ce-c089-4bc8-baaf-24056b658bf6-chrome-pdf.html","meta":{"rootId":"wwsqkfvte9myn9w","id":"wwsqkfvte9myn9w"},"id":"4hvykm8zasgab9h","previousOperationId":"2ymlz2w65smdfda"}
{"type":"log","timestamp":1681193708756,"level":"debug","message":"Page request finished: GET (document) 200 file:///C:/Users/puran/AppData/Local/Temp/jsreport/autocleanup/bd0c59ce-c089-4bc8-baaf-24056b658bf6-chrome-pdf.html","meta":{"rootId":"wwsqkfvte9myn9w","id":"wwsqkfvte9myn9w"},"id":"c673nqcr1s32c8t","previousOperationId":"2ymlz2w65smdfda"}
{"type":"log","timestamp":1681193708785,"level":"debug","message":"Running chrome with params {\"printBackground\":true,\"timeout\":59935,\"margin\":{}}","meta":{"rootId":"wwsqkfvte9myn9w","id":"wwsqkfvte9myn9w"},"id":"xxcu0g07ng7pf8l","previousOperationId":"2ymlz2w65smdfda"}
{"type":"operationEnd","operationId":"2ymlz2w65smdfda","timestamp":1681193708854,"id":"piuh9xh8pyorf95","previousEventId":"w8rptrml5xyo4fx","previousOperationId":"2ymlz2w65smdfda"}
{"type":"log","timestamp":1681193708854,"level":"debug","message":"Skipping storing report.","meta":{"rootId":"wwsqkfvte9myn9w","id":"wwsqkfvte9myn9w"},"id":"0gjnfjwsl6cq72n","previousOperationId":"2ymlz2w65smdfda"}
{"type":"log","timestamp":1681193708855,"level":"info","message":"Rendering request 11 finished in 1481 ms","meta":{"rootId":"wwsqkfvte9myn9w","id":"wwsqkfvte9myn9w"},"id":"uj0wiwfi86cpwv6","previousOperationId":"2ymlz2w65smdfda"}
{"type":"operationEnd","subtype":"render","operationId":"nfcvqj7yb7v12ad","timestamp":1681193708855,"id":"efnnz7q0r9ikc57","previousEventId":"piuh9xh8pyorf95","previousOperationId":"2ymlz2w65smdfda"}
{"type":"operationEnd","doDiffs":false,"previousEventId":"m1u8tyqnh2z1o2b","previousOperationId":"odqu4oy111t2x4x","operationId":"odqu4oy111t2x4x","timestamp":1681193708862,"id":"rv85lh9r8l8y8qi"}
