{"type":"operationStart","subtype":"profile","data":{"_id":"qW08fxOyXOeuZjog","timestamp":"2023-04-11T06:36:14.307Z","state":"queued","mode":"standard","timeout":60000,"creationDate":"2023-04-11T06:36:14.309Z","modificationDate":"2023-04-11T06:36:14.309Z","shortid":"6L_5_HD","$entitySet":"profiles"},"doDiffs":false,"timestamp":1681194974308,"id":"6q720oeajx09sv5","previousOperationId":null,"operationId":"iy4d2j7s6vigi2f"}
{"type":"log","level":"info","message":"Render request 26 queued for execution and waiting for available worker","previousOperationId":"iy4d2j7s6vigi2f","timestamp":1681194974309,"id":"p5mdw0qs6t2h0ce"}
{"type":"operationStart","subtype":"render","name":"BOSCH.html","previousOperationId":"iy4d2j7s6vigi2f","timestamp":1681194974346,"id":"z22h90e72t8ixsl","previousEventId":"6q720oeajx09sv5","operationId":"dyafj5ppai0xb2m"}
{"type":"log","timestamp":1681194974352,"level":"info","message":"Starting rendering request 26","meta":{"rootId":"x36ltwq5zdg2gq9","id":"x36ltwq5zdg2gq9"},"id":"b5euh14xocu7y4e","previousOperationId":"dyafj5ppai0xb2m"}
{"type":"log","timestamp":1681194974355,"level":"info","message":"Rendering template { name: BOSCH.html, recipe: chrome-pdf, engine: handlebars, preview: true }","meta":{"rootId":"x36ltwq5zdg2gq9","id":"x36ltwq5zdg2gq9"},"id":"f7wiebwunnr8dys","previousOperationId":"dyafj5ppai0xb2m"}
{"type":"log","timestamp":1681194974356,"level":"debug","message":"Data item not defined for this template.","meta":{"rootId":"x36ltwq5zdg2gq9","id":"x36ltwq5zdg2gq9"},"id":"5wczhkla5zprqqr","previousOperationId":"dyafj5ppai0xb2m"}
{"type":"log","timestamp":1681194974359,"level":"debug","message":"Base url not specified, skipping its injection.","meta":{"rootId":"x36ltwq5zdg2gq9","id":"x36ltwq5zdg2gq9"},"id":"40j21mhnv2on4uc","previousOperationId":"dyafj5ppai0xb2m"}
{"type":"operationStart","subtype":"engine","name":"handlebars","timestamp":1681194974360,"id":"thwnq7u8x3y76eb","previousEventId":"z22h90e72t8ixsl","operationId":"783q6bd72frh8x8","previousOperationId":"dyafj5ppai0xb2m"}
{"type":"log","timestamp":1681194974360,"level":"debug","message":"Rendering engine handlebars","meta":{"rootId":"x36ltwq5zdg2gq9","id":"x36ltwq5zdg2gq9"},"id":"nry29ei4m5tb4xm","previousOperationId":"783q6bd72frh8x8"}
{"type":"operationEnd","operationId":"783q6bd72frh8x8","timestamp":1681194974388,"id":"vj4ch7nskliksu8","previousEventId":"thwnq7u8x3y76eb","previousOperationId":"783q6bd72frh8x8"}
{"type":"operationStart","subtype":"recipe","name":"chrome-pdf","timestamp":1681194974388,"id":"t5wsi38v05xtusm","previousEventId":"vj4ch7nskliksu8","operationId":"70fzkzlek4jmucj","previousOperationId":"783q6bd72frh8x8"}
{"type":"log","timestamp":1681194974388,"level":"debug","message":"Executing recipe chrome-pdf","meta":{"rootId":"x36ltwq5zdg2gq9","id":"x36ltwq5zdg2gq9"},"id":"rsn0svjy3vw91og","previousOperationId":"70fzkzlek4jmucj"}
{"type":"log","timestamp":1681194974394,"level":"debug","message":"Converting with chrome HeadlessChrome/105.0.5173.0 using chrome-pool strategy","meta":{"rootId":"x36ltwq5zdg2gq9","id":"x36ltwq5zdg2gq9"},"id":"bf677d2rb2lw5up","previousOperationId":"70fzkzlek4jmucj"}
{"type":"log","timestamp":1681194974584,"level":"debug","message":"Page request: GET (document) file:///C:/Users/puran/AppData/Local/Temp/jsreport/autocleanup/0fba1bf9-850a-4a16-be9f-c4751b9551b6-chrome-pdf.html","meta":{"rootId":"x36ltwq5zdg2gq9","id":"x36ltwq5zdg2gq9"},"id":"ll31d878470lkq0","previousOperationId":"70fzkzlek4jmucj"}
{"type":"log","timestamp":1681194974609,"level":"debug","message":"Page request finished: GET (document) 200 file:///C:/Users/puran/AppData/Local/Temp/jsreport/autocleanup/0fba1bf9-850a-4a16-be9f-c4751b9551b6-chrome-pdf.html","meta":{"rootId":"x36ltwq5zdg2gq9","id":"x36ltwq5zdg2gq9"},"id":"nro421gs0dpcpep","previousOperationId":"70fzkzlek4jmucj"}
{"type":"log","timestamp":1681194974610,"level":"debug","message":"Page request: GET (image) file:///C:/Users/puran/AppData/Local/Temp/jsreport/autocleanup/logo.png","meta":{"rootId":"x36ltwq5zdg2gq9","id":"x36ltwq5zdg2gq9"},"id":"1hnk18saj0ozor5","previousOperationId":"70fzkzlek4jmucj"}
{"type":"log","timestamp":1681194974612,"level":"warn","message":"Page request failed: GET (image) file:///C:/Users/puran/AppData/Local/Temp/jsreport/autocleanup/logo.png, failure: net::ERR_FILE_NOT_FOUND","meta":{"rootId":"x36ltwq5zdg2gq9","id":"x36ltwq5zdg2gq9"},"id":"58lv2wqdlcpzpaz","previousOperationId":"70fzkzlek4jmucj"}
{"type":"log","timestamp":1681194974612,"level":"debug","message":"(console:error) Failed to load resource: net::ERR_FILE_NOT_FOUND","meta":{"userLevel":true,"rootId":"x36ltwq5zdg2gq9","id":"x36ltwq5zdg2gq9"},"id":"aoa9ufweg1dpjqd","previousOperationId":"70fzkzlek4jmucj"}
{"type":"log","timestamp":1681194974660,"level":"debug","message":"Running chrome with params {\"printBackground\":true,\"timeout\":59914,\"margin\":{}}","meta":{"rootId":"x36ltwq5zdg2gq9","id":"x36ltwq5zdg2gq9"},"id":"r8zlzdsjkngknrs","previousOperationId":"70fzkzlek4jmucj"}
{"type":"operationEnd","operationId":"70fzkzlek4jmucj","timestamp":1681194974771,"id":"4wek2oba052uqq8","previousEventId":"t5wsi38v05xtusm","previousOperationId":"70fzkzlek4jmucj"}
{"type":"log","timestamp":1681194974771,"level":"debug","message":"Skipping storing report.","meta":{"rootId":"x36ltwq5zdg2gq9","id":"x36ltwq5zdg2gq9"},"id":"yz3dt5jbtxktocu","previousOperationId":"70fzkzlek4jmucj"}
{"type":"log","timestamp":1681194974772,"level":"info","message":"Rendering request 26 finished in 465 ms","meta":{"rootId":"x36ltwq5zdg2gq9","id":"x36ltwq5zdg2gq9"},"id":"6vs4ocgubbh8u5n","previousOperationId":"70fzkzlek4jmucj"}
{"type":"operationEnd","subtype":"render","operationId":"dyafj5ppai0xb2m","timestamp":1681194974772,"id":"kbb5jwbak97rdbw","previousEventId":"4wek2oba052uqq8","previousOperationId":"70fzkzlek4jmucj"}
{"type":"operationEnd","doDiffs":false,"previousEventId":"6q720oeajx09sv5","previousOperationId":"iy4d2j7s6vigi2f","operationId":"iy4d2j7s6vigi2f","timestamp":1681194974775,"id":"d5a3s4izjqiaf9u"}
