{"type":"operationStart","subtype":"profile","data":{"_id":"IXquEgqIXXMKKZeb","timestamp":"2023-04-11T06:22:30.380Z","state":"queued","mode":"standard","timeout":60000,"creationDate":"2023-04-11T06:22:30.385Z","modificationDate":"2023-04-11T06:22:30.385Z","shortid":"8_gu4FT","$entitySet":"profiles"},"doDiffs":false,"timestamp":1681194150383,"id":"mfb12qcxaakhkmr","previousOperationId":null,"operationId":"0vsnhn6appljdgx"}
{"type":"log","level":"info","message":"Render request 20 queued for execution and waiting for available worker","previousOperationId":"0vsnhn6appljdgx","timestamp":1681194150383,"id":"o27hxeucy26lmdj"}
{"type":"operationStart","subtype":"render","name":"BOSCH.html","previousOperationId":"0vsnhn6appljdgx","timestamp":1681194150403,"id":"61sfegd1r2ghc4b","previousEventId":"mfb12qcxaakhkmr","operationId":"9w6xp1jrlc6xv56"}
{"type":"log","timestamp":1681194150403,"level":"info","message":"Starting rendering request 20","meta":{"rootId":"xc9qtbukadoh156","id":"xc9qtbukadoh156"},"id":"16d2hsa1omqwsp0","previousOperationId":"9w6xp1jrlc6xv56"}
{"type":"log","timestamp":1681194150404,"level":"info","message":"Rendering template { name: BOSCH.html, recipe: chrome-pdf, engine: handlebars, preview: true }","meta":{"rootId":"xc9qtbukadoh156","id":"xc9qtbukadoh156"},"id":"ul00hjygd4azywm","previousOperationId":"9w6xp1jrlc6xv56"}
{"type":"log","timestamp":1681194150412,"level":"debug","message":"Data item not defined for this template.","meta":{"rootId":"xc9qtbukadoh156","id":"xc9qtbukadoh156"},"id":"hq269cgzx5yvjrh","previousOperationId":"9w6xp1jrlc6xv56"}
{"type":"log","timestamp":1681194150425,"level":"debug","message":"Base url not specified, skipping its injection.","meta":{"rootId":"xc9qtbukadoh156","id":"xc9qtbukadoh156"},"id":"246grteu25ingka","previousOperationId":"9w6xp1jrlc6xv56"}
{"type":"operationStart","subtype":"engine","name":"handlebars","timestamp":1681194150425,"id":"qoux7ssy3r6xzcl","previousEventId":"61sfegd1r2ghc4b","operationId":"sa9stcy4qatpkf5","previousOperationId":"9w6xp1jrlc6xv56"}
{"type":"log","timestamp":1681194150425,"level":"debug","message":"Rendering engine handlebars","meta":{"rootId":"xc9qtbukadoh156","id":"xc9qtbukadoh156"},"id":"8y4t4fj85c290ev","previousOperationId":"sa9stcy4qatpkf5"}
{"type":"operationEnd","operationId":"sa9stcy4qatpkf5","timestamp":1681194150463,"id":"ll8irpvqbm1jjd0","previousEventId":"qoux7ssy3r6xzcl","previousOperationId":"sa9stcy4qatpkf5"}
{"type":"operationStart","subtype":"recipe","name":"chrome-pdf","timestamp":1681194150464,"id":"fhl0mq9xtaxvjqa","previousEventId":"ll8irpvqbm1jjd0","operationId":"nqxd9fc80k66vsa","previousOperationId":"sa9stcy4qatpkf5"}
{"type":"log","timestamp":1681194150464,"level":"debug","message":"Executing recipe chrome-pdf","meta":{"rootId":"xc9qtbukadoh156","id":"xc9qtbukadoh156"},"id":"7eyo6v1lojln6c0","previousOperationId":"nqxd9fc80k66vsa"}
{"type":"log","timestamp":1681194150473,"level":"debug","message":"Converting with chrome HeadlessChrome/105.0.5173.0 using chrome-pool strategy","meta":{"rootId":"xc9qtbukadoh156","id":"xc9qtbukadoh156"},"id":"72t5csq0pi8hs8w","previousOperationId":"nqxd9fc80k66vsa"}
{"type":"log","timestamp":1681194150661,"level":"debug","message":"Page request: GET (document) file:///C:/Users/puran/AppData/Local/Temp/jsreport/autocleanup/11be1e3f-c258-48f6-a085-09151e13d4f7-chrome-pdf.html","meta":{"rootId":"xc9qtbukadoh156","id":"xc9qtbukadoh156"},"id":"5nu2gaupowv0nlq","previousOperationId":"nqxd9fc80k66vsa"}
{"type":"log","timestamp":1681194150696,"level":"debug","message":"Page request finished: GET (document) 200 file:///C:/Users/puran/AppData/Local/Temp/jsreport/autocleanup/11be1e3f-c258-48f6-a085-09151e13d4f7-chrome-pdf.html","meta":{"rootId":"xc9qtbukadoh156","id":"xc9qtbukadoh156"},"id":"esx3t03elso17sn","previousOperationId":"nqxd9fc80k66vsa"}
{"type":"log","timestamp":1681194150756,"level":"debug","message":"Running chrome with params {\"printBackground\":true,\"timeout\":59912,\"margin\":{}}","meta":{"rootId":"xc9qtbukadoh156","id":"xc9qtbukadoh156"},"id":"pjlj34l75u42fdd","previousOperationId":"nqxd9fc80k66vsa"}
{"type":"operationEnd","operationId":"nqxd9fc80k66vsa","timestamp":1681194150872,"id":"a6fjlrcgoqqy77l","previousEventId":"fhl0mq9xtaxvjqa","previousOperationId":"nqxd9fc80k66vsa"}
{"type":"log","timestamp":1681194150872,"level":"debug","message":"Skipping storing report.","meta":{"rootId":"xc9qtbukadoh156","id":"xc9qtbukadoh156"},"id":"t6vpsdfrl0ergve","previousOperationId":"nqxd9fc80k66vsa"}
{"type":"log","timestamp":1681194150872,"level":"info","message":"Rendering request 20 finished in 492 ms","meta":{"rootId":"xc9qtbukadoh156","id":"xc9qtbukadoh156"},"id":"rizx1dxrbco1qtx","previousOperationId":"nqxd9fc80k66vsa"}
{"type":"operationEnd","subtype":"render","operationId":"9w6xp1jrlc6xv56","timestamp":1681194150872,"id":"3n0s98o1wdtd6ia","previousEventId":"a6fjlrcgoqqy77l","previousOperationId":"nqxd9fc80k66vsa"}
{"type":"operationEnd","doDiffs":false,"previousEventId":"mfb12qcxaakhkmr","previousOperationId":"0vsnhn6appljdgx","operationId":"0vsnhn6appljdgx","timestamp":1681194150877,"id":"jp02krphakd2urs"}
