{"type":"operationStart","subtype":"profile","data":{"_id":"gYOKMaZZ7U0n0YmX","timestamp":"2023-04-11T06:33:36.453Z","state":"queued","mode":"standard","timeout":60000,"creationDate":"2023-04-11T06:33:36.455Z","modificationDate":"2023-04-11T06:33:36.455Z","shortid":"YhK58-U","$entitySet":"profiles"},"doDiffs":false,"timestamp":1681194816454,"id":"ang3d8n5rsj36qg","previousOperationId":null,"operationId":"pr4wcsxn93wwyy0"}
{"type":"log","level":"info","message":"Render request 24 queued for execution and waiting for available worker","previousOperationId":"pr4wcsxn93wwyy0","timestamp":1681194816454,"id":"c06ejkn2f2nsc4d"}
{"type":"operationStart","subtype":"render","name":"BOSCH.html","previousOperationId":"pr4wcsxn93wwyy0","timestamp":1681194816473,"id":"cjiid8qyyjju0uq","previousEventId":"ang3d8n5rsj36qg","operationId":"yl5bfh9zv4rlcqq"}
{"type":"log","timestamp":1681194816474,"level":"info","message":"Starting rendering request 24","meta":{"rootId":"xexis7ync6h8qra","id":"xexis7ync6h8qra"},"id":"0n35o1q4x4wf2u5","previousOperationId":"yl5bfh9zv4rlcqq"}
{"type":"log","timestamp":1681194816474,"level":"info","message":"Rendering template { name: BOSCH.html, recipe: chrome-pdf, engine: handlebars, preview: true }","meta":{"rootId":"xexis7ync6h8qra","id":"xexis7ync6h8qra"},"id":"bft04yef6j16fcs","previousOperationId":"yl5bfh9zv4rlcqq"}
{"type":"log","timestamp":1681194816482,"level":"debug","message":"Data item not defined for this template.","meta":{"rootId":"xexis7ync6h8qra","id":"xexis7ync6h8qra"},"id":"uqeajq5jsm5zx1s","previousOperationId":"yl5bfh9zv4rlcqq"}
{"type":"log","timestamp":1681194816486,"level":"debug","message":"Base url not specified, skipping its injection.","meta":{"rootId":"xexis7ync6h8qra","id":"xexis7ync6h8qra"},"id":"psh3u9kezesqau2","previousOperationId":"yl5bfh9zv4rlcqq"}
{"type":"operationStart","subtype":"engine","name":"handlebars","timestamp":1681194816487,"id":"8pz7ynemyrrfhh0","previousEventId":"cjiid8qyyjju0uq","operationId":"2dvis90vansc0tf","previousOperationId":"yl5bfh9zv4rlcqq"}
{"type":"log","timestamp":1681194816487,"level":"debug","message":"Rendering engine handlebars","meta":{"rootId":"xexis7ync6h8qra","id":"xexis7ync6h8qra"},"id":"00k4s8rgssq09a9","previousOperationId":"2dvis90vansc0tf"}
{"type":"operationEnd","operationId":"2dvis90vansc0tf","timestamp":1681194816521,"id":"rz82mt4qni2syie","previousEventId":"8pz7ynemyrrfhh0","previousOperationId":"2dvis90vansc0tf"}
{"type":"operationStart","subtype":"recipe","name":"chrome-pdf","timestamp":1681194816521,"id":"yg5m9oaqmtgqxlu","previousEventId":"rz82mt4qni2syie","operationId":"7gvhg1mem0fce1h","previousOperationId":"2dvis90vansc0tf"}
{"type":"log","timestamp":1681194816521,"level":"debug","message":"Executing recipe chrome-pdf","meta":{"rootId":"xexis7ync6h8qra","id":"xexis7ync6h8qra"},"id":"1pcy7jgfv6jio9e","previousOperationId":"7gvhg1mem0fce1h"}
{"type":"log","timestamp":1681194816530,"level":"debug","message":"Converting with chrome HeadlessChrome/105.0.5173.0 using chrome-pool strategy","meta":{"rootId":"xexis7ync6h8qra","id":"xexis7ync6h8qra"},"id":"glexn810cenjb6w","previousOperationId":"7gvhg1mem0fce1h"}
{"type":"log","timestamp":1681194816697,"level":"debug","message":"Page request: GET (document) file:///C:/Users/puran/AppData/Local/Temp/jsreport/autocleanup/43d797aa-06df-4f9c-9885-c8dc626efa7e-chrome-pdf.html","meta":{"rootId":"xexis7ync6h8qra","id":"xexis7ync6h8qra"},"id":"vmojq7r1ogytzhy","previousOperationId":"7gvhg1mem0fce1h"}
{"type":"log","timestamp":1681194816718,"level":"debug","message":"Page request finished: GET (document) 200 file:///C:/Users/puran/AppData/Local/Temp/jsreport/autocleanup/43d797aa-06df-4f9c-9885-c8dc626efa7e-chrome-pdf.html","meta":{"rootId":"xexis7ync6h8qra","id":"xexis7ync6h8qra"},"id":"8rwf8vl0ic4p7m0","previousOperationId":"7gvhg1mem0fce1h"}
{"type":"log","timestamp":1681194816718,"level":"debug","message":"Page request: GET (image) file:///C:/Users/puran/AppData/Local/Temp/jsreport/autocleanup/logo.png","meta":{"rootId":"xexis7ync6h8qra","id":"xexis7ync6h8qra"},"id":"eo49xnts6ns430n","previousOperationId":"7gvhg1mem0fce1h"}
{"type":"log","timestamp":1681194816772,"level":"warn","message":"Page request failed: GET (image) file:///C:/Users/puran/AppData/Local/Temp/jsreport/autocleanup/logo.png, failure: net::ERR_FILE_NOT_FOUND","meta":{"rootId":"xexis7ync6h8qra","id":"xexis7ync6h8qra"},"id":"dafdxewigjfq476","previousOperationId":"7gvhg1mem0fce1h"}
{"type":"log","timestamp":1681194816773,"level":"debug","message":"(console:error) Failed to load resource: net::ERR_FILE_NOT_FOUND","meta":{"userLevel":true,"rootId":"xexis7ync6h8qra","id":"xexis7ync6h8qra"},"id":"g8e2a2p892fanqm","previousOperationId":"7gvhg1mem0fce1h"}
{"type":"log","timestamp":1681194816778,"level":"debug","message":"Running chrome with params {\"printBackground\":true,\"timeout\":59925,\"margin\":{}}","meta":{"rootId":"xexis7ync6h8qra","id":"xexis7ync6h8qra"},"id":"3rqhi1f9booyos9","previousOperationId":"7gvhg1mem0fce1h"}
{"type":"operationEnd","operationId":"7gvhg1mem0fce1h","timestamp":1681194816873,"id":"yrsyusfoirik6t8","previousEventId":"yg5m9oaqmtgqxlu","previousOperationId":"7gvhg1mem0fce1h"}
{"type":"log","timestamp":1681194816873,"level":"debug","message":"Skipping storing report.","meta":{"rootId":"xexis7ync6h8qra","id":"xexis7ync6h8qra"},"id":"furknzmh0wkgzgt","previousOperationId":"7gvhg1mem0fce1h"}
{"type":"log","timestamp":1681194816874,"level":"info","message":"Rendering request 24 finished in 422 ms","meta":{"rootId":"xexis7ync6h8qra","id":"xexis7ync6h8qra"},"id":"ee7qwwqtceg3h4a","previousOperationId":"7gvhg1mem0fce1h"}
{"type":"operationEnd","subtype":"render","operationId":"yl5bfh9zv4rlcqq","timestamp":1681194816874,"id":"93inbc2dc79ess0","previousEventId":"yrsyusfoirik6t8","previousOperationId":"7gvhg1mem0fce1h"}
{"type":"operationEnd","doDiffs":false,"previousEventId":"ang3d8n5rsj36qg","previousOperationId":"pr4wcsxn93wwyy0","operationId":"pr4wcsxn93wwyy0","timestamp":1681194816885,"id":"tqachn63zlnnljy"}
