{"type":"operationStart","subtype":"profile","data":{"_id":"wGKVkhyZdtKytskl","timestamp":"2023-04-11T06:16:44.196Z","state":"queued","mode":"standard","timeout":60000,"creationDate":"2023-04-11T06:16:44.198Z","modificationDate":"2023-04-11T06:16:44.198Z","shortid":"gPNGi3o","$entitySet":"profiles"},"doDiffs":false,"timestamp":1681193804197,"id":"oato4mfd3wstdh5","previousOperationId":null,"operationId":"dewl2bk839cbjdh"}
{"type":"log","level":"info","message":"Render request 15 queued for execution and waiting for available worker","previousOperationId":"dewl2bk839cbjdh","timestamp":1681193804197,"id":"zx8wwuuyhmvehlz"}
{"type":"operationStart","subtype":"render","name":"BOSCH.html","previousOperationId":"dewl2bk839cbjdh","timestamp":1681193804211,"id":"5s7c9opjrwk50ff","previousEventId":"oato4mfd3wstdh5","operationId":"34onguryeftf9h3"}
{"type":"log","timestamp":1681193804212,"level":"info","message":"Starting rendering request 15","meta":{"rootId":"xf4o5y02dphy16y","id":"xf4o5y02dphy16y"},"id":"sjbtolhv6b40kxk","previousOperationId":"34onguryeftf9h3"}
{"type":"log","timestamp":1681193804212,"level":"info","message":"Rendering template { name: BOSCH.html, recipe: chrome-pdf, engine: handlebars, preview: true }","meta":{"rootId":"xf4o5y02dphy16y","id":"xf4o5y02dphy16y"},"id":"uxw7vn4bf32v6st","previousOperationId":"34onguryeftf9h3"}
{"type":"log","timestamp":1681193804213,"level":"debug","message":"Data item not defined for this template.","meta":{"rootId":"xf4o5y02dphy16y","id":"xf4o5y02dphy16y"},"id":"y2y8fcc0jl0a4vm","previousOperationId":"34onguryeftf9h3"}
{"type":"log","timestamp":1681193804217,"level":"debug","message":"Base url not specified, skipping its injection.","meta":{"rootId":"xf4o5y02dphy16y","id":"xf4o5y02dphy16y"},"id":"8glnugxkzjhgeae","previousOperationId":"34onguryeftf9h3"}
{"type":"operationStart","subtype":"engine","name":"handlebars","timestamp":1681193804218,"id":"7mygum5gkbwugx5","previousEventId":"5s7c9opjrwk50ff","operationId":"yejloehb6qg67ky","previousOperationId":"34onguryeftf9h3"}
{"type":"log","timestamp":1681193804218,"level":"debug","message":"Rendering engine handlebars","meta":{"rootId":"xf4o5y02dphy16y","id":"xf4o5y02dphy16y"},"id":"7u3o6o45wj5p8r4","previousOperationId":"yejloehb6qg67ky"}
{"type":"operationEnd","operationId":"yejloehb6qg67ky","timestamp":1681193804248,"id":"rllqbw0ujwkfgey","previousEventId":"7mygum5gkbwugx5","previousOperationId":"yejloehb6qg67ky"}
{"type":"operationStart","subtype":"recipe","name":"chrome-pdf","timestamp":1681193804248,"id":"q4xvt6fu13j5hos","previousEventId":"rllqbw0ujwkfgey","operationId":"5n5w6y94rv1r310","previousOperationId":"yejloehb6qg67ky"}
{"type":"log","timestamp":1681193804248,"level":"debug","message":"Executing recipe chrome-pdf","meta":{"rootId":"xf4o5y02dphy16y","id":"xf4o5y02dphy16y"},"id":"rocxaedocqkzahl","previousOperationId":"5n5w6y94rv1r310"}
{"type":"log","timestamp":1681193804256,"level":"debug","message":"Converting with chrome HeadlessChrome/105.0.5173.0 using chrome-pool strategy","meta":{"rootId":"xf4o5y02dphy16y","id":"xf4o5y02dphy16y"},"id":"zavllw07uotw79j","previousOperationId":"5n5w6y94rv1r310"}
{"type":"log","timestamp":1681193805027,"level":"debug","message":"Page request: GET (document) file:///C:/Users/puran/AppData/Local/Temp/jsreport/autocleanup/554bc471-1e09-4a30-b429-5b6ac67cca6c-chrome-pdf.html","meta":{"rootId":"xf4o5y02dphy16y","id":"xf4o5y02dphy16y"},"id":"kfhma2vpd52f6ac","previousOperationId":"5n5w6y94rv1r310"}
{"type":"log","timestamp":1681193805045,"level":"debug","message":"Page request finished: GET (document) 200 file:///C:/Users/puran/AppData/Local/Temp/jsreport/autocleanup/554bc471-1e09-4a30-b429-5b6ac67cca6c-chrome-pdf.html","meta":{"rootId":"xf4o5y02dphy16y","id":"xf4o5y02dphy16y"},"id":"pn182c5qbsr9z6h","previousOperationId":"5n5w6y94rv1r310"}
{"type":"log","timestamp":1681193805072,"level":"debug","message":"Running chrome with params {\"printBackground\":true,\"timeout\":59945,\"margin\":{}}","meta":{"rootId":"xf4o5y02dphy16y","id":"xf4o5y02dphy16y"},"id":"kodzuwdqcj89yt9","previousOperationId":"5n5w6y94rv1r310"}
{"type":"operationEnd","operationId":"5n5w6y94rv1r310","timestamp":1681193805146,"id":"u2yfvnr7ovkg25o","previousEventId":"q4xvt6fu13j5hos","previousOperationId":"5n5w6y94rv1r310"}
{"type":"log","timestamp":1681193805146,"level":"debug","message":"Skipping storing report.","meta":{"rootId":"xf4o5y02dphy16y","id":"xf4o5y02dphy16y"},"id":"acb7veykofh1e61","previousOperationId":"5n5w6y94rv1r310"}
{"type":"log","timestamp":1681193805146,"level":"info","message":"Rendering request 15 finished in 950 ms","meta":{"rootId":"xf4o5y02dphy16y","id":"xf4o5y02dphy16y"},"id":"55ck0kzk0zwihbi","previousOperationId":"5n5w6y94rv1r310"}
{"type":"operationEnd","subtype":"render","operationId":"34onguryeftf9h3","timestamp":1681193805146,"id":"yf9r86b2leomiv2","previousEventId":"u2yfvnr7ovkg25o","previousOperationId":"5n5w6y94rv1r310"}
{"type":"operationEnd","doDiffs":false,"previousEventId":"oato4mfd3wstdh5","previousOperationId":"dewl2bk839cbjdh","operationId":"dewl2bk839cbjdh","timestamp":1681193805151,"id":"41aer17qu2ln9jv"}
