{"type":"operationStart","subtype":"profile","data":{"_id":"q4X8MArqUTq06CJw","timestamp":"2023-04-11T06:36:57.393Z","state":"queued","mode":"standard","timeout":60000,"creationDate":"2023-04-11T06:36:57.395Z","modificationDate":"2023-04-11T06:36:57.395Z","shortid":"fQBhMgh","$entitySet":"profiles"},"doDiffs":false,"timestamp":1681195017394,"id":"nes3el86tmomjh3","previousOperationId":null,"operationId":"xbs3g6wav92npw6"}
{"type":"log","level":"info","message":"Render request 28 queued for execution and waiting for available worker","previousOperationId":"xbs3g6wav92npw6","timestamp":1681195017394,"id":"vs0jzlj7gi2fim1"}
{"type":"operationStart","subtype":"render","name":"BOSCH.html","previousOperationId":"xbs3g6wav92npw6","timestamp":1681195017411,"id":"4zuuqb9sv1ynk5n","previousEventId":"nes3el86tmomjh3","operationId":"fnt2bfepnpjkfdo"}
{"type":"log","timestamp":1681195017411,"level":"info","message":"Starting rendering request 28","meta":{"rootId":"za1v8rk8tzvpd3t","id":"za1v8rk8tzvpd3t"},"id":"n8urm9h4rvmsu71","previousOperationId":"fnt2bfepnpjkfdo"}
{"type":"log","timestamp":1681195017411,"level":"info","message":"Rendering template { name: BOSCH.html, recipe: chrome-pdf, engine: handlebars, preview: true }","meta":{"rootId":"za1v8rk8tzvpd3t","id":"za1v8rk8tzvpd3t"},"id":"cyp9sxxg2fogdj4","previousOperationId":"fnt2bfepnpjkfdo"}
{"type":"log","timestamp":1681195017412,"level":"debug","message":"Data item not defined for this template.","meta":{"rootId":"za1v8rk8tzvpd3t","id":"za1v8rk8tzvpd3t"},"id":"m32f9tuki782wdw","previousOperationId":"fnt2bfepnpjkfdo"}
{"type":"log","timestamp":1681195017424,"level":"debug","message":"Base url not specified, skipping its injection.","meta":{"rootId":"za1v8rk8tzvpd3t","id":"za1v8rk8tzvpd3t"},"id":"nliio7op2l7zmnz","previousOperationId":"fnt2bfepnpjkfdo"}
{"type":"operationStart","subtype":"engine","name":"handlebars","timestamp":1681195017424,"id":"dzn5igj8amz4m23","previousEventId":"4zuuqb9sv1ynk5n","operationId":"wlvh6re0nh2k5ef","previousOperationId":"fnt2bfepnpjkfdo"}
{"type":"log","timestamp":1681195017424,"level":"debug","message":"Rendering engine handlebars","meta":{"rootId":"za1v8rk8tzvpd3t","id":"za1v8rk8tzvpd3t"},"id":"ge8vxt0t1p0l3i3","previousOperationId":"wlvh6re0nh2k5ef"}
{"type":"operationEnd","operationId":"wlvh6re0nh2k5ef","timestamp":1681195017465,"id":"yptp0blob4nodcq","previousEventId":"dzn5igj8amz4m23","previousOperationId":"wlvh6re0nh2k5ef"}
{"type":"operationStart","subtype":"recipe","name":"chrome-pdf","timestamp":1681195017467,"id":"3xo0zpmlswgjhou","previousEventId":"yptp0blob4nodcq","operationId":"xkaburfbr42a1zb","previousOperationId":"wlvh6re0nh2k5ef"}
{"type":"log","timestamp":1681195017468,"level":"debug","message":"Executing recipe chrome-pdf","meta":{"rootId":"za1v8rk8tzvpd3t","id":"za1v8rk8tzvpd3t"},"id":"l6kn485tyhso2fw","previousOperationId":"xkaburfbr42a1zb"}
{"type":"log","timestamp":1681195017475,"level":"debug","message":"Converting with chrome HeadlessChrome/105.0.5173.0 using chrome-pool strategy","meta":{"rootId":"za1v8rk8tzvpd3t","id":"za1v8rk8tzvpd3t"},"id":"xiga1rq2nol8h0s","previousOperationId":"xkaburfbr42a1zb"}
{"type":"log","timestamp":1681195017639,"level":"debug","message":"Page request: GET (document) file:///C:/Users/puran/AppData/Local/Temp/jsreport/autocleanup/a23f56ef-1905-4067-b3b5-455f0fa9677b-chrome-pdf.html","meta":{"rootId":"za1v8rk8tzvpd3t","id":"za1v8rk8tzvpd3t"},"id":"0bhpuoyczc6lwxw","previousOperationId":"xkaburfbr42a1zb"}
{"type":"log","timestamp":1681195017663,"level":"debug","message":"Page request finished: GET (document) 200 file:///C:/Users/puran/AppData/Local/Temp/jsreport/autocleanup/a23f56ef-1905-4067-b3b5-455f0fa9677b-chrome-pdf.html","meta":{"rootId":"za1v8rk8tzvpd3t","id":"za1v8rk8tzvpd3t"},"id":"d9brivwxa4k6b4x","previousOperationId":"xkaburfbr42a1zb"}
{"type":"log","timestamp":1681195017663,"level":"debug","message":"Page request: GET (image) file:///C:/Users/puran/AppData/Local/Temp/jsreport/autocleanup/logo.png","meta":{"rootId":"za1v8rk8tzvpd3t","id":"za1v8rk8tzvpd3t"},"id":"lz7whnr8ykkm8pr","previousOperationId":"xkaburfbr42a1zb"}
{"type":"log","timestamp":1681195017737,"level":"warn","message":"Page request failed: GET (image) file:///C:/Users/puran/AppData/Local/Temp/jsreport/autocleanup/logo.png, failure: net::ERR_FILE_NOT_FOUND","meta":{"rootId":"za1v8rk8tzvpd3t","id":"za1v8rk8tzvpd3t"},"id":"p1n3hklmirzn0n3","previousOperationId":"xkaburfbr42a1zb"}
{"type":"log","timestamp":1681195017738,"level":"debug","message":"(console:error) Failed to load resource: net::ERR_FILE_NOT_FOUND","meta":{"userLevel":true,"rootId":"za1v8rk8tzvpd3t","id":"za1v8rk8tzvpd3t"},"id":"lkpyshyykw9lwvb","previousOperationId":"xkaburfbr42a1zb"}
{"type":"log","timestamp":1681195017744,"level":"debug","message":"Running chrome with params {\"printBackground\":true,\"timeout\":59920,\"margin\":{}}","meta":{"rootId":"za1v8rk8tzvpd3t","id":"za1v8rk8tzvpd3t"},"id":"oc3mkszsz8q5s1w","previousOperationId":"xkaburfbr42a1zb"}
{"type":"operationEnd","operationId":"xkaburfbr42a1zb","timestamp":1681195017856,"id":"y9hmvoko2xcxgip","previousEventId":"3xo0zpmlswgjhou","previousOperationId":"xkaburfbr42a1zb"}
{"type":"log","timestamp":1681195017857,"level":"debug","message":"Skipping storing report.","meta":{"rootId":"za1v8rk8tzvpd3t","id":"za1v8rk8tzvpd3t"},"id":"g1j5qc3kvrg2icd","previousOperationId":"xkaburfbr42a1zb"}
{"type":"log","timestamp":1681195017857,"level":"info","message":"Rendering request 28 finished in 464 ms","meta":{"rootId":"za1v8rk8tzvpd3t","id":"za1v8rk8tzvpd3t"},"id":"kvb6dmamb3mt39s","previousOperationId":"xkaburfbr42a1zb"}
{"type":"operationEnd","subtype":"render","operationId":"fnt2bfepnpjkfdo","timestamp":1681195017857,"id":"07smzyt8xa7du6b","previousEventId":"y9hmvoko2xcxgip","previousOperationId":"xkaburfbr42a1zb"}
{"type":"operationEnd","doDiffs":false,"previousEventId":"nes3el86tmomjh3","previousOperationId":"xbs3g6wav92npw6","operationId":"xbs3g6wav92npw6","timestamp":1681195017861,"id":"37u69tr03ldrpch"}
