2023-04-11T04:12:23.046Z - error: Error occurred during reporter init: Error: Error when loading extension pug@3.1.0
Error: Extension "pug" is not compatible with "core" extension. Missing ".requires" information in "pug" definition
    at validateMinimalVersion (D:\BOSCH\BOSCH-Field-Return--master\jsreportapp\node_modules\@jsreport\jsreport-core\lib\main\extensions\validateMinimalVersion.js:24:11)
    at Object._useOne (D:\BOSCH\BOSCH-Field-Return--master\jsreportapp\node_modules\@jsreport\jsreport-core\lib\main\extensions\extensionsManager.js:158:9)
    at Object._useMany (D:\BOSCH\BOSCH-Field-Return--master\jsreportapp\node_modules\@jsreport\jsreport-core\lib\main\extensions\extensionsManager.js:99:38)
    at Object.init (D:\BOSCH\BOSCH-Field-Return--master\jsreportapp\node_modules\@jsreport\jsreport-core\lib\main\extensions\extensionsManager.js:74:19)
    at MainReporter.init (D:\BOSCH\BOSCH-Field-Return--master\jsreportapp\node_modules\@jsreport\jsreport-core\lib\main\reporter.js:216:36)
    at async executeCommand (D:\BOSCH\BOSCH-Field-Return--master\jsreportapp\node_modules\@jsreport\jsreport-cli\lib\commander\executeCommand.js:22:20)
    at async Object.handler (D:\BOSCH\BOSCH-Field-Return--master\jsreportapp\node_modules\@jsreport\jsreport-cli\lib\commander\registerCommand.js:76:9)
    at async parseCLI (D:\BOSCH\BOSCH-Field-Return--master\jsreportapp\node_modules\@jsreport\jsreport-cli\lib\commander\startCommand.js:156:3)
    at async startCLI (D:\BOSCH\BOSCH-Field-Return--master\jsreportapp\node_modules\@jsreport\jsreport-cli\lib\commander\startCommand.js:121:20)
    at async startCommand (D:\BOSCH\BOSCH-Field-Return--master\jsreportapp\node_modules\@jsreport\jsreport-cli\lib\commander\startCommand.js:67:5)
    at Object._useOne (D:\BOSCH\BOSCH-Field-Return--master\jsreportapp\node_modules\@jsreport\jsreport-core\lib\main\extensions\extensionsManager.js:248:15)
    at Object._useMany (D:\BOSCH\BOSCH-Field-Return--master\jsreportapp\node_modules\@jsreport\jsreport-core\lib\main\extensions\extensionsManager.js:99:38)
    at Object.init (D:\BOSCH\BOSCH-Field-Return--master\jsreportapp\node_modules\@jsreport\jsreport-core\lib\main\extensions\extensionsManager.js:74:19)
    at MainReporter.init (D:\BOSCH\BOSCH-Field-Return--master\jsreportapp\node_modules\@jsreport\jsreport-core\lib\main\reporter.js:216:36)
    at async executeCommand (D:\BOSCH\BOSCH-Field-Return--master\jsreportapp\node_modules\@jsreport\jsreport-cli\lib\commander\executeCommand.js:22:20)
    at async Object.handler (D:\BOSCH\BOSCH-Field-Return--master\jsreportapp\node_modules\@jsreport\jsreport-cli\lib\commander\registerCommand.js:76:9)
    at async parseCLI (D:\BOSCH\BOSCH-Field-Return--master\jsreportapp\node_modules\@jsreport\jsreport-cli\lib\commander\startCommand.js:156:3)
    at async startCLI (D:\BOSCH\BOSCH-Field-Return--master\jsreportapp\node_modules\@jsreport\jsreport-cli\lib\commander\startCommand.js:121:20)
    at async startCommand (D:\BOSCH\BOSCH-Field-Return--master\jsreportapp\node_modules\@jsreport\jsreport-cli\lib\commander\startCommand.js:67:5)
    at async startProcessing (D:\BOSCH\BOSCH-Field-Return--master\jsreportapp\node_modules\@jsreport\jsreport-cli\lib\commander\startProcessing.js:195:3)
2023-04-11T05:15:50.202Z - error: Error occurred during reporter init: Error: Error when loading extension pug@3.1.0
Error: Extension "pug" is not compatible with "core" extension. Missing ".requires" information in "pug" definition
    at validateMinimalVersion (D:\BOSCH\BOSCH-Field-Return--master\jsreportapp\node_modules\@jsreport\jsreport-core\lib\main\extensions\validateMinimalVersion.js:24:11)
    at Object._useOne (D:\BOSCH\BOSCH-Field-Return--master\jsreportapp\node_modules\@jsreport\jsreport-core\lib\main\extensions\extensionsManager.js:158:9)
    at Object._useMany (D:\BOSCH\BOSCH-Field-Return--master\jsreportapp\node_modules\@jsreport\jsreport-core\lib\main\extensions\extensionsManager.js:99:38)
    at Object.init (D:\BOSCH\BOSCH-Field-Return--master\jsreportapp\node_modules\@jsreport\jsreport-core\lib\main\extensions\extensionsManager.js:74:19)
    at MainReporter.init (D:\BOSCH\BOSCH-Field-Return--master\jsreportapp\node_modules\@jsreport\jsreport-core\lib\main\reporter.js:216:36)
    at async executeCommand (D:\BOSCH\BOSCH-Field-Return--master\jsreportapp\node_modules\@jsreport\jsreport-cli\lib\commander\executeCommand.js:22:20)
    at async Object.handler (D:\BOSCH\BOSCH-Field-Return--master\jsreportapp\node_modules\@jsreport\jsreport-cli\lib\commander\registerCommand.js:76:9)
    at async parseCLI (D:\BOSCH\BOSCH-Field-Return--master\jsreportapp\node_modules\@jsreport\jsreport-cli\lib\commander\startCommand.js:156:3)
    at async startCLI (D:\BOSCH\BOSCH-Field-Return--master\jsreportapp\node_modules\@jsreport\jsreport-cli\lib\commander\startCommand.js:121:20)
    at async startCommand (D:\BOSCH\BOSCH-Field-Return--master\jsreportapp\node_modules\@jsreport\jsreport-cli\lib\commander\startCommand.js:67:5)
    at Object._useOne (D:\BOSCH\BOSCH-Field-Return--master\jsreportapp\node_modules\@jsreport\jsreport-core\lib\main\extensions\extensionsManager.js:248:15)
    at Object._useMany (D:\BOSCH\BOSCH-Field-Return--master\jsreportapp\node_modules\@jsreport\jsreport-core\lib\main\extensions\extensionsManager.js:99:38)
    at Object.init (D:\BOSCH\BOSCH-Field-Return--master\jsreportapp\node_modules\@jsreport\jsreport-core\lib\main\extensions\extensionsManager.js:74:19)
    at MainReporter.init (D:\BOSCH\BOSCH-Field-Return--master\jsreportapp\node_modules\@jsreport\jsreport-core\lib\main\reporter.js:216:36)
    at async executeCommand (D:\BOSCH\BOSCH-Field-Return--master\jsreportapp\node_modules\@jsreport\jsreport-cli\lib\commander\executeCommand.js:22:20)
    at async Object.handler (D:\BOSCH\BOSCH-Field-Return--master\jsreportapp\node_modules\@jsreport\jsreport-cli\lib\commander\registerCommand.js:76:9)
    at async parseCLI (D:\BOSCH\BOSCH-Field-Return--master\jsreportapp\node_modules\@jsreport\jsreport-cli\lib\commander\startCommand.js:156:3)
    at async startCLI (D:\BOSCH\BOSCH-Field-Return--master\jsreportapp\node_modules\@jsreport\jsreport-cli\lib\commander\startCommand.js:121:20)
    at async startCommand (D:\BOSCH\BOSCH-Field-Return--master\jsreportapp\node_modules\@jsreport\jsreport-cli\lib\commander\startCommand.js:67:5)
    at async startProcessing (D:\BOSCH\BOSCH-Field-Return--master\jsreportapp\node_modules\@jsreport\jsreport-cli\lib\commander\startProcessing.js:195:3)
2023-04-11T05:19:53.661Z - error: Error occurred during reporter init: Error: Error when loading extension pug@3.1.0
Error: Extension "pug" is not compatible with "core" extension. Missing ".requires" information in "pug" definition
    at validateMinimalVersion (D:\BOSCH\BOSCH-Field-Return--master\jsreportapp\node_modules\@jsreport\jsreport-core\lib\main\extensions\validateMinimalVersion.js:24:11)
    at Object._useOne (D:\BOSCH\BOSCH-Field-Return--master\jsreportapp\node_modules\@jsreport\jsreport-core\lib\main\extensions\extensionsManager.js:158:9)
    at Object._useMany (D:\BOSCH\BOSCH-Field-Return--master\jsreportapp\node_modules\@jsreport\jsreport-core\lib\main\extensions\extensionsManager.js:99:38)
    at Object.init (D:\BOSCH\BOSCH-Field-Return--master\jsreportapp\node_modules\@jsreport\jsreport-core\lib\main\extensions\extensionsManager.js:74:19)
    at MainReporter.init (D:\BOSCH\BOSCH-Field-Return--master\jsreportapp\node_modules\@jsreport\jsreport-core\lib\main\reporter.js:216:36)
    at async executeCommand (D:\BOSCH\BOSCH-Field-Return--master\jsreportapp\node_modules\@jsreport\jsreport-cli\lib\commander\executeCommand.js:22:20)
    at async Object.handler (D:\BOSCH\BOSCH-Field-Return--master\jsreportapp\node_modules\@jsreport\jsreport-cli\lib\commander\registerCommand.js:76:9)
    at async parseCLI (D:\BOSCH\BOSCH-Field-Return--master\jsreportapp\node_modules\@jsreport\jsreport-cli\lib\commander\startCommand.js:156:3)
    at async startCLI (D:\BOSCH\BOSCH-Field-Return--master\jsreportapp\node_modules\@jsreport\jsreport-cli\lib\commander\startCommand.js:121:20)
    at async startCommand (D:\BOSCH\BOSCH-Field-Return--master\jsreportapp\node_modules\@jsreport\jsreport-cli\lib\commander\startCommand.js:67:5)
    at Object._useOne (D:\BOSCH\BOSCH-Field-Return--master\jsreportapp\node_modules\@jsreport\jsreport-core\lib\main\extensions\extensionsManager.js:248:15)
    at Object._useMany (D:\BOSCH\BOSCH-Field-Return--master\jsreportapp\node_modules\@jsreport\jsreport-core\lib\main\extensions\extensionsManager.js:99:38)
    at Object.init (D:\BOSCH\BOSCH-Field-Return--master\jsreportapp\node_modules\@jsreport\jsreport-core\lib\main\extensions\extensionsManager.js:74:19)
    at MainReporter.init (D:\BOSCH\BOSCH-Field-Return--master\jsreportapp\node_modules\@jsreport\jsreport-core\lib\main\reporter.js:216:36)
    at async executeCommand (D:\BOSCH\BOSCH-Field-Return--master\jsreportapp\node_modules\@jsreport\jsreport-cli\lib\commander\executeCommand.js:22:20)
    at async Object.handler (D:\BOSCH\BOSCH-Field-Return--master\jsreportapp\node_modules\@jsreport\jsreport-cli\lib\commander\registerCommand.js:76:9)
    at async parseCLI (D:\BOSCH\BOSCH-Field-Return--master\jsreportapp\node_modules\@jsreport\jsreport-cli\lib\commander\startCommand.js:156:3)
    at async startCLI (D:\BOSCH\BOSCH-Field-Return--master\jsreportapp\node_modules\@jsreport\jsreport-cli\lib\commander\startCommand.js:121:20)
    at async startCommand (D:\BOSCH\BOSCH-Field-Return--master\jsreportapp\node_modules\@jsreport\jsreport-cli\lib\commander\startCommand.js:67:5)
    at async startProcessing (D:\BOSCH\BOSCH-Field-Return--master\jsreportapp\node_modules\@jsreport\jsreport-cli\lib\commander\startProcessing.js:195:3)
